{"D:\\src\\patternlab-node\\core\\lib\\object_factory.js":{"path":"D:\\src\\patternlab-node\\core\\lib\\object_factory.js","statementMap":{"1":{"start":{"line":2,"column":23},"end":{"line":2,"column":51}},"2":{"start":{"line":3,"column":13},"end":{"line":3,"column":28}},"3":{"start":{"line":4,"column":15},"end":{"line":4,"column":38}},"4":{"start":{"line":9,"column":29},"end":{"line":9,"column":41}},"5":{"start":{"line":16,"column":16},"end":{"line":98,"column":1}},"6":{"start":{"line":24,"column":18},"end":{"line":24,"column":53}},"7":{"start":{"line":25,"column":2},"end":{"line":25,"column":41}},"8":{"start":{"line":26,"column":2},"end":{"line":26,"column":31}},"9":{"start":{"line":27,"column":2},"end":{"line":27,"column":28}},"10":{"start":{"line":28,"column":2},"end":{"line":28,"column":35}},"11":{"start":{"line":31,"column":2},"end":{"line":31,"column":89}},"12":{"start":{"line":34,"column":2},"end":{"line":34,"column":33}},"13":{"start":{"line":37,"column":2},"end":{"line":37,"column":91}},"14":{"start":{"line":40,"column":2},"end":{"line":42,"column":16}},"15":{"start":{"line":41,"column":4},"end":{"line":41,"column":113}},"16":{"start":{"line":45,"column":2},"end":{"line":45,"column":87}},"17":{"start":{"line":48,"column":2},"end":{"line":48,"column":52}},"18":{"start":{"line":51,"column":2},"end":{"line":51,"column":86}},"19":{"start":{"line":54,"column":2},"end":{"line":54,"column":51}},"20":{"start":{"line":57,"column":2},"end":{"line":57,"column":61}},"21":{"start":{"line":61,"column":2},"end":{"line":61,"column":85}},"22":{"start":{"line":65,"column":2},"end":{"line":65,"column":71}},"23":{"start":{"line":69,"column":2},"end":{"line":69,"column":58}},"24":{"start":{"line":71,"column":2},"end":{"line":71,"column":24}},"25":{"start":{"line":72,"column":2},"end":{"line":72,"column":66}},"26":{"start":{"line":73,"column":2},"end":{"line":73,"column":25}},"27":{"start":{"line":74,"column":2},"end":{"line":74,"column":21}},"28":{"start":{"line":75,"column":2},"end":{"line":75,"column":31}},"29":{"start":{"line":76,"column":2},"end":{"line":76,"column":20}},"30":{"start":{"line":77,"column":2},"end":{"line":77,"column":25}},"31":{"start":{"line":78,"column":2},"end":{"line":78,"column":21}},"32":{"start":{"line":79,"column":2},"end":{"line":79,"column":26}},"33":{"start":{"line":80,"column":2},"end":{"line":80,"column":31}},"34":{"start":{"line":81,"column":2},"end":{"line":81,"column":39}},"35":{"start":{"line":82,"column":2},"end":{"line":82,"column":57}},"36":{"start":{"line":88,"column":2},"end":{"line":88,"column":27}},"37":{"start":{"line":96,"column":2},"end":{"line":96,"column":27}},"38":{"start":{"line":102,"column":0},"end":{"line":159,"column":2}},"39":{"start":{"line":107,"column":4},"end":{"line":109,"column":5}},"40":{"start":{"line":108,"column":6},"end":{"line":108,"column":82}},"41":{"start":{"line":110,"column":4},"end":{"line":110,"column":16}},"42":{"start":{"line":114,"column":4},"end":{"line":116,"column":5}},"43":{"start":{"line":115,"column":6},"end":{"line":115,"column":40}},"44":{"start":{"line":124,"column":25},"end":{"line":124,"column":61}},"45":{"start":{"line":125,"column":19},"end":{"line":125,"column":80}},"46":{"start":{"line":127,"column":4},"end":{"line":129,"column":5}},"47":{"start":{"line":128,"column":6},"end":{"line":128,"column":76}},"48":{"start":{"line":131,"column":4},"end":{"line":133,"column":5}},"49":{"start":{"line":132,"column":6},"end":{"line":132,"column":68}},"50":{"start":{"line":135,"column":4},"end":{"line":135,"column":63}},"51":{"start":{"line":141,"column":4},"end":{"line":141,"column":42}},"52":{"start":{"line":145,"column":4},"end":{"line":145,"column":60}},"53":{"start":{"line":149,"column":4},"end":{"line":149,"column":63}},"54":{"start":{"line":153,"column":4},"end":{"line":153,"column":43}},"55":{"start":{"line":157,"column":4},"end":{"line":157,"column":50}},"56":{"start":{"line":165,"column":0},"end":{"line":177,"column":2}},"57":{"start":{"line":166,"column":16},"end":{"line":166,"column":18}},"58":{"start":{"line":167,"column":2},"end":{"line":173,"column":3}},"59":{"start":{"line":168,"column":4},"end":{"line":172,"column":5}},"60":{"start":{"line":169,"column":6},"end":{"line":169,"column":36}},"61":{"start":{"line":170,"column":11},"end":{"line":172,"column":5}},"62":{"start":{"line":171,"column":6},"end":{"line":171,"column":69}},"63":{"start":{"line":175,"column":18},"end":{"line":175,"column":56}},"64":{"start":{"line":176,"column":2},"end":{"line":176,"column":38}},"65":{"start":{"line":182,"column":0},"end":{"line":185,"column":2}},"66":{"start":{"line":183,"column":21},"end":{"line":183,"column":73}},"67":{"start":{"line":184,"column":2},"end":{"line":184,"column":41}},"68":{"start":{"line":187,"column":21},"end":{"line":191,"column":1}},"69":{"start":{"line":193,"column":0},"end":{"line":196,"column":2}}},"fnMap":{"1":{"name":"(anonymous_1)","decl":{"start":{"line":16,"column":16},"end":{"line":16,"column":17}},"loc":{"start":{"line":16,"column":53},"end":{"line":98,"column":1}}},"2":{"name":"(anonymous_2)","decl":{"start":{"line":40,"column":60},"end":{"line":40,"column":61}},"loc":{"start":{"line":40,"column":84},"end":{"line":42,"column":3}}},"3":{"name":"(anonymous_3)","decl":{"start":{"line":106,"column":10},"end":{"line":106,"column":11}},"loc":{"start":{"line":106,"column":36},"end":{"line":111,"column":3}}},"4":{"name":"(anonymous_4)","decl":{"start":{"line":113,"column":19},"end":{"line":113,"column":20}},"loc":{"start":{"line":113,"column":31},"end":{"line":117,"column":3}}},"5":{"name":"(anonymous_5)","decl":{"start":{"line":122,"column":18},"end":{"line":122,"column":19}},"loc":{"start":{"line":122,"column":73},"end":{"line":136,"column":3}}},"6":{"name":"(anonymous_6)","decl":{"start":{"line":140,"column":16},"end":{"line":140,"column":17}},"loc":{"start":{"line":140,"column":28},"end":{"line":142,"column":3}}},"7":{"name":"(anonymous_7)","decl":{"start":{"line":144,"column":34},"end":{"line":144,"column":35}},"loc":{"start":{"line":144,"column":46},"end":{"line":146,"column":3}}},"8":{"name":"(anonymous_8)","decl":{"start":{"line":148,"column":37},"end":{"line":148,"column":38}},"loc":{"start":{"line":148,"column":49},"end":{"line":150,"column":3}}},"9":{"name":"(anonymous_9)","decl":{"start":{"line":152,"column":17},"end":{"line":152,"column":18}},"loc":{"start":{"line":152,"column":29},"end":{"line":154,"column":3}}},"10":{"name":"(anonymous_10)","decl":{"start":{"line":156,"column":15},"end":{"line":156,"column":16}},"loc":{"start":{"line":156,"column":40},"end":{"line":158,"column":3}}},"11":{"name":"(anonymous_11)","decl":{"start":{"line":165,"column":22},"end":{"line":165,"column":23}},"loc":{"start":{"line":165,"column":57},"end":{"line":177,"column":1}}},"12":{"name":"(anonymous_12)","decl":{"start":{"line":182,"column":17},"end":{"line":182,"column":18}},"loc":{"start":{"line":182,"column":67},"end":{"line":185,"column":1}}}},"branchMap":{"1":{"loc":{"start":{"line":34,"column":22},"end":{"line":34,"column":32}},"type":"binary-expr","locations":[{"start":{"line":34,"column":22},"end":{"line":34,"column":26}},{"start":{"line":34,"column":30},"end":{"line":34,"column":32}}]},"2":{"loc":{"start":{"line":61,"column":21},"end":{"line":61,"column":84}},"type":"cond-expr","locations":[{"start":{"line":61,"column":34},"end":{"line":61,"column":77}},{"start":{"line":61,"column":80},"end":{"line":61,"column":84}}]},"3":{"loc":{"start":{"line":107,"column":4},"end":{"line":109,"column":5}},"type":"if","locations":[{"start":{"line":107,"column":4},"end":{"line":109,"column":5}},{"start":{"line":107,"column":4},"end":{"line":109,"column":5}}]},"4":{"loc":{"start":{"line":108,"column":45},"end":{"line":108,"column":70}},"type":"binary-expr","locations":[{"start":{"line":108,"column":45},"end":{"line":108,"column":49}},{"start":{"line":108,"column":53},"end":{"line":108,"column":70}}]},"5":{"loc":{"start":{"line":114,"column":4},"end":{"line":116,"column":5}},"type":"if","locations":[{"start":{"line":114,"column":4},"end":{"line":116,"column":5}},{"start":{"line":114,"column":4},"end":{"line":116,"column":5}}]},"6":{"loc":{"start":{"line":114,"column":8},"end":{"line":114,"column":72}},"type":"binary-expr","locations":[{"start":{"line":114,"column":8},"end":{"line":114,"column":19}},{"start":{"line":114,"column":23},"end":{"line":114,"column":72}}]},"7":{"loc":{"start":{"line":125,"column":19},"end":{"line":125,"column":80}},"type":"cond-expr","locations":[{"start":{"line":125,"column":32},"end":{"line":125,"column":56}},{"start":{"line":125,"column":59},"end":{"line":125,"column":80}}]},"8":{"loc":{"start":{"line":127,"column":4},"end":{"line":129,"column":5}},"type":"if","locations":[{"start":{"line":127,"column":4},"end":{"line":129,"column":5}},{"start":{"line":127,"column":4},"end":{"line":129,"column":5}}]},"9":{"loc":{"start":{"line":131,"column":4},"end":{"line":133,"column":5}},"type":"if","locations":[{"start":{"line":131,"column":4},"end":{"line":133,"column":5}},{"start":{"line":131,"column":4},"end":{"line":133,"column":5}}]},"10":{"loc":{"start":{"line":167,"column":2},"end":{"line":173,"column":3}},"type":"if","locations":[{"start":{"line":167,"column":2},"end":{"line":173,"column":3}},{"start":{"line":167,"column":2},"end":{"line":173,"column":3}}]},"11":{"loc":{"start":{"line":168,"column":4},"end":{"line":172,"column":5}},"type":"if","locations":[{"start":{"line":168,"column":4},"end":{"line":172,"column":5}},{"start":{"line":168,"column":4},"end":{"line":172,"column":5}}]},"12":{"loc":{"start":{"line":170,"column":11},"end":{"line":172,"column":5}},"type":"if","locations":[{"start":{"line":170,"column":11},"end":{"line":172,"column":5}},{"start":{"line":170,"column":11},"end":{"line":172,"column":5}}]},"13":{"loc":{"start":{"line":170,"column":15},"end":{"line":170,"column":57}},"type":"binary-expr","locations":[{"start":{"line":170,"column":15},"end":{"line":170,"column":33}},{"start":{"line":170,"column":37},"end":{"line":170,"column":57}}]},"14":{"loc":{"start":{"line":183,"column":33},"end":{"line":183,"column":46}},"type":"binary-expr","locations":[{"start":{"line":183,"column":33},"end":{"line":183,"column":40}},{"start":{"line":183,"column":44},"end":{"line":183,"column":46}}]},"15":{"loc":{"start":{"line":183,"column":48},"end":{"line":183,"column":60}},"type":"binary-expr","locations":[{"start":{"line":183,"column":48},"end":{"line":183,"column":52}},{"start":{"line":183,"column":56},"end":{"line":183,"column":60}}]}},"s":{"1":1,"2":1,"3":1,"4":1,"5":1,"6":65,"7":65,"8":65,"9":65,"10":65,"11":65,"12":65,"13":65,"14":65,"15":66,"16":65,"17":65,"18":65,"19":65,"20":65,"21":65,"22":65,"23":65,"24":65,"25":65,"26":65,"27":65,"28":65,"29":65,"30":65,"31":65,"32":65,"33":65,"34":65,"35":65,"36":65,"37":65,"38":1,"39":0,"40":0,"41":0,"42":0,"43":0,"44":13,"45":13,"46":13,"47":0,"48":13,"49":0,"50":13,"51":0,"52":0,"53":0,"54":0,"55":0,"56":1,"57":15,"58":15,"59":15,"60":2,"61":13,"62":0,"63":15,"64":15,"65":1,"66":0,"67":0,"68":1,"69":1},"f":{"1":65,"2":66,"3":0,"4":0,"5":13,"6":0,"7":0,"8":0,"9":0,"10":0,"11":15,"12":0},"b":{"1":[65,65],"2":[13,52],"3":[0,0],"4":[0,0],"5":[0,0],"6":[0,0],"7":[13,0],"8":[0,13],"9":[0,13],"10":[15,0],"11":[2,13],"12":[0,13],"13":[13,0],"14":[0,0],"15":[0,0]},"hash":"e2ca66a3b1e7761fb9d2bb8700db976cbfd65e86"},"D:\\src\\patternlab-node\\core\\lib\\pattern_engines.js":{"path":"D:\\src\\patternlab-node\\core\\lib\\pattern_engines.js","statementMap":{"1":{"start":{"line":3,"column":13},"end":{"line":3,"column":28}},"2":{"start":{"line":4,"column":17},"end":{"line":4,"column":36}},"3":{"start":{"line":5,"column":14},"end":{"line":5,"column":30}},"4":{"start":{"line":6,"column":22},"end":{"line":6,"column":49}},"5":{"start":{"line":7,"column":27},"end":{"line":16,"column":1}},"6":{"start":{"line":21,"column":19},"end":{"line":21,"column":42}},"7":{"start":{"line":22,"column":22},"end":{"line":22,"column":51}},"8":{"start":{"line":24,"column":2},"end":{"line":24,"column":45}},"9":{"start":{"line":24,"column":21},"end":{"line":24,"column":43}},"10":{"start":{"line":25,"column":2},"end":{"line":25,"column":15}},"11":{"start":{"line":29,"column":23},"end":{"line":29,"column":25}},"12":{"start":{"line":31,"column":2},"end":{"line":43,"column":5}},"13":{"start":{"line":35,"column":4},"end":{"line":35,"column":27}},"14":{"start":{"line":35,"column":15},"end":{"line":35,"column":25}},"15":{"start":{"line":36,"column":28},"end":{"line":36,"column":52}},"16":{"start":{"line":37,"column":4},"end":{"line":42,"column":5}},"17":{"start":{"line":38,"column":6},"end":{"line":41,"column":9}},"18":{"start":{"line":45,"column":2},"end":{"line":45,"column":22}},"19":{"start":{"line":63,"column":23},"end":{"line":195,"column":2}},"20":{"start":{"line":66,"column":15},"end":{"line":66,"column":19}},"21":{"start":{"line":70,"column":4},"end":{"line":110,"column":7}},"22":{"start":{"line":71,"column":31},"end":{"line":71,"column":81}},"23":{"start":{"line":72,"column":6},"end":{"line":74,"column":7}},"24":{"start":{"line":73,"column":8},"end":{"line":73,"column":92}},"25":{"start":{"line":78,"column":6},"end":{"line":108,"column":9}},"26":{"start":{"line":80,"column":31},"end":{"line":80,"column":43}},"27":{"start":{"line":81,"column":8},"end":{"line":83,"column":9}},"28":{"start":{"line":82,"column":10},"end":{"line":82,"column":38}},"29":{"start":{"line":85,"column":8},"end":{"line":107,"column":9}},"30":{"start":{"line":90,"column":10},"end":{"line":92,"column":11}},"31":{"start":{"line":91,"column":12},"end":{"line":91,"column":57}},"32":{"start":{"line":93,"column":10},"end":{"line":93,"column":75}},"33":{"start":{"line":94,"column":10},"end":{"line":96,"column":11}},"34":{"start":{"line":95,"column":12},"end":{"line":95,"column":77}},"35":{"start":{"line":97,"column":10},"end":{"line":99,"column":11}},"36":{"start":{"line":98,"column":12},"end":{"line":98,"column":67}},"37":{"start":{"line":101,"column":10},"end":{"line":101,"column":37}},"38":{"start":{"line":104,"column":10},"end":{"line":106,"column":11}},"39":{"start":{"line":105,"column":12},"end":{"line":105,"column":111}},"40":{"start":{"line":109,"column":6},"end":{"line":109,"column":22}},"41":{"start":{"line":113,"column":4},"end":{"line":115,"column":5}},"42":{"start":{"line":114,"column":6},"end":{"line":114,"column":74}},"43":{"start":{"line":116,"column":4},"end":{"line":118,"column":5}},"44":{"start":{"line":117,"column":6},"end":{"line":117,"column":57}},"45":{"start":{"line":123,"column":15},"end":{"line":123,"column":42}},"46":{"start":{"line":124,"column":4},"end":{"line":141,"column":5}},"47":{"start":{"line":126,"column":26},"end":{"line":126,"column":43}},"48":{"start":{"line":127,"column":6},"end":{"line":140,"column":7}},"49":{"start":{"line":128,"column":23},"end":{"line":128,"column":43}},"50":{"start":{"line":130,"column":8},"end":{"line":139,"column":9}},"51":{"start":{"line":131,"column":10},"end":{"line":133,"column":11}},"52":{"start":{"line":132,"column":12},"end":{"line":132,"column":37}},"53":{"start":{"line":136,"column":10},"end":{"line":138,"column":11}},"54":{"start":{"line":137,"column":12},"end":{"line":137,"column":37}},"55":{"start":{"line":145,"column":4},"end":{"line":145,"column":22}},"56":{"start":{"line":149,"column":4},"end":{"line":154,"column":5}},"57":{"start":{"line":150,"column":6},"end":{"line":150,"column":59}},"58":{"start":{"line":152,"column":25},"end":{"line":152,"column":62}},"59":{"start":{"line":153,"column":6},"end":{"line":153,"column":30}},"60":{"start":{"line":159,"column":24},"end":{"line":159,"column":51}},"61":{"start":{"line":160,"column":33},"end":{"line":162,"column":6}},"62":{"start":{"line":161,"column":6},"end":{"line":161,"column":60}},"63":{"start":{"line":163,"column":4},"end":{"line":163,"column":53}},"64":{"start":{"line":167,"column":32},"end":{"line":167,"column":75}},"65":{"start":{"line":168,"column":4},"end":{"line":168,"column":67}},"66":{"start":{"line":174,"column":22},"end":{"line":174,"column":44}},"67":{"start":{"line":175,"column":4},"end":{"line":175,"column":65}},"68":{"start":{"line":184,"column":22},"end":{"line":184,"column":44}},"69":{"start":{"line":185,"column":4},"end":{"line":188,"column":5}},"70":{"start":{"line":187,"column":6},"end":{"line":187,"column":19}},"71":{"start":{"line":191,"column":43},"end":{"line":191,"column":86}},"72":{"start":{"line":192,"column":4},"end":{"line":193,"column":58}},"73":{"start":{"line":197,"column":0},"end":{"line":197,"column":32}}},"fnMap":{"1":{"name":"isEngineModule","decl":{"start":{"line":20,"column":9},"end":{"line":20,"column":23}},"loc":{"start":{"line":20,"column":34},"end":{"line":26,"column":1}}},"2":{"name":"findEngineModulesInDirectory","decl":{"start":{"line":28,"column":9},"end":{"line":28,"column":37}},"loc":{"start":{"line":28,"column":43},"end":{"line":46,"column":1}}},"3":{"name":"(anonymous_3)","decl":{"start":{"line":34,"column":5},"end":{"line":34,"column":6}},"loc":{"start":{"line":34,"column":30},"end":{"line":43,"column":3}}},"4":{"name":"(anonymous_4)","decl":{"start":{"line":65,"column":18},"end":{"line":65,"column":19}},"loc":{"start":{"line":65,"column":46},"end":{"line":119,"column":3}}},"5":{"name":"(anonymous_5)","decl":{"start":{"line":70,"column":31},"end":{"line":70,"column":32}},"loc":{"start":{"line":70,"column":58},"end":{"line":110,"column":5}}},"6":{"name":"(anonymous_6)","decl":{"start":{"line":78,"column":31},"end":{"line":78,"column":32}},"loc":{"start":{"line":78,"column":58},"end":{"line":108,"column":7}}},"7":{"name":"(anonymous_7)","decl":{"start":{"line":121,"column":27},"end":{"line":121,"column":28}},"loc":{"start":{"line":121,"column":46},"end":{"line":146,"column":3}}},"8":{"name":"(anonymous_8)","decl":{"start":{"line":148,"column":23},"end":{"line":148,"column":24}},"loc":{"start":{"line":148,"column":42},"end":{"line":155,"column":3}}},"9":{"name":"(anonymous_9)","decl":{"start":{"line":158,"column":30},"end":{"line":158,"column":31}},"loc":{"start":{"line":158,"column":42},"end":{"line":164,"column":3}}},"10":{"name":"(anonymous_10)","decl":{"start":{"line":160,"column":49},"end":{"line":160,"column":50}},"loc":{"start":{"line":160,"column":71},"end":{"line":162,"column":5}}},"11":{"name":"(anonymous_11)","decl":{"start":{"line":166,"column":28},"end":{"line":166,"column":29}},"loc":{"start":{"line":166,"column":53},"end":{"line":169,"column":3}}},"12":{"name":"(anonymous_12)","decl":{"start":{"line":173,"column":23},"end":{"line":173,"column":24}},"loc":{"start":{"line":173,"column":43},"end":{"line":176,"column":3}}},"13":{"name":"(anonymous_13)","decl":{"start":{"line":182,"column":17},"end":{"line":182,"column":18}},"loc":{"start":{"line":182,"column":37},"end":{"line":194,"column":3}}}},"branchMap":{"1":{"loc":{"start":{"line":24,"column":2},"end":{"line":24,"column":45}},"type":"if","locations":[{"start":{"line":24,"column":2},"end":{"line":24,"column":45}},{"start":{"line":24,"column":2},"end":{"line":24,"column":45}}]},"2":{"loc":{"start":{"line":35,"column":4},"end":{"line":35,"column":27}},"type":"if","locations":[{"start":{"line":35,"column":4},"end":{"line":35,"column":27}},{"start":{"line":35,"column":4},"end":{"line":35,"column":27}}]},"3":{"loc":{"start":{"line":37,"column":4},"end":{"line":42,"column":5}},"type":"if","locations":[{"start":{"line":37,"column":4},"end":{"line":42,"column":5}},{"start":{"line":37,"column":4},"end":{"line":42,"column":5}}]},"4":{"loc":{"start":{"line":72,"column":6},"end":{"line":74,"column":7}},"type":"if","locations":[{"start":{"line":72,"column":6},"end":{"line":74,"column":7}},{"start":{"line":72,"column":6},"end":{"line":74,"column":7}}]},"5":{"loc":{"start":{"line":81,"column":8},"end":{"line":83,"column":9}},"type":"if","locations":[{"start":{"line":81,"column":8},"end":{"line":83,"column":9}},{"start":{"line":81,"column":8},"end":{"line":83,"column":9}}]},"6":{"loc":{"start":{"line":90,"column":10},"end":{"line":92,"column":11}},"type":"if","locations":[{"start":{"line":90,"column":10},"end":{"line":92,"column":11}},{"start":{"line":90,"column":10},"end":{"line":92,"column":11}}]},"7":{"loc":{"start":{"line":94,"column":10},"end":{"line":96,"column":11}},"type":"if","locations":[{"start":{"line":94,"column":10},"end":{"line":96,"column":11}},{"start":{"line":94,"column":10},"end":{"line":96,"column":11}}]},"8":{"loc":{"start":{"line":97,"column":10},"end":{"line":99,"column":11}},"type":"if","locations":[{"start":{"line":97,"column":10},"end":{"line":99,"column":11}},{"start":{"line":97,"column":10},"end":{"line":99,"column":11}}]},"9":{"loc":{"start":{"line":104,"column":10},"end":{"line":106,"column":11}},"type":"if","locations":[{"start":{"line":104,"column":10},"end":{"line":106,"column":11}},{"start":{"line":104,"column":10},"end":{"line":106,"column":11}}]},"10":{"loc":{"start":{"line":105,"column":54},"end":{"line":105,"column":109}},"type":"cond-expr","locations":[{"start":{"line":105,"column":69},"end":{"line":105,"column":92}},{"start":{"line":105,"column":95},"end":{"line":105,"column":109}}]},"11":{"loc":{"start":{"line":113,"column":4},"end":{"line":115,"column":5}},"type":"if","locations":[{"start":{"line":113,"column":4},"end":{"line":115,"column":5}},{"start":{"line":113,"column":4},"end":{"line":115,"column":5}}]},"12":{"loc":{"start":{"line":116,"column":4},"end":{"line":118,"column":5}},"type":"if","locations":[{"start":{"line":116,"column":4},"end":{"line":118,"column":5}},{"start":{"line":116,"column":4},"end":{"line":118,"column":5}}]},"13":{"loc":{"start":{"line":124,"column":4},"end":{"line":141,"column":5}},"type":"if","locations":[{"start":{"line":124,"column":4},"end":{"line":141,"column":5}},{"start":{"line":124,"column":4},"end":{"line":141,"column":5}}]},"14":{"loc":{"start":{"line":124,"column":8},"end":{"line":124,"column":107}},"type":"binary-expr","locations":[{"start":{"line":124,"column":8},"end":{"line":124,"column":37}},{"start":{"line":124,"column":41},"end":{"line":124,"column":82}},{"start":{"line":124,"column":86},"end":{"line":124,"column":107}}]},"15":{"loc":{"start":{"line":130,"column":8},"end":{"line":139,"column":9}},"type":"if","locations":[{"start":{"line":130,"column":8},"end":{"line":139,"column":9}},{"start":{"line":130,"column":8},"end":{"line":139,"column":9}}]},"16":{"loc":{"start":{"line":131,"column":10},"end":{"line":133,"column":11}},"type":"if","locations":[{"start":{"line":131,"column":10},"end":{"line":133,"column":11}},{"start":{"line":131,"column":10},"end":{"line":133,"column":11}}]},"17":{"loc":{"start":{"line":136,"column":10},"end":{"line":138,"column":11}},"type":"if","locations":[{"start":{"line":136,"column":10},"end":{"line":138,"column":11}},{"start":{"line":136,"column":10},"end":{"line":138,"column":11}}]},"18":{"loc":{"start":{"line":149,"column":4},"end":{"line":154,"column":5}},"type":"if","locations":[{"start":{"line":149,"column":4},"end":{"line":154,"column":5}},{"start":{"line":149,"column":4},"end":{"line":154,"column":5}}]},"19":{"loc":{"start":{"line":175,"column":12},"end":{"line":175,"column":63}},"type":"binary-expr","locations":[{"start":{"line":175,"column":12},"end":{"line":175,"column":33}},{"start":{"line":175,"column":37},"end":{"line":175,"column":63}}]},"20":{"loc":{"start":{"line":185,"column":4},"end":{"line":188,"column":5}},"type":"if","locations":[{"start":{"line":185,"column":4},"end":{"line":188,"column":5}},{"start":{"line":185,"column":4},"end":{"line":188,"column":5}}]},"21":{"loc":{"start":{"line":185,"column":8},"end":{"line":186,"column":80}},"type":"binary-expr","locations":[{"start":{"line":185,"column":8},"end":{"line":185,"column":34}},{"start":{"line":186,"column":9},"end":{"line":186,"column":30}},{"start":{"line":186,"column":34},"end":{"line":186,"column":79}}]},"22":{"loc":{"start":{"line":192,"column":12},"end":{"line":193,"column":56}},"type":"binary-expr","locations":[{"start":{"line":192,"column":12},"end":{"line":192,"column":72}},{"start":{"line":193,"column":12},"end":{"line":193,"column":56}}]}},"s":{"1":1,"2":1,"3":1,"4":1,"5":1,"6":520,"7":520,"8":520,"9":6,"10":514,"11":2,"12":2,"13":520,"14":0,"15":520,"16":520,"17":6,"18":2,"19":1,"20":1,"21":1,"22":2,"23":2,"24":0,"25":2,"26":6,"27":6,"28":0,"29":6,"30":6,"31":2,"32":4,"33":2,"34":0,"35":2,"36":1,"37":4,"38":6,"39":0,"40":2,"41":1,"42":0,"43":1,"44":0,"45":65,"46":65,"47":52,"48":52,"49":104,"50":104,"51":52,"52":0,"53":52,"54":52,"55":13,"56":65,"57":0,"58":65,"59":65,"60":0,"61":0,"62":0,"63":0,"64":0,"65":0,"66":0,"67":0,"68":0,"69":0,"70":0,"71":0,"72":0,"73":1},"f":{"1":520,"2":2,"3":520,"4":1,"5":2,"6":6,"7":65,"8":65,"9":0,"10":0,"11":0,"12":0,"13":0},"b":{"1":[6,514],"2":[0,520],"3":[6,514],"4":[0,2],"5":[0,6],"6":[2,4],"7":[0,2],"8":[1,1],"9":[0,6],"10":[0,0],"11":[0,1],"12":[0,1],"13":[52,13],"14":[65,65,65],"15":[52,52],"16":[0,52],"17":[52,0],"18":[0,65],"19":[0,0],"20":[0,0],"21":[0,0,0],"22":[0,0]},"hash":"88fa534d39335f85db6b18eee921a3821a41dba5"},"D:\\src\\patternlab-node\\core\\lib\\ui_builder.js":{"path":"D:\\src\\patternlab-node\\core\\lib\\ui_builder.js","statementMap":{"1":{"start":{"line":3,"column":13},"end":{"line":3,"column":28}},"2":{"start":{"line":4,"column":17},"end":{"line":4,"column":39}},"3":{"start":{"line":5,"column":11},"end":{"line":5,"column":43}},"4":{"start":{"line":6,"column":11},"end":{"line":6,"column":38}},"5":{"start":{"line":7,"column":16},"end":{"line":7,"column":26}},"6":{"start":{"line":8,"column":16},"end":{"line":8,"column":38}},"7":{"start":{"line":9,"column":12},"end":{"line":9,"column":29}},"8":{"start":{"line":10,"column":10},"end":{"line":10,"column":27}},"9":{"start":{"line":13,"column":9},"end":{"line":13,"column":28}},"10":{"start":{"line":14,"column":24},"end":{"line":14,"column":56}},"11":{"start":{"line":16,"column":19},"end":{"line":703,"column":1}},"12":{"start":{"line":25,"column":4},"end":{"line":27,"column":5}},"13":{"start":{"line":26,"column":6},"end":{"line":26,"column":57}},"14":{"start":{"line":30,"column":4},"end":{"line":32,"column":5}},"15":{"start":{"line":31,"column":6},"end":{"line":31,"column":92}},"16":{"start":{"line":41,"column":4},"end":{"line":43,"column":5}},"17":{"start":{"line":42,"column":6},"end":{"line":42,"column":57}},"18":{"start":{"line":45,"column":4},"end":{"line":47,"column":5}},"19":{"start":{"line":46,"column":6},"end":{"line":46,"column":82}},"20":{"start":{"line":50,"column":4},"end":{"line":50,"column":128}},"21":{"start":{"line":53,"column":4},"end":{"line":55,"column":5}},"22":{"start":{"line":54,"column":6},"end":{"line":54,"column":78}},"23":{"start":{"line":68,"column":4},"end":{"line":68,"column":72}},"24":{"start":{"line":69,"column":4},"end":{"line":74,"column":5}},"25":{"start":{"line":70,"column":6},"end":{"line":72,"column":7}},"26":{"start":{"line":71,"column":8},"end":{"line":71,"column":125}},"27":{"start":{"line":73,"column":6},"end":{"line":73,"column":18}},"28":{"start":{"line":77,"column":4},"end":{"line":77,"column":76}},"29":{"start":{"line":78,"column":4},"end":{"line":84,"column":5}},"30":{"start":{"line":79,"column":6},"end":{"line":81,"column":7}},"31":{"start":{"line":80,"column":8},"end":{"line":80,"column":131}},"32":{"start":{"line":82,"column":6},"end":{"line":82,"column":42}},"33":{"start":{"line":83,"column":6},"end":{"line":83,"column":18}},"34":{"start":{"line":87,"column":4},"end":{"line":87,"column":98}},"35":{"start":{"line":88,"column":4},"end":{"line":93,"column":5}},"36":{"start":{"line":89,"column":6},"end":{"line":91,"column":7}},"37":{"start":{"line":90,"column":8},"end":{"line":90,"column":143}},"38":{"start":{"line":92,"column":6},"end":{"line":92,"column":18}},"39":{"start":{"line":96,"column":4},"end":{"line":96,"column":38}},"40":{"start":{"line":97,"column":4},"end":{"line":102,"column":5}},"41":{"start":{"line":98,"column":6},"end":{"line":100,"column":7}},"42":{"start":{"line":99,"column":8},"end":{"line":99,"column":116}},"43":{"start":{"line":101,"column":6},"end":{"line":101,"column":18}},"44":{"start":{"line":105,"column":4},"end":{"line":105,"column":21}},"45":{"start":{"line":117,"column":21},"end":{"line":117,"column":127}},"46":{"start":{"line":118,"column":4},"end":{"line":122,"column":5}},"47":{"start":{"line":119,"column":6},"end":{"line":119,"column":37}},"48":{"start":{"line":120,"column":6},"end":{"line":120,"column":50}},"49":{"start":{"line":121,"column":6},"end":{"line":121,"column":24}},"50":{"start":{"line":125,"column":4},"end":{"line":140,"column":6}},"51":{"start":{"line":141,"column":4},"end":{"line":141,"column":22}},"52":{"start":{"line":151,"column":4},"end":{"line":159,"column":6}},"53":{"start":{"line":169,"column":24},"end":{"line":169,"column":93}},"54":{"start":{"line":171,"column":4},"end":{"line":175,"column":5}},"55":{"start":{"line":172,"column":6},"end":{"line":172,"column":104}},"56":{"start":{"line":173,"column":6},"end":{"line":173,"column":22}},"57":{"start":{"line":174,"column":6},"end":{"line":174,"column":22}},"58":{"start":{"line":177,"column":4},"end":{"line":177,"column":23}},"59":{"start":{"line":187,"column":24},"end":{"line":187,"column":59}},"60":{"start":{"line":188,"column":27},"end":{"line":188,"column":107}},"61":{"start":{"line":190,"column":4},"end":{"line":194,"column":5}},"62":{"start":{"line":191,"column":6},"end":{"line":191,"column":133}},"63":{"start":{"line":192,"column":6},"end":{"line":192,"column":22}},"64":{"start":{"line":193,"column":6},"end":{"line":193,"column":22}},"65":{"start":{"line":196,"column":4},"end":{"line":196,"column":26}},"66":{"start":{"line":206,"column":23},"end":{"line":212,"column":5}},"67":{"start":{"line":213,"column":24},"end":{"line":213,"column":59}},"68":{"start":{"line":214,"column":24},"end":{"line":214,"column":99}},"69":{"start":{"line":215,"column":4},"end":{"line":215,"column":68}},"70":{"start":{"line":225,"column":22},"end":{"line":225,"column":24}},"71":{"start":{"line":226,"column":4},"end":{"line":230,"column":5}},"72":{"start":{"line":227,"column":6},"end":{"line":227,"column":136}},"73":{"start":{"line":229,"column":6},"end":{"line":229,"column":86}},"74":{"start":{"line":232,"column":4},"end":{"line":239,"column":6}},"75":{"start":{"line":252,"column":4},"end":{"line":264,"column":5}},"76":{"start":{"line":253,"column":6},"end":{"line":260,"column":8}},"77":{"start":{"line":263,"column":6},"end":{"line":263,"column":57}},"78":{"start":{"line":266,"column":27},"end":{"line":266,"column":65}},"79":{"start":{"line":267,"column":4},"end":{"line":267,"column":60}},"80":{"start":{"line":268,"column":4},"end":{"line":268,"column":105}},"81":{"start":{"line":277,"column":24},"end":{"line":277,"column":59}},"82":{"start":{"line":278,"column":4},"end":{"line":282,"column":5}},"83":{"start":{"line":279,"column":6},"end":{"line":279,"column":104}},"84":{"start":{"line":280,"column":6},"end":{"line":280,"column":22}},"85":{"start":{"line":281,"column":6},"end":{"line":281,"column":22}},"86":{"start":{"line":284,"column":4},"end":{"line":286,"column":5}},"87":{"start":{"line":285,"column":6},"end":{"line":285,"column":36}},"88":{"start":{"line":288,"column":4},"end":{"line":301,"column":5}},"89":{"start":{"line":289,"column":6},"end":{"line":297,"column":7}},"90":{"start":{"line":291,"column":8},"end":{"line":296,"column":11}},"91":{"start":{"line":300,"column":6},"end":{"line":300,"column":71}},"92":{"start":{"line":302,"column":4},"end":{"line":302,"column":85}},"93":{"start":{"line":319,"column":4},"end":{"line":363,"column":7}},"94":{"start":{"line":321,"column":19},"end":{"line":321,"column":40}},"95":{"start":{"line":322,"column":21},"end":{"line":322,"column":42}},"96":{"start":{"line":324,"column":6},"end":{"line":326,"column":7}},"97":{"start":{"line":325,"column":8},"end":{"line":325,"column":41}},"98":{"start":{"line":328,"column":6},"end":{"line":330,"column":7}},"99":{"start":{"line":329,"column":8},"end":{"line":329,"column":41}},"100":{"start":{"line":333,"column":6},"end":{"line":335,"column":7}},"101":{"start":{"line":334,"column":8},"end":{"line":334,"column":18}},"102":{"start":{"line":337,"column":6},"end":{"line":339,"column":7}},"103":{"start":{"line":338,"column":8},"end":{"line":338,"column":17}},"104":{"start":{"line":343,"column":6},"end":{"line":351,"column":7}},"105":{"start":{"line":345,"column":8},"end":{"line":347,"column":9}},"106":{"start":{"line":346,"column":10},"end":{"line":346,"column":19}},"107":{"start":{"line":348,"column":8},"end":{"line":350,"column":9}},"108":{"start":{"line":349,"column":10},"end":{"line":349,"column":20}},"109":{"start":{"line":354,"column":6},"end":{"line":361,"column":7}},"110":{"start":{"line":355,"column":8},"end":{"line":357,"column":9}},"111":{"start":{"line":356,"column":10},"end":{"line":356,"column":19}},"112":{"start":{"line":358,"column":8},"end":{"line":360,"column":9}},"113":{"start":{"line":359,"column":10},"end":{"line":359,"column":20}},"114":{"start":{"line":362,"column":6},"end":{"line":362,"column":15}},"115":{"start":{"line":372,"column":28},"end":{"line":374,"column":5}},"116":{"start":{"line":376,"column":4},"end":{"line":418,"column":7}},"117":{"start":{"line":379,"column":6},"end":{"line":379,"column":74}},"118":{"start":{"line":380,"column":6},"end":{"line":380,"column":49}},"119":{"start":{"line":380,"column":40},"end":{"line":380,"column":47}},"120":{"start":{"line":382,"column":6},"end":{"line":391,"column":7}},"121":{"start":{"line":384,"column":8},"end":{"line":384,"column":65}},"122":{"start":{"line":385,"column":8},"end":{"line":385,"column":41}},"123":{"start":{"line":386,"column":8},"end":{"line":386,"column":44}},"124":{"start":{"line":390,"column":8},"end":{"line":390,"column":50}},"125":{"start":{"line":394,"column":6},"end":{"line":416,"column":7}},"126":{"start":{"line":396,"column":8},"end":{"line":407,"column":9}},"127":{"start":{"line":398,"column":10},"end":{"line":398,"column":49}},"128":{"start":{"line":400,"column":10},"end":{"line":400,"column":56}},"129":{"start":{"line":401,"column":10},"end":{"line":401,"column":92}},"130":{"start":{"line":402,"column":10},"end":{"line":402,"column":208}},"131":{"start":{"line":404,"column":10},"end":{"line":404,"column":49}},"132":{"start":{"line":405,"column":10},"end":{"line":405,"column":59}},"133":{"start":{"line":409,"column":8},"end":{"line":409,"column":120}},"134":{"start":{"line":411,"column":8},"end":{"line":411,"column":47}},"135":{"start":{"line":412,"column":8},"end":{"line":412,"column":51}},"136":{"start":{"line":414,"column":8},"end":{"line":414,"column":44}},"137":{"start":{"line":415,"column":8},"end":{"line":415,"column":47}},"138":{"start":{"line":420,"column":4},"end":{"line":420,"column":27}},"139":{"start":{"line":431,"column":26},"end":{"line":436,"column":6}},"140":{"start":{"line":439,"column":4},"end":{"line":444,"column":5}},"141":{"start":{"line":440,"column":6},"end":{"line":440,"column":95}},"142":{"start":{"line":442,"column":6},"end":{"line":442,"column":73}},"143":{"start":{"line":443,"column":6},"end":{"line":443,"column":23}},"144":{"start":{"line":445,"column":4},"end":{"line":445,"column":49}},"145":{"start":{"line":448,"column":23},"end":{"line":448,"column":90}},"146":{"start":{"line":449,"column":4},"end":{"line":449,"column":22}},"147":{"start":{"line":461,"column":24},"end":{"line":469,"column":8}},"148":{"start":{"line":470,"column":4},"end":{"line":470,"column":23}},"149":{"start":{"line":481,"column":18},"end":{"line":481,"column":41}},"150":{"start":{"line":482,"column":19},"end":{"line":482,"column":21}},"151":{"start":{"line":483,"column":27},"end":{"line":483,"column":31}},"152":{"start":{"line":486,"column":4},"end":{"line":565,"column":7}},"153":{"start":{"line":489,"column":25},"end":{"line":489,"column":27}},"154":{"start":{"line":490,"column":35},"end":{"line":490,"column":37}},"155":{"start":{"line":491,"column":33},"end":{"line":491,"column":109}},"156":{"start":{"line":493,"column":6},"end":{"line":531,"column":9}},"157":{"start":{"line":495,"column":31},"end":{"line":495,"column":65}},"158":{"start":{"line":498,"column":8},"end":{"line":501,"column":9}},"159":{"start":{"line":499,"column":10},"end":{"line":499,"column":35}},"160":{"start":{"line":500,"column":10},"end":{"line":500,"column":17}},"161":{"start":{"line":504,"column":27},"end":{"line":504,"column":83}},"162":{"start":{"line":507,"column":32},"end":{"line":507,"column":71}},"163":{"start":{"line":510,"column":8},"end":{"line":512,"column":11}},"164":{"start":{"line":511,"column":10},"end":{"line":511,"column":34}},"165":{"start":{"line":515,"column":30},"end":{"line":518,"column":12}},"166":{"start":{"line":517,"column":12},"end":{"line":517,"column":66}},"167":{"start":{"line":519,"column":8},"end":{"line":525,"column":9}},"168":{"start":{"line":520,"column":10},"end":{"line":522,"column":11}},"169":{"start":{"line":521,"column":12},"end":{"line":521,"column":173}},"170":{"start":{"line":524,"column":10},"end":{"line":524,"column":82}},"171":{"start":{"line":527,"column":8},"end":{"line":527,"column":60}},"172":{"start":{"line":529,"column":28},"end":{"line":529,"column":89}},"173":{"start":{"line":530,"column":8},"end":{"line":530,"column":130}},"174":{"start":{"line":534,"column":6},"end":{"line":536,"column":7}},"175":{"start":{"line":535,"column":8},"end":{"line":535,"column":15}},"176":{"start":{"line":539,"column":25},"end":{"line":539,"column":87}},"177":{"start":{"line":546,"column":31},"end":{"line":547,"column":59}},"178":{"start":{"line":547,"column":8},"end":{"line":547,"column":57}},"179":{"start":{"line":550,"column":26},"end":{"line":550,"column":81}},"180":{"start":{"line":551,"column":6},"end":{"line":551,"column":139}},"181":{"start":{"line":554,"column":30},"end":{"line":557,"column":10}},"182":{"start":{"line":556,"column":10},"end":{"line":556,"column":41}},"183":{"start":{"line":558,"column":6},"end":{"line":564,"column":7}},"184":{"start":{"line":559,"column":8},"end":{"line":561,"column":9}},"185":{"start":{"line":560,"column":10},"end":{"line":560,"column":145}},"186":{"start":{"line":563,"column":8},"end":{"line":563,"column":59}},"187":{"start":{"line":566,"column":4},"end":{"line":566,"column":20}},"188":{"start":{"line":574,"column":32},"end":{"line":574,"column":50}},"189":{"start":{"line":575,"column":18},"end":{"line":575,"column":41}},"190":{"start":{"line":578,"column":17},"end":{"line":578,"column":19}},"191":{"start":{"line":581,"column":4},"end":{"line":581,"column":74}},"192":{"start":{"line":584,"column":4},"end":{"line":584,"column":119}},"193":{"start":{"line":587,"column":4},"end":{"line":587,"column":182}},"194":{"start":{"line":590,"column":4},"end":{"line":590,"column":90}},"195":{"start":{"line":593,"column":4},"end":{"line":593,"column":90}},"196":{"start":{"line":596,"column":4},"end":{"line":596,"column":86}},"197":{"start":{"line":599,"column":4},"end":{"line":599,"column":156}},"198":{"start":{"line":600,"column":4},"end":{"line":600,"column":132}},"199":{"start":{"line":603,"column":4},"end":{"line":603,"column":85}},"200":{"start":{"line":606,"column":28},"end":{"line":606,"column":56}},"201":{"start":{"line":607,"column":24},"end":{"line":607,"column":97}},"202":{"start":{"line":608,"column":4},"end":{"line":608,"column":93}},"203":{"start":{"line":615,"column":4},"end":{"line":615,"column":33}},"204":{"start":{"line":616,"column":4},"end":{"line":616,"column":33}},"205":{"start":{"line":617,"column":4},"end":{"line":617,"column":33}},"206":{"start":{"line":626,"column":4},"end":{"line":626,"column":36}},"207":{"start":{"line":628,"column":18},"end":{"line":628,"column":41}},"208":{"start":{"line":631,"column":31},"end":{"line":631,"column":56}},"209":{"start":{"line":634,"column":26},"end":{"line":636,"column":6}},"210":{"start":{"line":638,"column":25},"end":{"line":638,"column":40}},"211":{"start":{"line":639,"column":4},"end":{"line":639,"column":48}},"212":{"start":{"line":640,"column":4},"end":{"line":640,"column":54}},"213":{"start":{"line":641,"column":23},"end":{"line":641,"column":89}},"214":{"start":{"line":644,"column":26},"end":{"line":647,"column":6}},"215":{"start":{"line":648,"column":4},"end":{"line":648,"column":48}},"216":{"start":{"line":649,"column":23},"end":{"line":649,"column":89}},"217":{"start":{"line":652,"column":24},"end":{"line":652,"column":85}},"218":{"start":{"line":655,"column":4},"end":{"line":658,"column":5}},"219":{"start":{"line":656,"column":6},"end":{"line":656,"column":50}},"220":{"start":{"line":657,"column":6},"end":{"line":657,"column":63}},"221":{"start":{"line":661,"column":27},"end":{"line":667,"column":8}},"222":{"start":{"line":668,"column":4},"end":{"line":668,"column":127}},"223":{"start":{"line":672,"column":4},"end":{"line":678,"column":5}},"224":{"start":{"line":673,"column":6},"end":{"line":673,"column":104}},"225":{"start":{"line":675,"column":6},"end":{"line":675,"column":25}},"226":{"start":{"line":676,"column":6},"end":{"line":676,"column":114}},"227":{"start":{"line":677,"column":6},"end":{"line":677,"column":22}},"228":{"start":{"line":679,"column":4},"end":{"line":679,"column":89}},"229":{"start":{"line":682,"column":4},"end":{"line":682,"column":27}},"230":{"start":{"line":685,"column":2},"end":{"line":701,"column":4}},"231":{"start":{"line":687,"column":6},"end":{"line":687,"column":32}},"232":{"start":{"line":690,"column":6},"end":{"line":690,"column":52}},"233":{"start":{"line":693,"column":6},"end":{"line":693,"column":39}},"234":{"start":{"line":696,"column":6},"end":{"line":696,"column":38}},"235":{"start":{"line":699,"column":6},"end":{"line":699,"column":81}},"236":{"start":{"line":705,"column":0},"end":{"line":705,"column":28}}},"fnMap":{"1":{"name":"(anonymous_1)","decl":{"start":{"line":16,"column":19},"end":{"line":16,"column":20}},"loc":{"start":{"line":16,"column":31},"end":{"line":703,"column":1}}},"2":{"name":"addToPatternPaths","decl":{"start":{"line":24,"column":11},"end":{"line":24,"column":28}},"loc":{"start":{"line":24,"column":50},"end":{"line":33,"column":3}}},"3":{"name":"addToViewAllPaths","decl":{"start":{"line":40,"column":11},"end":{"line":40,"column":28}},"loc":{"start":{"line":40,"column":50},"end":{"line":56,"column":3}}},"4":{"name":"isPatternExcluded","decl":{"start":{"line":64,"column":11},"end":{"line":64,"column":28}},"loc":{"start":{"line":64,"column":50},"end":{"line":106,"column":3}}},"5":{"name":"injectDocumentationBlock","decl":{"start":{"line":115,"column":11},"end":{"line":115,"column":35}},"loc":{"start":{"line":115,"column":75},"end":{"line":142,"column":3}}},"6":{"name":"addPatternType","decl":{"start":{"line":150,"column":11},"end":{"line":150,"column":25}},"loc":{"start":{"line":150,"column":47},"end":{"line":160,"column":3}}},"7":{"name":"getPatternType","decl":{"start":{"line":168,"column":11},"end":{"line":168,"column":25}},"loc":{"start":{"line":168,"column":47},"end":{"line":178,"column":3}}},"8":{"name":"getPatternSubType","decl":{"start":{"line":186,"column":11},"end":{"line":186,"column":28}},"loc":{"start":{"line":186,"column":50},"end":{"line":197,"column":3}}},"9":{"name":"addPatternSubType","decl":{"start":{"line":205,"column":11},"end":{"line":205,"column":28}},"loc":{"start":{"line":205,"column":50},"end":{"line":216,"column":3}}},"10":{"name":"createPatternSubTypeItem","decl":{"start":{"line":224,"column":11},"end":{"line":224,"column":35}},"loc":{"start":{"line":224,"column":45},"end":{"line":240,"column":3}}},"11":{"name":"addPatternSubTypeItem","decl":{"start":{"line":249,"column":11},"end":{"line":249,"column":32}},"loc":{"start":{"line":249,"column":83},"end":{"line":269,"column":3}}},"12":{"name":"addPatternItem","decl":{"start":{"line":276,"column":11},"end":{"line":276,"column":25}},"loc":{"start":{"line":276,"column":65},"end":{"line":303,"column":3}}},"13":{"name":"sortPatterns","decl":{"start":{"line":318,"column":11},"end":{"line":318,"column":23}},"loc":{"start":{"line":318,"column":39},"end":{"line":364,"column":3}}},"14":{"name":"(anonymous_14)","decl":{"start":{"line":319,"column":30},"end":{"line":319,"column":31}},"loc":{"start":{"line":319,"column":46},"end":{"line":363,"column":5}}},"15":{"name":"groupPatterns","decl":{"start":{"line":371,"column":11},"end":{"line":371,"column":24}},"loc":{"start":{"line":371,"column":37},"end":{"line":421,"column":3}}},"16":{"name":"(anonymous_16)","decl":{"start":{"line":376,"column":35},"end":{"line":376,"column":36}},"loc":{"start":{"line":376,"column":54},"end":{"line":418,"column":5}}},"17":{"name":"buildFooterHTML","decl":{"start":{"line":429,"column":11},"end":{"line":429,"column":26}},"loc":{"start":{"line":429,"column":55},"end":{"line":450,"column":3}}},"18":{"name":"buildViewAllHTML","decl":{"start":{"line":460,"column":11},"end":{"line":460,"column":27}},"loc":{"start":{"line":460,"column":66},"end":{"line":471,"column":3}}},"19":{"name":"buildViewAllPages","decl":{"start":{"line":480,"column":11},"end":{"line":480,"column":28}},"loc":{"start":{"line":480,"column":79},"end":{"line":567,"column":3}}},"20":{"name":"(anonymous_20)","decl":{"start":{"line":486,"column":48},"end":{"line":486,"column":49}},"loc":{"start":{"line":486,"column":87},"end":{"line":565,"column":5}}},"21":{"name":"(anonymous_21)","decl":{"start":{"line":493,"column":31},"end":{"line":493,"column":32}},"loc":{"start":{"line":493,"column":74},"end":{"line":531,"column":7}}},"22":{"name":"(anonymous_22)","decl":{"start":{"line":510,"column":36},"end":{"line":510,"column":37}},"loc":{"start":{"line":510,"column":51},"end":{"line":512,"column":9}}},"23":{"name":"(anonymous_23)","decl":{"start":{"line":516,"column":40},"end":{"line":516,"column":41}},"loc":{"start":{"line":516,"column":59},"end":{"line":518,"column":11}}},"24":{"name":"(anonymous_24)","decl":{"start":{"line":546,"column":52},"end":{"line":546,"column":53}},"loc":{"start":{"line":546,"column":67},"end":{"line":547,"column":58}}},"25":{"name":"(anonymous_25)","decl":{"start":{"line":555,"column":38},"end":{"line":555,"column":39}},"loc":{"start":{"line":555,"column":57},"end":{"line":557,"column":9}}},"26":{"name":"exportData","decl":{"start":{"line":573,"column":11},"end":{"line":573,"column":21}},"loc":{"start":{"line":573,"column":34},"end":{"line":609,"column":3}}},"27":{"name":"resetUIBuilderState","decl":{"start":{"line":614,"column":11},"end":{"line":614,"column":30}},"loc":{"start":{"line":614,"column":43},"end":{"line":618,"column":3}}},"28":{"name":"buildFrontend","decl":{"start":{"line":624,"column":11},"end":{"line":624,"column":24}},"loc":{"start":{"line":624,"column":37},"end":{"line":683,"column":3}}},"29":{"name":"(anonymous_29)","decl":{"start":{"line":686,"column":19},"end":{"line":686,"column":20}},"loc":{"start":{"line":686,"column":41},"end":{"line":688,"column":5}}},"30":{"name":"(anonymous_30)","decl":{"start":{"line":689,"column":23},"end":{"line":689,"column":24}},"loc":{"start":{"line":689,"column":54},"end":{"line":691,"column":5}}},"31":{"name":"(anonymous_31)","decl":{"start":{"line":692,"column":19},"end":{"line":692,"column":20}},"loc":{"start":{"line":692,"column":41},"end":{"line":694,"column":5}}},"32":{"name":"(anonymous_32)","decl":{"start":{"line":695,"column":25},"end":{"line":695,"column":26}},"loc":{"start":{"line":695,"column":47},"end":{"line":697,"column":5}}},"33":{"name":"(anonymous_33)","decl":{"start":{"line":698,"column":23},"end":{"line":698,"column":24}},"loc":{"start":{"line":698,"column":83},"end":{"line":700,"column":5}}}},"branchMap":{"1":{"loc":{"start":{"line":25,"column":4},"end":{"line":27,"column":5}},"type":"if","locations":[{"start":{"line":25,"column":4},"end":{"line":27,"column":5}},{"start":{"line":25,"column":4},"end":{"line":27,"column":5}}]},"2":{"loc":{"start":{"line":30,"column":4},"end":{"line":32,"column":5}},"type":"if","locations":[{"start":{"line":30,"column":4},"end":{"line":32,"column":5}},{"start":{"line":30,"column":4},"end":{"line":32,"column":5}}]},"3":{"loc":{"start":{"line":30,"column":8},"end":{"line":30,"column":50}},"type":"binary-expr","locations":[{"start":{"line":30,"column":8},"end":{"line":30,"column":25}},{"start":{"line":30,"column":29},"end":{"line":30,"column":50}}]},"4":{"loc":{"start":{"line":41,"column":4},"end":{"line":43,"column":5}},"type":"if","locations":[{"start":{"line":41,"column":4},"end":{"line":43,"column":5}},{"start":{"line":41,"column":4},"end":{"line":43,"column":5}}]},"5":{"loc":{"start":{"line":45,"column":4},"end":{"line":47,"column":5}},"type":"if","locations":[{"start":{"line":45,"column":4},"end":{"line":47,"column":5}},{"start":{"line":45,"column":4},"end":{"line":47,"column":5}}]},"6":{"loc":{"start":{"line":53,"column":4},"end":{"line":55,"column":5}},"type":"if","locations":[{"start":{"line":53,"column":4},"end":{"line":55,"column":5}},{"start":{"line":53,"column":4},"end":{"line":55,"column":5}}]},"7":{"loc":{"start":{"line":68,"column":16},"end":{"line":68,"column":71}},"type":"binary-expr","locations":[{"start":{"line":68,"column":16},"end":{"line":68,"column":33}},{"start":{"line":68,"column":37},"end":{"line":68,"column":71}}]},"8":{"loc":{"start":{"line":69,"column":4},"end":{"line":74,"column":5}},"type":"if","locations":[{"start":{"line":69,"column":4},"end":{"line":74,"column":5}},{"start":{"line":69,"column":4},"end":{"line":74,"column":5}}]},"9":{"loc":{"start":{"line":70,"column":6},"end":{"line":72,"column":7}},"type":"if","locations":[{"start":{"line":70,"column":6},"end":{"line":72,"column":7}},{"start":{"line":70,"column":6},"end":{"line":72,"column":7}}]},"10":{"loc":{"start":{"line":78,"column":4},"end":{"line":84,"column":5}},"type":"if","locations":[{"start":{"line":78,"column":4},"end":{"line":84,"column":5}},{"start":{"line":78,"column":4},"end":{"line":84,"column":5}}]},"11":{"loc":{"start":{"line":79,"column":6},"end":{"line":81,"column":7}},"type":"if","locations":[{"start":{"line":79,"column":6},"end":{"line":81,"column":7}},{"start":{"line":79,"column":6},"end":{"line":81,"column":7}}]},"12":{"loc":{"start":{"line":87,"column":16},"end":{"line":87,"column":97}},"type":"binary-expr","locations":[{"start":{"line":87,"column":16},"end":{"line":87,"column":49}},{"start":{"line":87,"column":53},"end":{"line":87,"column":97}}]},"13":{"loc":{"start":{"line":88,"column":4},"end":{"line":93,"column":5}},"type":"if","locations":[{"start":{"line":88,"column":4},"end":{"line":93,"column":5}},{"start":{"line":88,"column":4},"end":{"line":93,"column":5}}]},"14":{"loc":{"start":{"line":89,"column":6},"end":{"line":91,"column":7}},"type":"if","locations":[{"start":{"line":89,"column":6},"end":{"line":91,"column":7}},{"start":{"line":89,"column":6},"end":{"line":91,"column":7}}]},"15":{"loc":{"start":{"line":97,"column":4},"end":{"line":102,"column":5}},"type":"if","locations":[{"start":{"line":97,"column":4},"end":{"line":102,"column":5}},{"start":{"line":97,"column":4},"end":{"line":102,"column":5}}]},"16":{"loc":{"start":{"line":98,"column":6},"end":{"line":100,"column":7}},"type":"if","locations":[{"start":{"line":98,"column":6},"end":{"line":100,"column":7}},{"start":{"line":98,"column":6},"end":{"line":100,"column":7}}]},"17":{"loc":{"start":{"line":117,"column":72},"end":{"line":117,"column":125}},"type":"cond-expr","locations":[{"start":{"line":117,"column":91},"end":{"line":117,"column":120}},{"start":{"line":117,"column":123},"end":{"line":117,"column":125}}]},"18":{"loc":{"start":{"line":118,"column":4},"end":{"line":122,"column":5}},"type":"if","locations":[{"start":{"line":118,"column":4},"end":{"line":122,"column":5}},{"start":{"line":118,"column":4},"end":{"line":122,"column":5}}]},"19":{"loc":{"start":{"line":128,"column":23},"end":{"line":128,"column":88}},"type":"cond-expr","locations":[{"start":{"line":128,"column":42},"end":{"line":128,"column":65}},{"start":{"line":128,"column":68},"end":{"line":128,"column":88}}]},"20":{"loc":{"start":{"line":130,"column":61},"end":{"line":130,"column":114}},"type":"cond-expr","locations":[{"start":{"line":130,"column":80},"end":{"line":130,"column":109}},{"start":{"line":130,"column":112},"end":{"line":130,"column":114}}]},"21":{"loc":{"start":{"line":171,"column":4},"end":{"line":175,"column":5}},"type":"if","locations":[{"start":{"line":171,"column":4},"end":{"line":175,"column":5}},{"start":{"line":171,"column":4},"end":{"line":175,"column":5}}]},"22":{"loc":{"start":{"line":190,"column":4},"end":{"line":194,"column":5}},"type":"if","locations":[{"start":{"line":190,"column":4},"end":{"line":194,"column":5}},{"start":{"line":190,"column":4},"end":{"line":194,"column":5}}]},"23":{"loc":{"start":{"line":226,"column":4},"end":{"line":230,"column":5}},"type":"if","locations":[{"start":{"line":226,"column":4},"end":{"line":230,"column":5}},{"start":{"line":226,"column":4},"end":{"line":230,"column":5}}]},"24":{"loc":{"start":{"line":252,"column":4},"end":{"line":264,"column":5}},"type":"if","locations":[{"start":{"line":252,"column":4},"end":{"line":264,"column":5}},{"start":{"line":252,"column":4},"end":{"line":264,"column":5}}]},"25":{"loc":{"start":{"line":278,"column":4},"end":{"line":282,"column":5}},"type":"if","locations":[{"start":{"line":278,"column":4},"end":{"line":282,"column":5}},{"start":{"line":278,"column":4},"end":{"line":282,"column":5}}]},"26":{"loc":{"start":{"line":284,"column":4},"end":{"line":286,"column":5}},"type":"if","locations":[{"start":{"line":284,"column":4},"end":{"line":286,"column":5}},{"start":{"line":284,"column":4},"end":{"line":286,"column":5}}]},"27":{"loc":{"start":{"line":288,"column":4},"end":{"line":301,"column":5}},"type":"if","locations":[{"start":{"line":288,"column":4},"end":{"line":301,"column":5}},{"start":{"line":288,"column":4},"end":{"line":301,"column":5}}]},"28":{"loc":{"start":{"line":289,"column":6},"end":{"line":297,"column":7}},"type":"if","locations":[{"start":{"line":289,"column":6},"end":{"line":297,"column":7}},{"start":{"line":289,"column":6},"end":{"line":297,"column":7}}]},"29":{"loc":{"start":{"line":324,"column":6},"end":{"line":326,"column":7}},"type":"if","locations":[{"start":{"line":324,"column":6},"end":{"line":326,"column":7}},{"start":{"line":324,"column":6},"end":{"line":326,"column":7}}]},"30":{"loc":{"start":{"line":328,"column":6},"end":{"line":330,"column":7}},"type":"if","locations":[{"start":{"line":328,"column":6},"end":{"line":330,"column":7}},{"start":{"line":328,"column":6},"end":{"line":330,"column":7}}]},"31":{"loc":{"start":{"line":333,"column":6},"end":{"line":335,"column":7}},"type":"if","locations":[{"start":{"line":333,"column":6},"end":{"line":335,"column":7}},{"start":{"line":333,"column":6},"end":{"line":335,"column":7}}]},"32":{"loc":{"start":{"line":333,"column":10},"end":{"line":333,"column":43}},"type":"binary-expr","locations":[{"start":{"line":333,"column":10},"end":{"line":333,"column":24}},{"start":{"line":333,"column":28},"end":{"line":333,"column":43}}]},"33":{"loc":{"start":{"line":337,"column":6},"end":{"line":339,"column":7}},"type":"if","locations":[{"start":{"line":337,"column":6},"end":{"line":339,"column":7}},{"start":{"line":337,"column":6},"end":{"line":339,"column":7}}]},"34":{"loc":{"start":{"line":337,"column":10},"end":{"line":337,"column":43}},"type":"binary-expr","locations":[{"start":{"line":337,"column":10},"end":{"line":337,"column":25}},{"start":{"line":337,"column":29},"end":{"line":337,"column":43}}]},"35":{"loc":{"start":{"line":343,"column":6},"end":{"line":351,"column":7}},"type":"if","locations":[{"start":{"line":343,"column":6},"end":{"line":351,"column":7}},{"start":{"line":343,"column":6},"end":{"line":351,"column":7}}]},"36":{"loc":{"start":{"line":343,"column":10},"end":{"line":343,"column":82}},"type":"binary-expr","locations":[{"start":{"line":343,"column":10},"end":{"line":343,"column":44}},{"start":{"line":343,"column":48},"end":{"line":343,"column":82}}]},"37":{"loc":{"start":{"line":345,"column":8},"end":{"line":347,"column":9}},"type":"if","locations":[{"start":{"line":345,"column":8},"end":{"line":347,"column":9}},{"start":{"line":345,"column":8},"end":{"line":347,"column":9}}]},"38":{"loc":{"start":{"line":348,"column":8},"end":{"line":350,"column":9}},"type":"if","locations":[{"start":{"line":348,"column":8},"end":{"line":350,"column":9}},{"start":{"line":348,"column":8},"end":{"line":350,"column":9}}]},"39":{"loc":{"start":{"line":354,"column":6},"end":{"line":361,"column":7}},"type":"if","locations":[{"start":{"line":354,"column":6},"end":{"line":361,"column":7}},{"start":{"line":354,"column":6},"end":{"line":361,"column":7}}]},"40":{"loc":{"start":{"line":354,"column":10},"end":{"line":354,"column":26}},"type":"binary-expr","locations":[{"start":{"line":354,"column":10},"end":{"line":354,"column":16}},{"start":{"line":354,"column":20},"end":{"line":354,"column":26}}]},"41":{"loc":{"start":{"line":355,"column":8},"end":{"line":357,"column":9}},"type":"if","locations":[{"start":{"line":355,"column":8},"end":{"line":357,"column":9}},{"start":{"line":355,"column":8},"end":{"line":357,"column":9}}]},"42":{"loc":{"start":{"line":358,"column":8},"end":{"line":360,"column":9}},"type":"if","locations":[{"start":{"line":358,"column":8},"end":{"line":360,"column":9}},{"start":{"line":358,"column":8},"end":{"line":360,"column":9}}]},"43":{"loc":{"start":{"line":380,"column":6},"end":{"line":380,"column":49}},"type":"if","locations":[{"start":{"line":380,"column":6},"end":{"line":380,"column":49}},{"start":{"line":380,"column":6},"end":{"line":380,"column":49}}]},"44":{"loc":{"start":{"line":382,"column":6},"end":{"line":391,"column":7}},"type":"if","locations":[{"start":{"line":382,"column":6},"end":{"line":391,"column":7}},{"start":{"line":382,"column":6},"end":{"line":391,"column":7}}]},"45":{"loc":{"start":{"line":394,"column":6},"end":{"line":416,"column":7}},"type":"if","locations":[{"start":{"line":394,"column":6},"end":{"line":416,"column":7}},{"start":{"line":394,"column":6},"end":{"line":416,"column":7}}]},"46":{"loc":{"start":{"line":396,"column":8},"end":{"line":407,"column":9}},"type":"if","locations":[{"start":{"line":396,"column":8},"end":{"line":407,"column":9}},{"start":{"line":396,"column":8},"end":{"line":407,"column":9}}]},"47":{"loc":{"start":{"line":491,"column":33},"end":{"line":491,"column":109}},"type":"binary-expr","locations":[{"start":{"line":491,"column":33},"end":{"line":491,"column":69}},{"start":{"line":491,"column":73},"end":{"line":491,"column":109}}]},"48":{"loc":{"start":{"line":498,"column":8},"end":{"line":501,"column":9}},"type":"if","locations":[{"start":{"line":498,"column":8},"end":{"line":501,"column":9}},{"start":{"line":498,"column":8},"end":{"line":501,"column":9}}]},"49":{"loc":{"start":{"line":515,"column":30},"end":{"line":518,"column":12}},"type":"binary-expr","locations":[{"start":{"line":515,"column":30},"end":{"line":515,"column":48}},{"start":{"line":515,"column":52},"end":{"line":515,"column":77}},{"start":{"line":516,"column":13},"end":{"line":518,"column":12}}]},"50":{"loc":{"start":{"line":519,"column":8},"end":{"line":525,"column":9}},"type":"if","locations":[{"start":{"line":519,"column":8},"end":{"line":525,"column":9}},{"start":{"line":519,"column":8},"end":{"line":525,"column":9}}]},"51":{"loc":{"start":{"line":520,"column":10},"end":{"line":522,"column":11}},"type":"if","locations":[{"start":{"line":520,"column":10},"end":{"line":522,"column":11}},{"start":{"line":520,"column":10},"end":{"line":522,"column":11}}]},"52":{"loc":{"start":{"line":534,"column":6},"end":{"line":536,"column":7}},"type":"if","locations":[{"start":{"line":534,"column":6},"end":{"line":536,"column":7}},{"start":{"line":534,"column":6},"end":{"line":536,"column":7}}]},"53":{"loc":{"start":{"line":534,"column":10},"end":{"line":534,"column":33}},"type":"binary-expr","locations":[{"start":{"line":534,"column":10},"end":{"line":534,"column":27}},{"start":{"line":534,"column":31},"end":{"line":534,"column":33}}]},"54":{"loc":{"start":{"line":547,"column":15},"end":{"line":547,"column":56}},"type":"binary-expr","locations":[{"start":{"line":547,"column":15},"end":{"line":547,"column":30}},{"start":{"line":547,"column":34},"end":{"line":547,"column":56}}]},"55":{"loc":{"start":{"line":554,"column":30},"end":{"line":557,"column":10}},"type":"binary-expr","locations":[{"start":{"line":554,"column":30},"end":{"line":554,"column":48}},{"start":{"line":554,"column":52},"end":{"line":554,"column":77}},{"start":{"line":555,"column":11},"end":{"line":557,"column":10}}]},"56":{"loc":{"start":{"line":558,"column":6},"end":{"line":564,"column":7}},"type":"if","locations":[{"start":{"line":558,"column":6},"end":{"line":564,"column":7}},{"start":{"line":558,"column":6},"end":{"line":564,"column":7}}]},"57":{"loc":{"start":{"line":559,"column":8},"end":{"line":561,"column":9}},"type":"if","locations":[{"start":{"line":559,"column":8},"end":{"line":561,"column":9}},{"start":{"line":559,"column":8},"end":{"line":561,"column":9}}]},"58":{"loc":{"start":{"line":596,"column":48},"end":{"line":596,"column":72}},"type":"binary-expr","locations":[{"start":{"line":596,"column":48},"end":{"line":596,"column":66}},{"start":{"line":596,"column":70},"end":{"line":596,"column":72}}]},"59":{"loc":{"start":{"line":599,"column":49},"end":{"line":599,"column":142}},"type":"cond-expr","locations":[{"start":{"line":599,"column":92},"end":{"line":599,"column":132}},{"start":{"line":599,"column":135},"end":{"line":599,"column":142}}]},"60":{"loc":{"start":{"line":600,"column":42},"end":{"line":600,"column":117}},"type":"cond-expr","locations":[{"start":{"line":600,"column":77},"end":{"line":600,"column":109}},{"start":{"line":600,"column":112},"end":{"line":600,"column":117}}]},"61":{"loc":{"start":{"line":655,"column":4},"end":{"line":658,"column":5}},"type":"if","locations":[{"start":{"line":655,"column":4},"end":{"line":658,"column":5}},{"start":{"line":655,"column":4},"end":{"line":658,"column":5}}]}},"s":{"1":1,"2":1,"3":1,"4":1,"5":1,"6":1,"7":1,"8":1,"9":1,"10":1,"11":1,"12":48,"13":13,"14":48,"15":48,"16":13,"17":8,"18":13,"19":13,"20":13,"21":13,"22":8,"23":52,"24":52,"25":1,"26":0,"27":1,"28":51,"29":51,"30":1,"31":0,"32":1,"33":1,"34":50,"35":50,"36":2,"37":0,"38":2,"39":48,"40":48,"41":0,"42":0,"43":0,"44":48,"45":13,"46":13,"47":0,"48":0,"49":0,"50":13,"51":13,"52":13,"53":87,"54":87,"55":0,"56":0,"57":0,"58":87,"59":52,"60":52,"61":52,"62":0,"63":0,"64":0,"65":52,"66":13,"67":13,"68":13,"69":13,"70":48,"71":48,"72":9,"73":39,"74":48,"75":52,"76":13,"77":39,"78":52,"79":52,"80":52,"81":22,"82":22,"83":0,"84":0,"85":0,"86":22,"87":13,"88":22,"89":13,"90":8,"91":9,"92":22,"93":2,"94":6,"95":6,"96":6,"97":0,"98":6,"99":0,"100":6,"101":2,"102":4,"103":0,"104":4,"105":4,"106":0,"107":4,"108":4,"109":0,"110":0,"111":0,"112":0,"113":0,"114":0,"115":8,"116":8,"117":48,"118":48,"119":0,"120":48,"121":13,"122":13,"123":13,"124":13,"125":48,"126":39,"127":13,"128":13,"129":13,"130":13,"131":13,"132":13,"133":39,"134":39,"135":39,"136":9,"137":9,"138":8,"139":3,"140":3,"141":3,"142":0,"143":0,"144":3,"145":3,"146":3,"147":3,"148":3,"149":1,"150":1,"151":1,"152":1,"153":2,"154":2,"155":2,"156":2,"157":2,"158":2,"159":0,"160":0,"161":2,"162":2,"163":2,"164":2,"165":2,"166":2,"167":2,"168":0,"169":0,"170":2,"171":2,"172":2,"173":2,"174":2,"175":1,"176":1,"177":1,"178":2,"179":1,"180":1,"181":1,"182":1,"183":1,"184":0,"185":0,"186":1,"187":1,"188":0,"189":0,"190":0,"191":0,"192":0,"193":0,"194":0,"195":0,"196":0,"197":0,"198":0,"199":0,"200":0,"201":0,"202":0,"203":9,"204":9,"205":9,"206":0,"207":0,"208":0,"209":0,"210":0,"211":0,"212":0,"213":0,"214":0,"215":0,"216":0,"217":0,"218":0,"219":0,"220":0,"221":0,"222":0,"223":0,"224":0,"225":0,"226":0,"227":0,"228":0,"229":0,"230":1,"231":0,"232":4,"233":8,"234":9,"235":1,"236":1},"f":{"1":1,"2":48,"3":13,"4":52,"5":13,"6":13,"7":87,"8":52,"9":13,"10":48,"11":52,"12":22,"13":2,"14":6,"15":8,"16":48,"17":3,"18":3,"19":1,"20":2,"21":2,"22":2,"23":2,"24":2,"25":1,"26":0,"27":9,"28":0,"29":0,"30":4,"31":8,"32":9,"33":1},"b":{"1":[13,35],"2":[48,0],"3":[48,48],"4":[8,5],"5":[13,0],"6":[8,5],"7":[52,52],"8":[1,51],"9":[0,1],"10":[1,50],"11":[0,1],"12":[50,50],"13":[2,48],"14":[0,2],"15":[0,48],"16":[0,0],"17":[13,0],"18":[0,13],"19":[13,0],"20":[13,0],"21":[0,87],"22":[0,52],"23":[9,39],"24":[13,39],"25":[0,22],"26":[13,9],"27":[13,9],"28":[8,5],"29":[0,6],"30":[0,6],"31":[2,4],"32":[6,2],"33":[0,4],"34":[4,4],"35":[4,0],"36":[4,4],"37":[0,4],"38":[4,0],"39":[0,0],"40":[0,0],"41":[0,0],"42":[0,0],"43":[0,48],"44":[13,35],"45":[39,9],"46":[13,26],"47":[2,0],"48":[0,2],"49":[2,2,2],"50":[0,2],"51":[0,0],"52":[1,1],"53":[2,2],"54":[2,1],"55":[1,1,1],"56":[0,1],"57":[0,0],"58":[0,0],"59":[0,0],"60":[0,0],"61":[0,0]},"hash":"a1602a077a1867c95e10b87a4ccd22d9d7abb141"},"D:\\src\\patternlab-node\\core\\lib\\json_copy.js":{"path":"D:\\src\\patternlab-node\\core\\lib\\json_copy.js","statementMap":{"1":{"start":{"line":3,"column":16},"end":{"line":3,"column":38}},"2":{"start":{"line":4,"column":18},"end":{"line":12,"column":1}},"3":{"start":{"line":5,"column":2},"end":{"line":11,"column":3}},"4":{"start":{"line":6,"column":4},"end":{"line":6,"column":44}},"5":{"start":{"line":9,"column":4},"end":{"line":9,"column":80}},"6":{"start":{"line":10,"column":4},"end":{"line":10,"column":14}},"7":{"start":{"line":14,"column":0},"end":{"line":14,"column":27}}},"fnMap":{"1":{"name":"(anonymous_1)","decl":{"start":{"line":4,"column":18},"end":{"line":4,"column":19}},"loc":{"start":{"line":4,"column":36},"end":{"line":12,"column":1}}}},"branchMap":{},"s":{"1":1,"2":1,"3":3,"4":3,"5":0,"6":0,"7":1},"f":{"1":3},"b":{},"hash":"c8eda416c8bbda669e90371955fe8336b6956a87"},"D:\\src\\patternlab-node\\core\\lib\\utilities.js":{"path":"D:\\src\\patternlab-node\\core\\lib\\utilities.js","statementMap":{"1":{"start":{"line":3,"column":14},"end":{"line":3,"column":30}},"2":{"start":{"line":4,"column":21},"end":{"line":4,"column":51}},"3":{"start":{"line":11,"column":12},"end":{"line":24,"column":26}},"4":{"start":{"line":13,"column":4},"end":{"line":13,"column":41}},"5":{"start":{"line":16,"column":4},"end":{"line":16,"column":27}},"6":{"start":{"line":19,"column":4},"end":{"line":19,"column":44}},"7":{"start":{"line":22,"column":4},"end":{"line":22,"column":39}},"8":{"start":{"line":32,"column":14},"end":{"line":32,"column":33}},"9":{"start":{"line":40,"column":16},"end":{"line":40,"column":37}},"10":{"start":{"line":48,"column":14},"end":{"line":48,"column":33}},"11":{"start":{"line":55,"column":20},"end":{"line":60,"column":1}},"12":{"start":{"line":56,"column":2},"end":{"line":59,"column":4}},"13":{"start":{"line":57,"column":4},"end":{"line":57,"column":25}},"14":{"start":{"line":58,"column":4},"end":{"line":58,"column":21}},"15":{"start":{"line":63,"column":0},"end":{"line":69,"column":2}}},"fnMap":{"1":{"name":"(anonymous_1)","decl":{"start":{"line":55,"column":20},"end":{"line":55,"column":21}},"loc":{"start":{"line":55,"column":39},"end":{"line":60,"column":1}}},"2":{"name":"(anonymous_2)","decl":{"start":{"line":56,"column":9},"end":{"line":56,"column":10}},"loc":{"start":{"line":56,"column":24},"end":{"line":59,"column":3}}}},"branchMap":{},"s":{"1":1,"2":1,"3":1,"4":0,"5":0,"6":0,"7":0,"8":1,"9":1,"10":1,"11":1,"12":0,"13":0,"14":0,"15":1},"f":{"1":0,"2":0},"b":{},"hash":"9ff45a015e5dc5f8c57a3370faa4933c57fdf099"},"D:\\src\\patternlab-node\\core\\lib\\annotation_exporter.js":{"path":"D:\\src\\patternlab-node\\core\\lib\\annotation_exporter.js","statementMap":{"1":{"start":{"line":2,"column":13},"end":{"line":2,"column":28}},"2":{"start":{"line":3,"column":13},"end":{"line":3,"column":28}},"3":{"start":{"line":4,"column":11},"end":{"line":4,"column":30}},"4":{"start":{"line":5,"column":10},"end":{"line":5,"column":27}},"5":{"start":{"line":6,"column":11},"end":{"line":6,"column":39}},"6":{"start":{"line":8,"column":29},"end":{"line":98,"column":1}},"7":{"start":{"line":10,"column":16},"end":{"line":10,"column":31}},"8":{"start":{"line":18,"column":4},"end":{"line":25,"column":5}},"9":{"start":{"line":19,"column":6},"end":{"line":19,"column":105}},"10":{"start":{"line":21,"column":6},"end":{"line":23,"column":7}},"11":{"start":{"line":22,"column":8},"end":{"line":22,"column":112}},"12":{"start":{"line":24,"column":6},"end":{"line":24,"column":16}},"13":{"start":{"line":28,"column":4},"end":{"line":28,"column":67}},"14":{"start":{"line":29,"column":4},"end":{"line":29,"column":55}},"15":{"start":{"line":31,"column":4},"end":{"line":37,"column":5}},"16":{"start":{"line":32,"column":31},"end":{"line":32,"column":57}},"17":{"start":{"line":34,"column":6},"end":{"line":34,"column":104}},"18":{"start":{"line":35,"column":6},"end":{"line":35,"column":22}},"19":{"start":{"line":36,"column":6},"end":{"line":36,"column":16}},"20":{"start":{"line":38,"column":4},"end":{"line":38,"column":39}},"21":{"start":{"line":42,"column":23},"end":{"line":42,"column":25}},"22":{"start":{"line":43,"column":24},"end":{"line":43,"column":62}},"23":{"start":{"line":45,"column":4},"end":{"line":45,"column":59}},"24":{"start":{"line":46,"column":4},"end":{"line":46,"column":41}},"25":{"start":{"line":47,"column":4},"end":{"line":47,"column":46}},"26":{"start":{"line":48,"column":4},"end":{"line":48,"column":22}},"27":{"start":{"line":53,"column":28},"end":{"line":53,"column":34}},"28":{"start":{"line":55,"column":4},"end":{"line":65,"column":6}},"29":{"start":{"line":56,"column":28},"end":{"line":56,"column":75}},"30":{"start":{"line":59,"column":30},"end":{"line":59,"column":56}},"31":{"start":{"line":60,"column":6},"end":{"line":63,"column":7}},"32":{"start":{"line":61,"column":27},"end":{"line":61,"column":81}},"33":{"start":{"line":62,"column":8},"end":{"line":62,"column":37}},"34":{"start":{"line":64,"column":6},"end":{"line":64,"column":19}},"35":{"start":{"line":72,"column":28},"end":{"line":72,"column":36}},"36":{"start":{"line":73,"column":24},"end":{"line":73,"column":26}},"37":{"start":{"line":74,"column":20},"end":{"line":74,"column":65}},"38":{"start":{"line":76,"column":4},"end":{"line":76,"column":63}},"39":{"start":{"line":77,"column":4},"end":{"line":77,"column":23}},"40":{"start":{"line":81,"column":26},"end":{"line":81,"column":46}},"41":{"start":{"line":82,"column":26},"end":{"line":82,"column":46}},"42":{"start":{"line":83,"column":4},"end":{"line":83,"column":57}},"43":{"start":{"line":86,"column":2},"end":{"line":96,"column":4}},"44":{"start":{"line":88,"column":6},"end":{"line":88,"column":33}},"45":{"start":{"line":91,"column":6},"end":{"line":91,"column":34}},"46":{"start":{"line":94,"column":6},"end":{"line":94,"column":34}},"47":{"start":{"line":100,"column":0},"end":{"line":100,"column":38}}},"fnMap":{"1":{"name":"(anonymous_1)","decl":{"start":{"line":8,"column":29},"end":{"line":8,"column":30}},"loc":{"start":{"line":8,"column":43},"end":{"line":98,"column":1}}},"2":{"name":"parseAnnotationsJS","decl":{"start":{"line":16,"column":11},"end":{"line":16,"column":29}},"loc":{"start":{"line":16,"column":32},"end":{"line":39,"column":3}}},"3":{"name":"buildAnnotationMD","decl":{"start":{"line":41,"column":11},"end":{"line":41,"column":28}},"loc":{"start":{"line":41,"column":63},"end":{"line":49,"column":3}}},"4":{"name":"parseMDFile","decl":{"start":{"line":51,"column":11},"end":{"line":51,"column":22}},"loc":{"start":{"line":51,"column":44},"end":{"line":66,"column":3}}},"5":{"name":"(anonymous_5)","decl":{"start":{"line":55,"column":11},"end":{"line":55,"column":12}},"loc":{"start":{"line":55,"column":31},"end":{"line":65,"column":5}}},"6":{"name":"parseAnnotationsMD","decl":{"start":{"line":71,"column":11},"end":{"line":71,"column":29}},"loc":{"start":{"line":71,"column":32},"end":{"line":78,"column":3}}},"7":{"name":"gatherAnnotations","decl":{"start":{"line":80,"column":11},"end":{"line":80,"column":28}},"loc":{"start":{"line":80,"column":31},"end":{"line":84,"column":3}}},"8":{"name":"(anonymous_8)","decl":{"start":{"line":87,"column":12},"end":{"line":87,"column":13}},"loc":{"start":{"line":87,"column":24},"end":{"line":89,"column":5}}},"9":{"name":"(anonymous_9)","decl":{"start":{"line":90,"column":14},"end":{"line":90,"column":15}},"loc":{"start":{"line":90,"column":26},"end":{"line":92,"column":5}}},"10":{"name":"(anonymous_10)","decl":{"start":{"line":93,"column":14},"end":{"line":93,"column":15}},"loc":{"start":{"line":93,"column":26},"end":{"line":95,"column":5}}}},"branchMap":{"1":{"loc":{"start":{"line":21,"column":6},"end":{"line":23,"column":7}},"type":"if","locations":[{"start":{"line":21,"column":6},"end":{"line":23,"column":7}},{"start":{"line":21,"column":6},"end":{"line":23,"column":7}}]},"2":{"loc":{"start":{"line":45,"column":20},"end":{"line":45,"column":58}},"type":"binary-expr","locations":[{"start":{"line":45,"column":20},"end":{"line":45,"column":34}},{"start":{"line":45,"column":38},"end":{"line":45,"column":58}}]}},"s":{"1":1,"2":1,"3":1,"4":1,"5":1,"6":1,"7":0,"8":0,"9":0,"10":0,"11":0,"12":0,"13":0,"14":0,"15":0,"16":0,"17":0,"18":0,"19":0,"20":0,"21":0,"22":0,"23":0,"24":0,"25":0,"26":0,"27":0,"28":0,"29":0,"30":0,"31":0,"32":0,"33":0,"34":0,"35":0,"36":0,"37":0,"38":0,"39":0,"40":0,"41":0,"42":0,"43":0,"44":0,"45":0,"46":0,"47":1},"f":{"1":0,"2":0,"3":0,"4":0,"5":0,"6":0,"7":0,"8":0,"9":0,"10":0},"b":{"1":[0,0],"2":[0,0]},"hash":"ff1c4c7109a48591b6d0899c0c9534307af6d9b0"},"D:\\src\\patternlab-node\\core\\lib\\markdown_parser.js":{"path":"D:\\src\\patternlab-node\\core\\lib\\markdown_parser.js","statementMap":{"1":{"start":{"line":2,"column":11},"end":{"line":2,"column":35}},"2":{"start":{"line":3,"column":13},"end":{"line":3,"column":31}},"3":{"start":{"line":5,"column":24},"end":{"line":54,"column":1}},"4":{"start":{"line":13,"column":23},"end":{"line":13,"column":25}},"5":{"start":{"line":15,"column":4},"end":{"line":42,"column":5}},"6":{"start":{"line":17,"column":28},"end":{"line":17,"column":73}},"7":{"start":{"line":18,"column":21},"end":{"line":18,"column":46}},"8":{"start":{"line":20,"column":6},"end":{"line":37,"column":7}},"9":{"start":{"line":22,"column":8},"end":{"line":26,"column":9}},"10":{"start":{"line":24,"column":30},"end":{"line":24,"column":39}},"11":{"start":{"line":25,"column":10},"end":{"line":25,"column":52}},"12":{"start":{"line":28,"column":8},"end":{"line":33,"column":9}},"13":{"start":{"line":30,"column":10},"end":{"line":30,"column":55}},"14":{"start":{"line":32,"column":10},"end":{"line":32,"column":37}},"15":{"start":{"line":36,"column":8},"end":{"line":36,"column":49}},"16":{"start":{"line":39,"column":6},"end":{"line":39,"column":22}},"17":{"start":{"line":40,"column":6},"end":{"line":40,"column":57}},"18":{"start":{"line":41,"column":6},"end":{"line":41,"column":23}},"19":{"start":{"line":45,"column":4},"end":{"line":45,"column":24}},"20":{"start":{"line":48,"column":2},"end":{"line":52,"column":4}},"21":{"start":{"line":50,"column":6},"end":{"line":50,"column":39}},"22":{"start":{"line":56,"column":0},"end":{"line":56,"column":33}}},"fnMap":{"1":{"name":"(anonymous_1)","decl":{"start":{"line":5,"column":24},"end":{"line":5,"column":25}},"loc":{"start":{"line":5,"column":36},"end":{"line":54,"column":1}}},"2":{"name":"parseMarkdownBlock","decl":{"start":{"line":12,"column":11},"end":{"line":12,"column":29}},"loc":{"start":{"line":12,"column":37},"end":{"line":46,"column":3}}},"3":{"name":"(anonymous_3)","decl":{"start":{"line":49,"column":11},"end":{"line":49,"column":12}},"loc":{"start":{"line":49,"column":28},"end":{"line":51,"column":5}}}},"branchMap":{"1":{"loc":{"start":{"line":20,"column":6},"end":{"line":37,"column":7}},"type":"if","locations":[{"start":{"line":20,"column":6},"end":{"line":37,"column":7}},{"start":{"line":20,"column":6},"end":{"line":37,"column":7}}]},"2":{"loc":{"start":{"line":22,"column":8},"end":{"line":26,"column":9}},"type":"if","locations":[{"start":{"line":22,"column":8},"end":{"line":26,"column":9}},{"start":{"line":22,"column":8},"end":{"line":26,"column":9}}]},"3":{"loc":{"start":{"line":22,"column":12},"end":{"line":22,"column":31}},"type":"binary-expr","locations":[{"start":{"line":22,"column":12},"end":{"line":22,"column":18}},{"start":{"line":22,"column":22},"end":{"line":22,"column":31}}]},"4":{"loc":{"start":{"line":28,"column":8},"end":{"line":33,"column":9}},"type":"if","locations":[{"start":{"line":28,"column":8},"end":{"line":33,"column":9}},{"start":{"line":28,"column":8},"end":{"line":33,"column":9}}]}},"s":{"1":1,"2":1,"3":1,"4":0,"5":0,"6":0,"7":0,"8":0,"9":0,"10":0,"11":0,"12":0,"13":0,"14":0,"15":0,"16":0,"17":0,"18":0,"19":0,"20":1,"21":0,"22":1},"f":{"1":1,"2":0,"3":0},"b":{"1":[0,0],"2":[0,0],"3":[0,0],"4":[0,0]},"hash":"da61fbb619fb88f2927a5bc6e46a48ce356c87cc"},"D:\\src\\patternlab-node\\core\\lib\\pattern_assembler.js":{"path":"D:\\src\\patternlab-node\\core\\lib\\pattern_assembler.js","statementMap":{"1":{"start":{"line":3,"column":13},"end":{"line":3,"column":28}},"2":{"start":{"line":4,"column":10},"end":{"line":4,"column":27}},"3":{"start":{"line":5,"column":16},"end":{"line":5,"column":51}},"4":{"start":{"line":6,"column":21},"end":{"line":6,"column":61}},"5":{"start":{"line":7,"column":12},"end":{"line":7,"column":45}},"6":{"start":{"line":8,"column":11},"end":{"line":8,"column":39}},"7":{"start":{"line":9,"column":16},"end":{"line":9,"column":38}},"8":{"start":{"line":10,"column":23},"end":{"line":10,"column":51}},"9":{"start":{"line":11,"column":11},"end":{"line":11,"column":38}},"10":{"start":{"line":12,"column":12},"end":{"line":12,"column":41}},"11":{"start":{"line":13,"column":12},"end":{"line":13,"column":46}},"12":{"start":{"line":14,"column":11},"end":{"line":14,"column":40}},"13":{"start":{"line":15,"column":11},"end":{"line":15,"column":38}},"14":{"start":{"line":16,"column":17},"end":{"line":16,"column":39}},"15":{"start":{"line":17,"column":24},"end":{"line":17,"column":32}},"16":{"start":{"line":18,"column":23},"end":{"line":18,"column":31}},"17":{"start":{"line":21,"column":9},"end":{"line":21,"column":28}},"18":{"start":{"line":23,"column":26},"end":{"line":615,"column":1}},"19":{"start":{"line":28,"column":4},"end":{"line":32,"column":5}},"20":{"start":{"line":29,"column":6},"end":{"line":31,"column":7}},"21":{"start":{"line":30,"column":8},"end":{"line":30,"column":38}},"22":{"start":{"line":35,"column":4},"end":{"line":41,"column":5}},"23":{"start":{"line":36,"column":6},"end":{"line":40,"column":7}},"24":{"start":{"line":39,"column":10},"end":{"line":39,"column":40}},"25":{"start":{"line":44,"column":4},"end":{"line":52,"column":5}},"26":{"start":{"line":45,"column":25},"end":{"line":45,"column":47}},"27":{"start":{"line":46,"column":22},"end":{"line":46,"column":37}},"28":{"start":{"line":47,"column":25},"end":{"line":47,"column":56}},"29":{"start":{"line":49,"column":6},"end":{"line":51,"column":7}},"30":{"start":{"line":50,"column":8},"end":{"line":50,"column":38}},"31":{"start":{"line":53,"column":4},"end":{"line":53,"column":227}},"32":{"start":{"line":54,"column":4},"end":{"line":54,"column":21}},"33":{"start":{"line":59,"column":15},"end":{"line":59,"column":17}},"34":{"start":{"line":60,"column":4},"end":{"line":64,"column":5}},"35":{"start":{"line":61,"column":6},"end":{"line":63,"column":7}},"36":{"start":{"line":62,"column":8},"end":{"line":62,"column":45}},"37":{"start":{"line":65,"column":4},"end":{"line":65,"column":46}},"38":{"start":{"line":67,"column":4},"end":{"line":78,"column":5}},"39":{"start":{"line":68,"column":22},"end":{"line":68,"column":24}},"40":{"start":{"line":69,"column":6},"end":{"line":77,"column":7}},"41":{"start":{"line":70,"column":8},"end":{"line":70,"column":51}},"42":{"start":{"line":71,"column":8},"end":{"line":71,"column":49}},"43":{"start":{"line":73,"column":8},"end":{"line":76,"column":9}},"44":{"start":{"line":74,"column":10},"end":{"line":74,"column":57}},"45":{"start":{"line":75,"column":10},"end":{"line":75,"column":51}},"46":{"start":{"line":86,"col
[...]
tart":{"line":15,"column":11},"end":{"line":15,"column":34}},"loc":{"start":{"line":15,"column":56},"end":{"line":129,"column":3}}},"3":{"name":"(anonymous_3)","decl":{"start":{"line":20,"column":22},"end":{"line":20,"column":23}},"loc":{"start":{"line":20,"column":41},"end":{"line":127,"column":7}}},"4":{"name":"(anonymous_4)","decl":{"start":{"line":132,"column":32},"end":{"line":132,"column":33}},"loc":{"start":{"line":132,"column":63},"end":{"line":134,"column":5}}}},"branchMap":{"1":{"loc":{"start":{"line":19,"column":4},"end":{"line":128,"column":5}},"type":"if","locations":[{"start":{"line":19,"column":4},"end":{"line":128,"column":5}},{"start":{"line":19,"column":4},"end":{"line":128,"column":5}}]},"2":{"loc":{"start":{"line":22,"column":8},"end":{"line":24,"column":9}},"type":"if","locations":[{"start":{"line":22,"column":8},"end":{"line":24,"column":9}},{"start":{"line":22,"column":8},"end":{"line":24,"column":9}}]},"3":{"loc":{"start":{"line":35,"column":10},"end":{"line":37,"column":11}},"type":"if","locations":[{"start":{"line":35,"column":10},"end":{"line":37,"column":11}},{"start":{"line":35,"column":10},"end":{"line":37,"column":11}}]},"4":{"loc":{"start":{"line":72,"column":37},"end":{"line":72,"column":78}},"type":"cond-expr","locations":[{"start":{"line":72,"column":62},"end":{"line":72,"column":73}},{"start":{"line":72,"column":76},"end":{"line":72,"column":78}}]},"5":{"loc":{"start":{"line":78,"column":10},"end":{"line":114,"column":11}},"type":"if","locations":[{"start":{"line":78,"column":10},"end":{"line":114,"column":11}},{"start":{"line":78,"column":10},"end":{"line":114,"column":11}}]},"6":{"loc":{"start":{"line":78,"column":14},"end":{"line":78,"column":55}},"type":"binary-expr","locations":[{"start":{"line":78,"column":14},"end":{"line":78,"column":27}},{"start":{"line":78,"column":31},"end":{"line":78,"column":55}}]},"7":{"loc":{"start":{"line":100,"column":14},"end":{"line":102,"column":15}},"type":"if","locations":[{"start":{"line":100,"column":14},"end":{"line":102,"column":15}},{"start":{"line":100,"column":14},"end":{"line":102,"column":15}}]}},"s":{"1":1,"2":0,"3":0,"4":0,"5":0,"6":0,"7":0,"8":0,"9":0,"10":0,"11":0,"12":0,"13":0,"14":0,"15":0,"16":0,"17":0,"18":0,"19":0,"20":0,"21":0,"22":0,"23":0,"24":0,"25":0,"26":0,"27":0,"28":0,"29":0,"30":0,"31":0,"32":0,"33":0,"34":0,"35":0,"36":0,"37":0,"38":0,"39":0,"40":0,"41":0,"42":0,"43":0,"44":0,"45":0,"46":0,"47":0,"48":0,"49":0,"50":0,"51":0,"52":0,"53":0,"54":0,"55":0,"56":0,"57":0,"58":0,"59":0,"60":0,"61":0,"62":0,"63":0,"64":0,"65":1},"f":{"1":0,"2":0,"3":0,"4":0},"b":{"1":[0,0],"2":[0,0],"3":[0,0],"4":[0,0],"5":[0,0],"6":[0,0],"7":[0,0]},"hash":"f748b2aa62896ac094da63051119ad6b3f9761c8"},"D:\\src\\patternlab-node\\core\\lib\\style_modifier_hunter.js":{"path":"D:\\src\\patternlab-node\\core\\lib\\style_modifier_hunter.js","statementMap":{"1":{"start":{"line":3,"column":30},"end":{"line":38,"column":1}},"2":{"start":{"line":14,"column":24},"end":{"line":14,"column":106}},"3":{"start":{"line":16,"column":4},"end":{"line":29,"column":5}},"4":{"start":{"line":18,"column":6},"end":{"line":18,"column":56}},"5":{"start":{"line":20,"column":6},"end":{"line":22,"column":7}},"6":{"start":{"line":21,"column":8},"end":{"line":21,"column":92}},"7":{"start":{"line":25,"column":6},"end":{"line":25,"column":111}},"8":{"start":{"line":28,"column":6},"end":{"line":28,"column":77}},"9":{"start":{"line":32,"column":2},"end":{"line":36,"column":4}},"10":{"start":{"line":34,"column":6},"end":{"line":34,"column":57}},"11":{"start":{"line":40,"column":0},"end":{"line":40,"column":39}}},"fnMap":{"1":{"name":"(anonymous_1)","decl":{"start":{"line":3,"column":30},"end":{"line":3,"column":31}},"loc":{"start":{"line":3,"column":42},"end":{"line":38,"column":1}}},"2":{"name":"consumestylemodifier","decl":{"start":{"line":12,"column":11},"end":{"line":12,"column":31}},"loc":{"start":{"line":12,"column":62},"end":{"line":30,"column":3}}},"3":{"name":"(anonymous_3)","decl":{"start":{"line":33,"column":28},"end":{"line":33,"column":29}},"loc":{"start":{"line":33,"column":68},"end":{"line":35,"column":5}}}},"branchMap":{"1":{"loc":{"start":{"line":14,"column":24},"end":{"line":14,"column":106}},"type":"cond-expr","locations":[{"start":{"line":14,"column":57},"end":{"line":14,"column":99}},{"start":{"line":14,"column":102},"end":{"line":14,"column":106}}]},"2":{"loc":{"start":{"line":16,"column":4},"end":{"line":29,"column":5}},"type":"if","locations":[{"start":{"line":16,"column":4},"end":{"line":29,"column":5}},{"start":{"line":16,"column":4},"end":{"line":29,"column":5}}]},"3":{"loc":{"start":{"line":20,"column":6},"end":{"line":22,"column":7}},"type":"if","locations":[{"start":{"line":20,"column":6},"end":{"line":22,"column":7}},{"start":{"line":20,"column":6},"end":{"line":22,"column":7}}]}},"s":{"1":1,"2":0,"3":0,"4":0,"5":0,"6":0,"7":0,"8":0,"9":0,"10":0,"11":1},"f":{"1":0,"2":0,"3":0},"b":{"1":[0,0],"2":[0,0],"3":[0,0]},"hash":"189f0ecd5e0299057cd9504a9889954d059d7653"},"D:\\src\\patternlab-node\\core\\lib\\parameter_hunter.js":{"path":"D:\\src\\patternlab-node\\core\\lib\\parameter_hunter.js","statementMap":{"1":{"start":{"line":3,"column":25},"end":{"line":301,"column":1}},"2":{"start":{"line":4,"column":17},"end":{"line":4,"column":40}},"3":{"start":{"line":5,"column":12},"end":{"line":5,"column":29}},"4":{"start":{"line":6,"column":19},"end":{"line":6,"column":41}},"5":{"start":{"line":7,"column":13},"end":{"line":7,"column":43}},"6":{"start":{"line":8,"column":14},"end":{"line":8,"column":48}},"7":{"start":{"line":9,"column":32},"end":{"line":9,"column":41}},"8":{"start":{"line":10,"column":28},"end":{"line":10,"column":36}},"9":{"start":{"line":55,"column":19},"end":{"line":55,"column":21}},"10":{"start":{"line":56,"column":17},"end":{"line":56,"column":19}},"11":{"start":{"line":57,"column":22},"end":{"line":57,"column":29}},"12":{"start":{"line":59,"column":19},"end":{"line":59,"column":21}},"13":{"start":{"line":61,"column":19},"end":{"line":61,"column":21}},"14":{"start":{"line":65,"column":4},"end":{"line":65,"column":57}},"15":{"start":{"line":68,"column":4},"end":{"line":68,"column":57}},"16":{"start":{"line":71,"column":4},"end":{"line":71,"column":57}},"17":{"start":{"line":75,"column":4},"end":{"line":167,"column":26}},"18":{"start":{"line":78,"column":6},"end":{"line":120,"column":7}},"19":{"start":{"line":79,"column":8},"end":{"line":79,"column":74}},"20":{"start":{"line":83,"column":8},"end":{"line":94,"column":9}},"21":{"start":{"line":88,"column":12},"end":{"line":88,"column":37}},"22":{"start":{"line":89,"column":12},"end":{"line":89,"column":55}},"23":{"start":{"line":90,"column":12},"end":{"line":90,"column":18}},"24":{"start":{"line":93,"column":12},"end":{"line":93,"column":48}},"25":{"start":{"line":96,"column":8},"end":{"line":119,"column":9}},"26":{"start":{"line":97,"column":10},"end":{"line":97,"column":67}},"27":{"start":{"line":100,"column":10},"end":{"line":100,"column":87}},"28":{"start":{"line":103,"column":10},"end":{"line":103,"column":24}},"29":{"start":{"line":105,"column":15},"end":{"line":119,"column":9}},"30":{"start":{"line":106,"column":10},"end":{"line":106,"column":63}},"31":{"start":{"line":109,"column":10},"end":{"line":109,"column":76}},"32":{"start":{"line":112,"column":10},"end":{"line":112,"column":24}},"33":{"start":{"line":117,"column":10},"end":{"line":117,"column":27}},"34":{"start":{"line":118,"column":10},"end":{"line":118,"column":16}},"35":{"start":{"line":123,"column":6},"end":{"line":166,"column":7}},"36":{"start":{"line":124,"column":8},"end":{"line":124,"column":74}},"37":{"start":{"line":132,"column":8},"end":{"line":148,"column":9}},"38":{"start":{"line":138,"column":12},"end":{"line":138,"column":34}},"39":{"start":{"line":139,"column":12},"end":{"line":139,"column":18}},"40":{"start":{"line":141,"column":12},"end":{"line":141,"column":34}},"41":{"start":{"line":142,"column":12},"end":{"line":142,"column":18}},"42":{"start":{"line":147,"column":12},"end":{"line":147,"column":33}},"43":{"start":{"line":149,"column":8},"end":{"line":149,"column":56}},"44":{"start":{"line":153,"column":8},"end":{"line":153,"column":60}},"45":{"start":{"line":156,"column":8},"end":{"line":159,"column":9}},"46":{"start":{"line":157,"column":10},"end":{"line":157,"column":27}},"47":{"start":{"line":158,"column":10},"end":{"line":158,"column":16}},"48":{"start":{"line":164,"column":8},"end":{"line":164,"column":25}},"49":{"start":{"line":165,"column":8},"end":{"line":165,"column":14}},"50":{"start":{"line":170,"column":4},"end":{"line":170,"column":32}},"51":{"start":{"line":171,"column":4},"end":{"line":224,"column":5}},"52":{"start":{"line":175,"column":6},"end":{"line":201,"column":7}},"53":{"start":{"line":176,"column":8},"end":{"line":176,"column":37}},"54":{"start":{"line":179,"column":8},"end":{"line":179,"column":95}},"55":{"start":{"line":180,"column":8},"end":{"line":180,"column":37}},"56":{"start":{"line":184,"column":8},"end":{"line":193,"column":9}},"57":{"start":{"line":185,"column":10},"end":{"line":185,"column":39}},"58":{"start":{"line":192,"column":10},"end":{"line":192,"column":47}},"59":{"start":{"line":195,"column":8},"end":{"line":195,"column":41}},"60":{"start":{"line":198,"column":8},"end":{"line":200,"column":9}},"61":{"start":{"line":199,"column":10},"end":{"line":199,"column":39}},"62":{"start":{"line":204,"column":6},"end":{"line":204,"column":35}},"63":{"start":{"line":208,"column":6},"end":{"line":218,"column":7}},"64":{"start":{"line":209,"column":8},"end":{"line":209,"column":37}},"65":{"start":{"line":212,"column":8},"end":{"line":212,"column":99}},"66":{"start":{"line":213,"column":8},"end":{"line":213,"column":37}},"67":{"start":{"line":217,"column":8},"end":{"line":217,"column":43}},"68":{"start":{"line":221,"column":6},"end":{"line":223,"column":7}},"69":{"start":{"line":222,"column":8},"end":{"line":222,"column":37}},"70":{"start":{"line":225,"column":4},"end":{"line":225,"column":33}},"71":{"start":{"line":228,"column":4},"end":{"line":228,"column":76}},"72":{"start":{"line":229,"column":4},"end":{"line":229,"column":75}},"73":{"start":{"line":231,"column":4},"end":{"line":231,"column":33}},"74":{"start":{"line":236,"column":4},"end":{"line":292,"column":5}},"75":{"start":{"line":239,"column":6},"end":{"line":291,"column":9}},"76":{"start":{"line":241,"column":28},"end":{"line":241,"column":62}},"77":{"start":{"line":242,"column":31},"end":{"line":242,"column":84}},"78":{"start":{"line":245,"column":8},"end":{"line":245,"column":66}},"79":{"start":{"line":247,"column":8},"end":{"line":249,"column":9}},"80":{"start":{"line":248,"column":10},"end":{"line":248,"column":68}},"81":{"start":{"line":252,"column":26},"end":{"line":252,"column":45}},"82":{"start":{"line":253,"column":27},"end":{"line":253,"column":50}},"83":{"start":{"line":254,"column":28},"end":{"line":254,"column":83}},"84":{"start":{"line":255,"column":38},"end":{"line":255,"column":62}},"85":{"start":{"line":257,"column":24},"end":{"line":257,"column":26}},"86":{"start":{"line":258,"column":25},"end":{"line":258,"column":27}},"87":{"start":{"line":259,"column":24},"end":{"line":259,"column":26}},"88":{"start":{"line":261,"column":8},"end":{"line":268,"column":9}},"89":{"start":{"line":262,"column":10},"end":{"line":262,"column":56}},"90":{"start":{"line":263,"column":10},"end":{"line":263,"column":89}},"91":{"start":{"line":264,"column":10},"end":{"line":264,"column":101}},"92":{"start":{"line":266,"column":10},"end":{"line":266,"column":80}},"93":{"start":{"line":267,"column":10},"end":{"line":267,"column":27}},"94":{"start":{"line":270,"column":22},"end":{"line":270,"column":52}},"95":{"start":{"line":271,"column":8},"end":{"line":271,"column":46}},"96":{"start":{"line":274,"column":8},"end":{"line":274,"column":51}},"97":{"start":{"line":277,"column":8},"end":{"line":279,"column":9}},"98":{"start":{"line":278,"column":10},"end":{"line":278,"column":91}},"99":{"start":{"line":282,"column":8},"end":{"line":282,"column":56}},"100":{"start":{"line":284,"column":32},"end":{"line":284,"column":126}},"101":{"start":{"line":287,"column":8},"end":{"line":287,"column":93}},"102":{"start":{"line":290,"column":8},"end":{"line":290,"column":79}},"103":{"start":{"line":295,"column":2},"end":{"line":299,"column":4}},"104":{"start":{"line":297,"column":6},"end":{"line":297,"column":42}},"105":{"start":{"line":303,"column":0},"end":{"line":303,"column":34}}},"fnMap":{"1":{"name":"(anonymous_1)","decl":{"start":{"line":3,"column":25},"end":{"line":3,"column":26}},"loc":{"start":{"line":3,"column":37},"end":{"line":301,"column":1}}},"2":{"name":"paramToJson","decl":{"start":{"line":54,"column":11},"end":{"line":54,"column":22}},"loc":{"start":{"line":54,"column":32},"end":{"line":232,"column":3}}},"3":{"name":"findparameters","decl":{"start":{"line":234,"column":11},"end":{"line":234,"column":25}},"loc":{"start":{"line":234,"column":47},"end":{"line":293,"column":3}}},"4":{"name":"(anonymous_4)","decl":{"start":{"line":239,"column":42},"end":{"line":239,"column":43}},"loc":{"start":{"line":239,"column":60},"end":{"line":291,"column":7}}},"5":{"name":"(anonymous_5)","decl":{"start":{"line":296,"column":21},"end":{"line":296,"column":22}},"loc":{"start":{"line":296,"column":52},"end":{"line":298,"column":5}}}},"branchMap":{"1":{"loc":{"start":{"line":78,"column":6},"end":{"line":120,"column":7}},"type":"if","locations":[{"start":{"line":78,"column":6},"end":{"line":120,"column":7}},{"start":{"line":78,"column":6},"end":{"line":120,"column":7}}]},"2":{"loc":{"start":{"line":78,"column":10},"end":{"line":78,"column":58}},"type":"binary-expr","locations":[{"start":{"line":78,"column":10},"end":{"line":78,"column":32}},{"start":{"line":78,"column":36},"end":{"line":78,"column":58}}]},"3":{"loc":{"start":{"line":83,"column":8},"end":{"line":94,"column":9}},"type":"switch","locations":[{"start":{"line":86,"column":10},"end":{"line":86,"column":19}},{"start":{"line":87,"column":10},"end":{"line":90,"column":18}},{"start":{"line":92,"column":10},"end":{"line":93,"column":48}}]},"4":{"loc":{"start":{"line":96,"column":8},"end":{"line":119,"column":9}},"type":"if","locations":[{"start":{"line":96,"column":8},"end":{"line":119,"column":9}},{"start":{"line":96,"column":8},"end":{"line":119,"column":9}}]},"5":{"loc":{"start":{"line":105,"column":15},"end":{"line":119,"column":9}},"type":"if","locations":[{"start":{"line":105,"column":15},"end":{"line":119,"column":9}},{"start":{"line":105,"column":15},"end":{"line":119,"column":9}}]},"6":{"loc":{"start":{"line":123,"column":6},"end":{"line":166,"column":7}},"type":"if","locations":[{"start":{"line":123,"column":6},"end":{"line":166,"column":7}},{"start":{"line":123,"column":6},"end":{"line":166,"column":7}}]},"7":{"loc":{"start":{"line":132,"column":8},"end":{"line":148,"column":9}},"type":"switch","locations":[{"start":{"line":137,"column":10},"end":{"line":139,"column":18}},{"start":{"line":140,"column":10},"end":{"line":142,"column":18}},{"start":{"line":146,"column":10},"end":{"line":147,"column":33}}]},"8":{"loc":{"start":{"line":156,"column":8},"end":{"line":159,"column":9}},"type":"if","locations":[{"start":{"line":156,"column":8},"end":{"line":159,"column":9}},{"start":{"line":156,"column":8},"end":{"line":159,"column":9}}]},"9":{"loc":{"start":{"line":175,"column":6},"end":{"line":201,"column":7}},"type":"if","locations":[{"start":{"line":175,"column":6},"end":{"line":201,"column":7}},{"start":{"line":175,"column":6},"end":{"line":201,"column":7}}]},"10":{"loc":{"start":{"line":175,"column":10},"end":{"line":175,"column":69}},"type":"binary-expr","locations":[{"start":{"line":175,"column":10},"end":{"line":175,"column":29}},{"start":{"line":175,"column":33},"end":{"line":175,"column":69}}]},"11":{"loc":{"start":{"line":184,"column":8},"end":{"line":193,"column":9}},"type":"if","locations":[{"start":{"line":184,"column":8},"end":{"line":193,"column":9}},{"start":{"line":184,"column":8},"end":{"line":193,"column":9}}]},"12":{"loc":{"start":{"line":184,"column":12},"end":{"line":184,"column":53}},"type":"binary-expr","locations":[{"start":{"line":184,"column":12},"end":{"line":184,"column":30}},{"start":{"line":184,"column":34},"end":{"line":184,"column":53}}]},"13":{"loc":{"start":{"line":198,"column":8},"end":{"line":200,"column":9}},"type":"if","locations":[{"start":{"line":198,"column":8},"end":{"line":200,"column":9}},{"start":{"line":198,"column":8},"end":{"line":200,"column":9}}]},"14":{"loc":{"start":{"line":198,"column":12},"end":{"line":198,"column":87}},"type":"binary-expr","locations":[{"start":{"line":198,"column":12},"end":{"line":198,"column":47}},{"start":{"line":198,"column":51},"end":{"line":198,"column":87}}]},"15":{"loc":{"start":{"line":208,"column":6},"end":{"line":218,"column":7}},"type":"if","locations":[{"start":{"line":208,"column":6},"end":{"line":218,"column":7}},{"start":{"line":208,"column":6},"end":{"line":218,"column":7}}]},"16":{"loc":{"start":{"line":208,"column":10},"end":{"line":208,"column":75}},"type":"binary-expr","locations":[{"start":{"line":208,"column":10},"end":{"line":208,"column":31}},{"start":{"line":208,"column":35},"end":{"line":208,"column":75}}]},"17":{"loc":{"start":{"line":221,"column":6},"end":{"line":223,"column":7}},"type":"if","locations":[{"start":{"line":221,"column":6},"end":{"line":223,"column":7}},{"start":{"line":221,"column":6},"end":{"line":223,"column":7}}]},"18":{"loc":{"start":{"line":236,"column":4},"end":{"line":292,"column":5}},"type":"if","locations":[{"start":{"line":236,"column":4},"end":{"line":292,"column":5}},{"start":{"line":236,"column":4},"end":{"line":292,"column":5}}]},"19":{"loc":{"start":{"line":236,"column":8},"end":{"line":236,"column":77}},"type":"binary-expr","locations":[{"start":{"line":236,"column":8},"end":{"line":236,"column":35}},{"start":{"line":236,"column":39},"end":{"line":236,"column":77}}]},"20":{"loc":{"start":{"line":247,"column":8},"end":{"line":249,"column":9}},"type":"if","locations":[{"start":{"line":247,"column":8},"end":{"line":249,"column":9}},{"start":{"line":247,"column":8},"end":{"line":249,"column":9}}]},"21":{"loc":{"start":{"line":264,"column":31},"end":{"line":264,"column":57}},"type":"binary-expr","locations":[{"start":{"line":264,"column":31},"end":{"line":264,"column":51}},{"start":{"line":264,"column":55},"end":{"line":264,"column":57}}]},"22":{"loc":{"start":{"line":277,"column":8},"end":{"line":279,"column":9}},"type":"if","locations":[{"start":{"line":277,"column":8},"end":{"line":279,"column":9}},{"start":{"line":277,"column":8},"end":{"line":279,"column":9}}]},"23":{"loc":{"start":{"line":277,"column":12},"end":{"line":277,"column":69}},"type":"binary-expr","locations":[{"start":{"line":277,"column":12},"end":{"line":277,"column":33}},{"start":{"line":277,"column":37},"end":{"line":277,"column":69}}]}},"s":{"1":1,"2":0,"3":0,"4":0,"5":0,"6":0,"7":0,"8":0,"9":0,"10":0,"11":0,"12":0,"13":0,"14":0,"15":0,"16":0,"17":0,"18":0,"19":0,"20":0,"21":0,"22":0,"23":0,"24":0,"25":0,"26":0,"27":0,"28":0,"29":0,"30":0,"31":0,"32":0,"33":0,"34":0,"35":0,"36":0,"37":0,"38":0,"39":0,"40":0,"41":0,"42":0,"43":0,"44":0,"45":0,"46":0,"47":0,"48":0,"49":0,"50":0,"51":0,"52":0,"53":0,"54":0,"55":0,"56":0,"57":0,"58":0,"59":0,"60":0,"61":0,"62":0,"63":0,"64":0,"65":0,"66":0,"67":0,"68":0,"69":0,"70":0,"71":0,"72":0,"73":0,"74":0,"75":0,"76":0,"77":0,"78":0,"79":0,"80":0,"81":0,"82":0,"83":0,"84":0,"85":0,"86":0,"87":0,"88":0,"89":0,"90":0,"91":0,"92":0,"93":0,"94":0,"95":0,"96":0,"97":0,"98":0,"99":0,"100":0,"101":0,"102":0,"103":0,"104":0,"105":1},"f":{"1":0,"2":0,"3":0,"4":0,"5":0},"b":{"1":[0,0],"2":[0,0],"3":[0,0,0],"4":[0,0],"5":[0,0],"6":[0,0],"7":[0,0,0],"8":[0,0],"9":[0,0],"10":[0,0],"11":[0,0],"12":[0,0],"13":[0,0],"14":[0,0],"15":[0,0],"16":[0,0],"17":[0,0],"18":[0,0],"19":[0,0],"20":[0,0],"21":[0,0],"22":[0,0],"23":[0,0]},"hash":"6237a291d025958c605643c8f2d530889eae69e6"}}