{"D:\\src\\patternlab-node\\core\\lib\\patternlab.js":{"path":"D:\\src\\patternlab-node\\core\\lib\\patternlab.js","statementMap":{"1":{"start":{"line":13,"column":17},"end":{"line":13,"column":36}},"2":{"start":{"line":14,"column":13},"end":{"line":14,"column":28}},"3":{"start":{"line":15,"column":13},"end":{"line":15,"column":28}},"4":{"start":{"line":16,"column":10},"end":{"line":16,"column":27}},"5":{"start":{"line":17,"column":13},"end":{"line":17,"column":28}},"6":{"start":{"line":18,"column":14},"end":{"line":18,"column":30}},"7":{"start":{"line":19,"column":18},"end":{"line":19,"column":45}},"8":{"start":{"line":20,"column":17},"end":{"line":20,"column":41}},"9":{"start":{"line":21,"column":11},"end":{"line":21,"column":38}},"10":{"start":{"line":22,"column":20},"end":{"line":22,"column":49}},"11":{"start":{"line":23,"column":16},"end":{"line":23,"column":38}},"12":{"start":{"line":24,"column":17},"end":{"line":24,"column":39}},"13":{"start":{"line":25,"column":21},"end":{"line":25,"column":60}},"14":{"start":{"line":26,"column":11},"end":{"line":26,"column":41}},"15":{"start":{"line":27,"column":11},"end":{"line":27,"column":38}},"16":{"start":{"line":28,"column":11},"end":{"line":28,"column":42}},"17":{"start":{"line":29,"column":11},"end":{"line":29,"column":40}},"18":{"start":{"line":30,"column":16},"end":{"line":30,"column":51}},"19":{"start":{"line":31,"column":21},"end":{"line":31,"column":61}},"20":{"start":{"line":34,"column":9},"end":{"line":34,"column":28}},"21":{"start":{"line":35,"column":17},"end":{"line":35,"column":40}},"22":{"start":{"line":36,"column":23},"end":{"line":36,"column":31}},"23":{"start":{"line":38,"column":26},"end":{"line":38,"column":34}},"24":{"start":{"line":39,"column":23},"end":{"line":39,"column":31}},"25":{"start":{"line":42,"column":0},"end":{"line":42,"column":49}},"26":{"start":{"line":42,"column":31},"end":{"line":42,"column":47}},"27":{"start":{"line":43,"column":0},"end":{"line":43,"column":49}},"28":{"start":{"line":43,"column":31},"end":{"line":43,"column":47}},"29":{"start":{"line":44,"column":0},"end":{"line":44,"column":51}},"30":{"start":{"line":44,"column":33},"end":{"line":44,"column":49}},"31":{"start":{"line":45,"column":0},"end":{"line":45,"column":48}},"32":{"start":{"line":45,"column":30},"end":{"line":45,"column":46}},"33":{"start":{"line":47,"column":23},"end":{"line":47,"column":51}},"34":{"start":{"line":48,"column":21},"end":{"line":48,"column":51}},"35":{"start":{"line":51,"column":20},"end":{"line":51,"column":104}},"36":{"start":{"line":52,"column":20},"end":{"line":52,"column":22}},"37":{"start":{"line":53,"column":2},"end":{"line":56,"column":5}},"38":{"start":{"line":54,"column":21},"end":{"line":54,"column":71}},"39":{"start":{"line":55,"column":4},"end":{"line":55,"column":49}},"40":{"start":{"line":57,"column":2},"end":{"line":57,"column":21}},"41":{"start":{"line":64,"column":33},"end":{"line":87,"column":4}},"42":{"start":{"line":65,"column":4},"end":{"line":86,"column":6}},"43":{"start":{"line":69,"column":8},"end":{"line":72,"column":9}},"44":{"start":{"line":70,"column":10},"end":{"line":70,"column":70}},"45":{"start":{"line":71,"column":10},"end":{"line":71,"column":17}},"46":{"start":{"line":83,"column":8},"end":{"line":83,"column":96}},"47":{"start":{"line":88,"column":2},"end":{"line":97,"column":5}},"48":{"start":{"line":94,"column":4},"end":{"line":96,"column":8}},"49":{"start":{"line":95,"column":6},"end":{"line":95,"column":78}},"50":{"start":{"line":101,"column":2},"end":{"line":111,"column":4}},"51":{"start":{"line":105,"column":6},"end":{"line":108,"column":7}},"52":{"start":{"line":106,"column":8},"end":{"line":106,"column":25}},"53":{"start":{"line":107,"column":8},"end":{"line":107,"column":15}},"54":{"start":{"line":109,"column":6},"end":{"line":109,"column":97}},"55":{"start":{"line":116,"column":29},"end":{"line":120,"column":3}},"56":{"start":{"line":122,"column":2},"end":{"line":127,"column":3}},"57":{"start":{"line":123,"column":4},"end":{"line":123,"column":108}},"58":{"start":{"line":124,"column":4},"end":{"line":124,"column":36}},"59":{"start":{"line":125,"column":4},"end":{"line":125,"column":152}},"60":{"start":{"line":126,"column":4},"end":{"line":126,"column":18}},"61":{"start":{"line":128,"column":2},"end":{"line":128,"column":108}},"62":{"start":{"line":130,"column":2},"end":{"line":133,"column":3}},"63":{"start":{"line":131,"column":4},"end":{"line":131,"column":178}},"64":{"start":{"line":132,"column":4},"end":{"line":132,"column":189}},"65":{"start":{"line":145,"column":2},"end":{"line":145,"column":45}},"66":{"start":{"line":145,"column":36},"end":{"line":145,"column":43}},"67":{"start":{"line":147,"column":25},"end":{"line":147,"column":107}},"68":{"start":{"line":148,"column":23},"end":{"line":148,"column":54}},"69":{"start":{"line":150,"column":2},"end":{"line":164,"column":3}},"70":{"start":{"line":152,"column":4},"end":{"line":163,"column":5}},"71":{"start":{"line":154,"column":24},"end":{"line":154,"column":39}},"72":{"start":{"line":156,"column":6},"end":{"line":159,"column":7}},"73":{"start":{"line":157,"column":8},"end":{"line":157,"column":49}},"74":{"start":{"line":158,"column":8},"end":{"line":158,"column":65}},"75":{"start":{"line":161,"column":21},"end":{"line":161,"column":58}},"76":{"start":{"line":162,"column":6},"end":{"line":162,"column":25}},"77":{"start":{"line":173,"column":21},"end":{"line":173,"column":74}},"78":{"start":{"line":174,"column":17},"end":{"line":174,"column":66}},"79":{"start":{"line":175,"column":25},"end":{"line":175,"column":51}},"80":{"start":{"line":177,"column":2},"end":{"line":177,"column":44}},"81":{"start":{"line":181,"column":2},"end":{"line":181,"column":26}},"82":{"start":{"line":183,"column":0},"end":{"line":183,"column":47}},"83":{"start":{"line":185,"column":26},"end":{"line":697,"column":1}},"84":{"start":{"line":186,"column":21},"end":{"line":186,"column":23}},"85":{"start":{"line":188,"column":2},"end":{"line":188,"column":38}},"86":{"start":{"line":189,"column":2},"end":{"line":189,"column":44}},"87":{"start":{"line":191,"column":2},"end":{"line":191,"column":86}},"88":{"start":{"line":192,"column":2},"end":{"line":192,"column":105}},"89":{"start":{"line":193,"column":2},"end":{"line":193,"column":51}},"90":{"start":{"line":196,"column":2},"end":{"line":196,"column":26}},"91":{"start":{"line":198,"column":2},"end":{"line":198,"column":33}},"92":{"start":{"line":201,"column":2},"end":{"line":201,"column":32}},"93":{"start":{"line":203,"column":16},"end":{"line":203,"column":39}},"94":{"start":{"line":206,"column":4},"end":{"line":206,"column":38}},"95":{"start":{"line":210,"column":4},"end":{"line":210,"column":44}},"96":{"start":{"line":214,"column":4},"end":{"line":214,"column":59}},"97":{"start":{"line":219,"column":4},"end":{"line":219,"column":20}},"98":{"start":{"line":221,"column":4},"end":{"line":221,"column":61}},"99":{"start":{"line":222,"column":4},"end":{"line":222,"column":79}},"100":{"start":{"line":223,"column":4},"end":{"line":223,"column":61}},"101":{"start":{"line":225,"column":4},"end":{"line":225,"column":20}},"102":{"start":{"line":226,"column":4},"end":{"line":226,"column":75}},"103":{"start":{"line":227,"column":4},"end":{"line":227,"column":20}},"104":{"start":{"line":229,"column":4},"end":{"line":229,"column":39}},"105":{"start":{"line":230,"column":4},"end":{"line":230,"column":94}},"106":{"start":{"line":231,"column":4},"end":{"line":231,"column":20}},"107":{"start":{"line":233,"column":4},"end":{"line":233,"column":46}},"108":{"start":{"line":234,"column":4},"end":{"line":234,"column":86}},"109":{"start":{"line":235,"column":4},"end":{"line":235,"column":20}},"110":{"start":{"line":237,"column":4},"end":{"line":237,"column":41}},"111":{"start":{"line":238,"column":4},"end":{"line":238,"column":81}},"112":{"start":{"line":239,"column":4},"end":{"line":239,"column":20}},"113":{"start":{"line":241,"column":4},"end":{"line":241,"column":38}},"114":{"start":{"line":242,"column":4},"end":{"line":242,"column":120}},"115":{"start":{"line":243,"column":4},"end":{"line":243,"column":20}},"116":{"start":{"line":245,"column":4},"end":{"line":245,"column":49}},"117":{"start":{"line":246,"column":4},"end":{"line":246,"column":131}},"118":{"start":{"line":247,"column":4},"end":{"line":247,"column":20}},"119":{"start":{"line":249,"column":4},"end":{"line":249,"column":48}},"120":{"start":{"line":250,"column":4},"end":{"line":250,"column":69}},"121":{"start":{"line":251,"column":4},"end":{"line":251,"column":134}},"122":{"start":{"line":252,"column":4},"end":{"line":252,"column":99}},"123":{"start":{"line":253,"column":4},"end":{"line":253,"column":35}},"124":{"start":{"line":254,"column":4},"end":{"line":254,"column":33}},"125":{"start":{"line":255,"column":4},"end":{"line":255,"column":63}},"126":{"start":{"line":256,"column":4},"end":{"line":256,"column":35}},"127":{"start":{"line":257,"column":4},"end":{"line":257,"column":85}},"128":{"start":{"line":258,"column":4},"end":{"line":258,"column":40}},"129":{"start":{"line":259,"column":4},"end":{"line":259,"column":87}},"130":{"start":{"line":260,"column":4},"end":{"line":260,"column":20}},"131":{"start":{"line":262,"column":4},"end":{"line":262,"column":51}},"132":{"start":{"line":263,"column":4},"end":{"line":263,"column":20}},"133":{"start":{"line":264,"column":4},"end":{"line":264,"column":79}},"134":{"start":{"line":265,"column":4},"end":{"line":265,"column":97}},"135":{"start":{"line":266,"column":4},"end":{"line":266,"column":125}},"136":{"start":{"line":267,"column":4},"end":{"line":267,"column":20}},"137":{"start":{"line":268,"column":4},"end":{"line":268,"column":51}},"138":{"start":{"line":277,"column":6},"end":{"line":279,"column":7}},"139":{"start":{"line":278,"column":8},"end":{"line":278,"column":58}},"140":{"start":{"line":280,"column":6},"end":{"line":280,"column":19}},"141":{"start":{"line":284,"column":4},"end":{"line":287,"column":5}},"142":{"start":{"line":285,"column":6},"end":{"line":285,"column":72}},"143":{"start":{"line":286,"column":6},"end":{"line":286,"column":100}},"144":{"start":{"line":291,"column":4},"end":{"line":298,"column":5}},"145":{"start":{"line":292,"column":6},"end":{"line":294,"column":7}},"146":{"start":{"line":293,"column":8},"end":{"line":293,"column":70}},"147":{"start":{"line":295,"column":6},"end":{"line":295,"column":52}},"148":{"start":{"line":297,"column":6},"end":{"line":297,"column":33}},"149":{"start":{"line":302,"column":31},"end":{"line":302,"column":56}},"150":{"start":{"line":303,"column":4},"end":{"line":303,"column":49}},"151":{"start":{"line":307,"column":31},"end":{"line":307,"column":56}},"152":{"start":{"line":308,"column":4},"end":{"line":308,"column":62}},"153":{"start":{"line":315,"column":4},"end":{"line":328,"column":5}},"154":{"start":{"line":316,"column":23},"end":{"line":316,"column":75}},"155":{"start":{"line":317,"column":26},"end":{"line":317,"column":65}},"156":{"start":{"line":318,"column":6},"end":{"line":318,"column":63}},"157":{"start":{"line":319,"column":6},"end":{"line":319,"column":36}},"158":{"start":{"line":320,"column":6},"end":{"line":320,"column":39}},"159":{"start":{"line":321,"column":6},"end":{"line":321,"column":72}},"160":{"start":{"line":322,"column":6},"end":{"line":322,"column":57}},"161":{"start":{"line":325,"column":6},"end":{"line":325,"column":373}},"162":{"start":{"line":326,"column":6},"end":{"line":326,"column":55}},"163":{"start":{"line":326,"column":37},"end":{"line":326,"column":53}},"164":{"start":{"line":327,"column":6},"end":{"line":327,"column":22}},"165":{"start":{"line":335,"column":4},"end":{"line":348,"column":5}},"166":{"start":{"line":336,"column":23},"end":{"line":336,"column":75}},"167":{"start":{"line":337,"column":26},"end":{"line":337,"column":65}},"168":{"start":{"line":338,"column":6},"end":{"line":338,"column":63}},"169":{"start":{"line":339,"column":6},"end":{"line":339,"column":36}},"170":{"start":{"line":340,"column":6},"end":{"line":340,"column":39}},"171":{"start":{"line":341,"column":6},"end":{"line":341,"column":72}},"172":{"start":{"line":342,"column":6},"end":{"line":342,"column":57}},"173":{"start":{"line":345,"column":6},"end":{"line":345,"column":373}},"174":{"start":{"line":346,"column":6},"end":{"line":346,"column":55}},"175":{"start":{"line":346,"column":37},"end":{"line":346,"column":53}},"176":{"start":{"line":347,"column":6},"end":{"line":347,"column":22}},"177":{"start":{"line":352,"column":26},"end":{"line":352,"column":36}},"178":{"start":{"line":352,"column":33},"end":{"line":352,"column":36}},"179":{"start":{"line":353,"column":29},"end":{"line":353,"column":82}},"180":{"start":{"line":353,"column":43},"end":{"line":353,"column":82}},"181":{"start":{"line":354,"column":21},"end":{"line":354,"column":103}},"182":{"start":{"line":354,"column":29},"end":{"line":354,"column":103}},"183":{"start":{"line":355,"column":24},"end":{"line":355,"column":74}},"184":{"start":{"line":356,"column":16},"end":{"line":356,"column":30}},"185":{"start":{"line":359,"column":23},"end":{"line":367,"column":5}},"186":{"start":{"line":370,"column":24},"end":{"line":376,"column":5}},"187":{"start":{"line":379,"column":4},"end":{"line":379,"column":85}},"188":{"start":{"line":379,"column":35},"end":{"line":379,"column":83}},"189":{"start":{"line":384,"column":4},"end":{"line":386,"column":5}},"190":{"start":{"line":385,"column":6},"end":{"line":385,"column":19}},"191":{"start":{"line":389,"column":4},"end":{"line":389,"column":95}},"192":{"start":{"line":392,"column":4},"end":{"line":392,"column":46}},"193":{"start":{"line":393,"column":4},"end":{"line":393,"column":62}},"194":{"start":{"line":394,"column":4},"end":{"line":394,"column":48}},"195":{"start":{"line":395,"column":4},"end":{"line":395,"column":64}},"196":{"start":{"line":396,"column":4},"end":{"line":396,"column":98}},"197":{"start":{"line":398,"column":4},"end":{"line":398,"column":88}},"198":{"start":{"line":402,"column":4},"end":{"line":407,"column":5}},"199":{"start":{"line":403,"column":6},"end":{"line":403,"column":82}},"200":{"start":{"line":405,"column":6},"end":{"line":405,"column":76}},"201":{"start":{"line":406,"column":6},"end":{"line":406,"column":23}},"202":{"start":{"line":408,"column":4},"end":{"line":408,"column":53}},"203":{"start":{"line":409,"column":4},"end":{"line":409,"column":49}},"204":{"start":{"line":412,"column":4},"end":{"line":412,"column":26}},"205":{"start":{"line":413,"column":21},"end":{"line":413,"column":77}},"206":{"start":{"line":416,"column":4},"end":{"line":416,"column":83}},"207":{"start":{"line":422,"column":22},"end":{"line":422,"column":81}},"208":{"start":{"line":423,"column":4},"end":{"line":423,"column":30}},"209":{"start":{"line":424,"column":4},"end":{"line":424,"column":30}},"210":{"start":{"line":425,"column":4},"end":{"line":425,"column":33}},"211":{"start":{"line":427,"column":4},"end":{"line":450,"column":7}},"212":{"start":{"line":453,"column":26},"end":{"line":457,"column":6}},"213":{"start":{"line":460,"column":4},"end":{"line":465,"column":5}},"214":{"start":{"line":461,"column":6},"end":{"line":461,"column":88}},"215":{"start":{"line":463,"column":6},"end":{"line":463,"column":76}},"216":{"start":{"line":464,"column":6},"end":{"line":464,"column":23}},"217":{"start":{"line":466,"column":4},"end":{"line":466,"column":65}},"218":{"start":{"line":467,"column":4},"end":{"line":467,"column":49}},"219":{"start":{"line":469,"column":23},"end":{"line":469,"column":90}},"220":{"start":{"line":471,"column":4},"end":{"line":471,"column":82}},"221":{"start":{"line":474,"column":4},"end":{"line":474,"column":53}},"222":{"start":{"line":476,"column":4},"end":{"line":476,"column":80}},"223":{"start":{"line":479,"column":4},"end":{"line":479,"column":92}},"224":{"start":{"line":480,"column":4},"end":{"line":480,"column":65}},"225":{"start":{"line":481,"column":4},"end":{"line":481,"column":16}},"226":{"start":{"line":496,"column":4},"end":{"line":498,"column":5}},"227":{"start":{"line":497,"column":6},"end":{"line":497,"column":34}},"228":{"start":{"line":499,"column":4},"end":{"line":499,"column":49}},"229":{"start":{"line":504,"column":4},"end":{"line":510,"column":5}},"230":{"start":{"line":505,"column":6},"end":{"line":509,"column":8}},"231":{"start":{"line":512,"column":4},"end":{"line":512,"column":73}},"232":{"start":{"line":514,"column":18},"end":{"line":514,"column":71}},"233":{"start":{"line":516,"column":30},"end":{"line":516,"column":63}},"234":{"start":{"line":518,"column":4},"end":{"line":524,"column":5}},"235":{"start":{"line":519,"column":6},"end":{"line":520,"column":91}},"236":{"start":{"line":523,"column":6},"end":{"line":523,"column":40}},"237":{"start":{"line":527,"column":37},"end":{"line":527,"column":77}},"238":{"start":{"line":529,"column":4},"end":{"line":535,"column":5}},"239":{"start":{"line":530,"column":6},"end":{"line":530,"column":54}},"240":{"start":{"line":533,"column":6},"end":{"line":533,"column":43}},"241":{"start":{"line":534,"column":6},"end":{"line":534,"column":45}},"242":{"start":{"line":537,"column":4},"end":{"line":542,"column":5}},"243":{"start":{"line":538,"column":6},"end":{"line":538,"column":64}},"244":{"start":{"line":540,"column":6},"end":{"line":540,"column":123}},"245":{"start":{"line":541,"column":6},"end":{"line":541,"column":27}},"246":{"start":{"line":543,"column":4},"end":{"line":548,"column":5}},"247":{"start":{"line":544,"column":6},"end":{"line":544,"column":96}},"248":{"start":{"line":546,"column":6},"end":{"line":546,"column":146}},"249":{"start":{"line":547,"column":6},"end":{"line":547,"column":32}},"250":{"start":{"line":549,"column":4},"end":{"line":559,"column":5}},"251":{"start":{"line":550,"column":6},"end":{"line":550,"column":112}},"252":{"start":{"line":551,"column":6},"end":{"line":551,"column":112}},"253":{"start":{"line":552,"column":6},"end":{"line":552,"column":117}},"254":{"start":{"line":553,"column":6},"end":{"line":553,"column":131}},"255":{"start":{"line":554,"column":6},"end":{"line":554,"column":103}},"256":{"start":{"line":556,"column":6},"end":{"line":556,"column":22}},"257":{"start":{"line":557,"column":6},"end":{"line":557,"column":146}},"258":{"start":{"line":558,"column":6},"end":{"line":558,"column":22}},"259":{"start":{"line":560,"column":4},"end":{"line":560,"column":29}},"260":{"start":{"line":561,"column":4},"end":{"line":561,"column":36}},"261":{"start":{"line":562,"column":4},"end":{"line":562,"column":29}},"262":{"start":{"line":563,"column":4},"end":{"line":563,"column":30}},"263":{"start":{"line":565,"column":4},"end":{"line":565,"column":19}},"264":{"start":{"line":567,"column":4},"end":{"line":567,"column":52}},"265":{"start":{"line":569,"column":4},"end":{"line":569,"column":75}},"266":{"start":{"line":572,"column":4},"end":{"line":646,"column":7}},"267":{"start":{"line":574,"column":6},"end":{"line":574,"column":77}},"268":{"start":{"line":578,"column":6},"end":{"line":578,"column":53}},"269":{"start":{"line":583,"column":6},"end":{"line":583,"column":69}},"270":{"start":{"line":586,"column":6},"end":{"line":586,"column":27}},"271":{"start":{"line":587,"column":6},"end":{"line":587,"column":27}},"272":{"start":{"line":590,"column":6},"end":{"line":590,"column":56}},"273":{"start":{"line":594,"column":6},"end":{"line":598,"column":7}},"274":{"start":{"line":595,"column":8},"end":{"line":595,"column":35}},"275":{"start":{"line":597,"column":8},"end":{"line":597,"column":33}},"276":{"start":{"line":601,"column":6},"end":{"line":603,"column":9}},"277":{"start":{"line":607,"column":28},"end":{"line":607,"column":32}},"278":{"start":{"line":611,"column":6},"end":{"line":611,"column":29}},"279":{"start":{"line":613,"column":6},"end":{"line":630,"column":7}},"280":{"start":{"line":616,"column":8},"end":{"line":618,"column":11}},"281":{"start":{"line":617,"column":10},"end":{"line":617,"column":51}},"282":{"start":{"line":621,"column":20},"end":{"line":621,"column":40}},"283":{"start":{"line":622,"column":8},"end":{"line":622,"column":66}},"284":{"start":{"line":623,"column":8},"end":{"line":623,"column":58}},"285":{"start":{"line":626,"column":8},"end":{"line":626,"column":46}},"286":{"start":{"line":627,"column":8},"end":{"line":629,"column":9}},"287":{"start":{"line":628,"column":10},"end":{"line":628,"column":54}},"288":{"start":{"line":633,"column":6},"end":{"line":633,"column":77}},"289":{"start":{"line":633,"column":41},"end":{"line":633,"column":75}},"290":{"start":{"line":636,"column":6},"end":{"line":636,"column":43}},"291":{"start":{"line":637,"column":6},"end":{"line":640,"column":7}},"292":{"start":{"line":638,"column":8},"end":{"line":638,"column":68}},"293":{"start":{"line":639,"column":8},"end":{"line":639,"column":116}},"294":{"start":{"line":643,"column":6},"end":{"line":643,"column":51}},"295":{"start":{"line":645,"column":6},"end":{"line":645,"column":52}},"296":{"start":{"line":649,"column":2},"end":{"line":696,"column":4}},"297":{"start":{"line":651,"column":6},"end":{"line":651,"column":26}},"298":{"start":{"line":654,"column":6},"end":{"line":654,"column":26}},"299":{"start":{"line":657,"column":6},"end":{"line":660,"column":7}},"300":{"start":{"line":658,"column":8},"end":{"line":658,"column":86}},"301":{"start":{"line":659,"column":8},"end":{"line":659,"column":33}},"302":{"start":{"line":661,"column":6},"end":{"line":661,"column":31}},"303":{"start":{"line":662,"column":6},"end":{"line":667,"column":9}},"304":{"start":{"line":663,"column":8},"end":{"line":663,"column":51}},"305":{"start":{"line":664,"column":8},"end":{"line":664,"column":21}},"306":{"start":{"line":665,"column":8},"end":{"line":665,"column":34}},"307":{"start":{"line":666,"column":8},"end":{"line":666,"column":19}},"308":{"start":{"line":670,"column":6},"end":{"line":670,"column":13}},"309":{"start":{"line":673,"column":6},"end":{"line":676,"column":7}},"310":{"start":{"line":674,"column":8},"end":{"line":674,"column":86}},"311":{"start":{"line":675,"column":8},"end":{"line":675,"column":33}},"312":{"start":{"line":677,"column":6},"end":{"line":677,"column":31}},"313":{"start":{"line":678,"column":6},"end":{"line":682,"column":9}},"314":{"start":{"line":679,"column":8},"end":{"line":679,"column":21}},"315":{"start":{"line":680,"column":8},"end":{"line":680,"column":34}},"316":{"start":{"line":681,"column":8},"end":{"line":681,"column":19}},"317":{"start":{"line":685,"column":6},"end":{"line":685,"column":31}},"318":{"start":{"line":688,"column":6},"end":{"line":688,"column":44}},"319":{"start":{"line":691,"column":6},"end":{"line":691,"column":32}},"320":{"start":{"line":694,"column":6},"end":{"line":694,"column":46}},"321":{"start":{"line":702,"column":0},"end":{"line":702,"column":56}},"322":{"start":{"line":703,"column":0},"end":{"line":703,"column":79}},"323":{"start":{"line":704,"column":0},"end":{"line":704,"column":79}},"324":{"start":{"line":706,"column":0},"end":{"line":706,"column":35}}},"fnMap":{"1":{"name":"(anonymous_1)","decl":{"start":{"line":42,"column":24},"end":{"line":42,"column":25}},"loc":{"start":{"line":42,"column":31},"end":{"line":42,"column":47}}},"2":{"name":"(anonymous_2)","decl":{"start":{"line":43,"column":24},"end":{"line":43,"column":25}},"loc":{"start":{"line":43,"column":31},"end":{"line":43,"column":47}}},"3":{"name":"(anonymous_3)","decl":{"start":{"line":44,"column":26},"end":{"line":44,"column":27}},"loc":{"start":{"line":44,"column":33},"end":{"line":44,"column":49}}},"4":{"name":"(anonymous_4)","decl":{"start":{"line":45,"column":23},"end":{"line":45,"column":24}},"loc":{"start":{"line":45,"column":30},"end":{"line":45,"column":46}}},"5":{"name":"buildPatternData","decl":{"start":{"line":50,"column":9},"end":{"line":50,"column":25}},"loc":{"start":{"line":50,"column":48},"end":{"line":58,"column":1}}},"6":{"name":"(anonymous_6)","decl":{"start":{"line":53,"column":20},"end":{"line":53,"column":21}},"loc":{"start":{"line":53,"column":40},"end":{"line":56,"column":3}}},"7":{"name":"processAllPatternsIterative","decl":{"start":{"line":62,"column":9},"end":{"line":62,"column":36}},"loc":{"start":{"line":62,"column":63},"end":{"line":98,"column":1}}},"8":{"name":"(anonymous_8)","decl":{"start":{"line":64,"column":45},"end":{"line":64,"column":46}},"loc":{"start":{"line":64,"column":64},"end":{"line":87,"column":3}}},"9":{"name":"(anonymous_9)","decl":{"start":{"line":67,"column":6},"end":{"line":67,"column":7}},"loc":{"start":{"line":67,"column":21},"end":{"line":84,"column":7}}},"10":{"name":"(anonymous_10)","decl":{"start":{"line":88,"column":37},"end":{"line":88,"column":38}},"loc":{"start":{"line":88,"column":43},"end":{"line":97,"column":3}}},"11":{"name":"(anonymous_11)","decl":{"start":{"line":94,"column":47},"end":{"line":94,"column":48}},"loc":{"start":{"line":94,"column":60},"end":{"line":96,"column":5}}},"12":{"name":"processAllPatternsRecursive","decl":{"start":{"line":100,"column":9},"end":{"line":100,"column":36}},"loc":{"start":{"line":100,"column":63},"end":{"line":112,"column":1}}},"13":{"name":"(anonymous_13)","decl":{"start":{"line":103,"column":4},"end":{"line":103,"column":5}},"loc":{"start":{"line":103,"column":25},"end":{"line":110,"column":5}}},"14":{"name":"checkConfiguration","decl":{"start":{"line":114,"column":9},"end":{"line":114,"column":27}},"loc":{"start":{"line":114,"column":40},"end":{"line":135,"column":1}}},"15":{"name":"initializePlugins","decl":{"start":{"line":143,"column":9},"end":{"line":143,"column":26}},"loc":{"start":{"line":143,"column":39},"end":{"line":165,"column":1}}},"16":{"name":"installPlugin","decl":{"start":{"line":171,"column":9},"end":{"line":171,"column":22}},"loc":{"start":{"line":171,"column":35},"end":{"line":178,"column":1}}},"17":{"name":"PatternLabEventEmitter","decl":{"start":{"line":180,"column":9},"end":{"line":180,"column":31}},"loc":{"start":{"line":180,"column":34},"end":{"line":182,"column":1}}},"18":{"name":"(anonymous_18)","decl":{"start":{"line":185,"column":26},"end":{"line":185,"column":27}},"loc":{"start":{"line":185,"column":44},"end":{"line":697,"column":1}}},"19":{"name":"getVersion","decl":{"start":{"line":205,"column":11},"end":{"line":205,"column":21}},"loc":{"start":{"line":205,"column":24},"end":{"line":207,"column":3}}},"20":{"name":"logVersion","decl":{"start":{"line":209,"column":11},"end":{"line":209,"column":21}},"loc":{"start":{"line":209,"column":24},"end":{"line":211,"column":3}}},"21":{"name":"getSupportedTemplateExtensions","decl":{"start":{"line":213,"column":11},"end":{"line":213,"column":41}},"loc":{"start":{"line":213,"column":44},"end":{"line":215,"column":3}}},"22":{"name":"help","decl":{"start":{"line":217,"column":11},"end":{"line":217,"column":15}},"loc":{"start":{"line":217,"column":18},"end":{"line":269,"column":3}}},"23":{"name":"printDebug","decl":{"start":{"line":271,"column":11},"end":{"line":271,"column":21}},"loc":{"start":{"line":271,"column":24},"end":{"line":288,"column":3}}},"24":{"name":"propertyStringReplacer","decl":{"start":{"line":276,"column":13},"end":{"line":276,"column":35}},"loc":{"start":{"line":276,"column":48},"end":{"line":281,"column":5}}},"25":{"name":"setCacheBust","decl":{"start":{"line":290,"column":11},"end":{"line":290,"column":23}},"loc":{"start":{"line":290,"column":26},"end":{"line":299,"column":3}}},"26":{"name":"listStarterkits","decl":{"start":{"line":301,"column":11},"end":{"line":301,"column":26}},"loc":{"start":{"line":301,"column":29},"end":{"line":304,"column":3}}},"27":{"name":"loadStarterKit","decl":{"start":{"line":306,"column":11},"end":{"line":306,"column":25}},"loc":{"start":{"line":306,"column":49},"end":{"line":309,"column":3}}},"28":{"name":"processHeadPattern","decl":{"start":{"line":314,"column":11},"end":{"line":314,"column":29}},"loc":{"start":{"line":314,"column":32},"end":{"line":329,"column":3}}},"29":{"name":"processFootPattern","decl":{"start":{"line":334,"column":11},"end":{"line":334,"column":29}},"loc":{"start":{"line":334,"column":32},"end":{"line":349,"column":3}}},"30":{"name":"writePatternFiles","decl":{"start":{"line":351,"column":11},"end":{"line":351,"column":28}},"loc":{"start":{"line":351,"column":60},"end":{"line":380,"column":3}}},"31":{"name":"(anonymous_31)","decl":{"start":{"line":352,"column":26},"end":{"line":352,"column":27}},"loc":{"start":{"line":352,"column":33},"end":{"line":352,"column":36}}},"32":{"name":"(anonymous_32)","decl":{"start":{"line":353,"column":29},"end":{"line":353,"column":30}},"loc":{"start":{"line":353,"column":43},"end":{"line":353,"column":82}}},"33":{"name":"(anonymous_33)","decl":{"start":{"line":354,"column":21},"end":{"line":354,"column":22}},"loc":{"start":{"line":354,"column":29},"end":{"line":354,"column":103}}},"34":{"name":"(anonymous_34)","decl":{"start":{"line":379,"column":24},"end":{"line":379,"column":25}},"loc":{"start":{"line":379,"column":35},"end":{"line":379,"column":83}}},"35":{"name":"renderSinglePattern","decl":{"start":{"line":382,"column":11},"end":{"line":382,"column":30}},"loc":{"start":{"line":382,"column":46},"end":{"line":482,"column":3}}},"36":{"name":"loadPatternGraph","decl":{"start":{"line":494,"column":11},"end":{"line":494,"column":27}},"loc":{"start":{"line":494,"column":46},"end":{"line":500,"column":3}}},"37":{"name":"buildPatterns","decl":{"start":{"line":502,"column":11},"end":{"line":502,"column":24}},"loc":{"start":{"line":502,"column":43},"end":{"line":647,"column":3}}},"38":{"name":"(anonymous_38)","decl":{"start":{"line":572,"column":79},"end":{"line":572,"column":80}},"loc":{"start":{"line":572,"column":85},"end":{"line":644,"column":5}}},"39":{"name":"(anonymous_39)","decl":{"start":{"line":616,"column":40},"end":{"line":616,"column":41}},"loc":{"start":{"line":616,"column":45},"end":{"line":618,"column":9}}},"40":{"name":"(anonymous_40)","decl":{"start":{"line":633,"column":30},"end":{"line":633,"column":31}},"loc":{"start":{"line":633,"column":41},"end":{"line":633,"column":75}}},"41":{"name":"(anonymous_41)","decl":{"start":{"line":644,"column":13},"end":{"line":644,"column":14}},"loc":{"start":{"line":644,"column":22},"end":{"line":646,"column":5}}},"42":{"name":"(anonymous_42)","decl":{"start":{"line":650,"column":13},"end":{"line":650,"column":14}},"loc":{"start":{"line":650,"column":25},"end":{"line":652,"column":5}}},"43":{"name":"(anonymous_43)","decl":{"start":{"line":653,"column":7},"end":{"line":653,"column":8}},"loc":{"start":{"line":653,"column":19},"end":{"line":655,"column":5}}},"44":{"name":"(anonymous_44)","decl":{"start":{"line":656,"column":11},"end":{"line":656,"column":12}},"loc":{"start":{"line":656,"column":49},"end":{"line":668,"column":5}}},"45":{"name":"(anonymous_45)","decl":{"start":{"line":662,"column":50},"end":{"line":662,"column":51}},"loc":{"start":{"line":662,"column":56},"end":{"line":667,"column":7}}},"46":{"name":"(anonymous_46)","decl":{"start":{"line":669,"column":10},"end":{"line":669,"column":11}},"loc":{"start":{"line":669,"column":22},"end":{"line":671,"column":5}}},"47":{"name":"(anonymous_47)","decl":{"start":{"line":672,"column":18},"end":{"line":672,"column":19}},"loc":{"start":{"line":672,"column":56},"end":{"line":683,"column":5}}},"48":{"name":"(anonymous_48)","decl":{"start":{"line":678,"column":50},"end":{"line":678,"column":51}},"loc":{"start":{"line":678,"column":56},"end":{"line":682,"column":7}}},"49":{"name":"(anonymous_49)","decl":{"start":{"line":684,"column":21},"end":{"line":684,"column":22}},"loc":{"start":{"line":684,"column":33},"end":{"line":686,"column":5}}},"50":{"name":"(anonymous_50)","decl":{"start":{"line":687,"column":20},"end":{"line":687,"column":21}},"loc":{"start":{"line":687,"column":53},"end":{"line":689,"column":5}}},"51":{"name":"(anonymous_51)","decl":{"start":{"line":690,"column":19},"end":{"line":690,"column":20}},"loc":{"start":{"line":690,"column":41},"end":{"line":692,"column":5}}},"52":{"name":"(anonymous_52)","decl":{"start":{"line":693,"column":36},"end":{"line":693,"column":37}},"loc":{"start":{"line":693,"column":48},"end":{"line":695,"column":5}}}},"branchMap":{"1":{"loc":{"start":{"line":69,"column":8},"end":{"line":72,"column":9}},"type":"if","locations":[{"start":{"line":69,"column":8},"end":{"line":72,"column":9}},{"start":{"line":69,"column":8},"end":{"line":72,"column":9}}]},"2":{"loc":{"start":{"line":105,"column":6},"end":{"line":108,"column":7}},"type":"if","locations":[{"start":{"line":105,"column":6},"end":{"line":108,"column":7}},{"start":{"line":105,"column":6},"end":{"line":108,"column":7}}]},"3":{"loc":{"start":{"line":122,"column":2},"end":{"line":127,"column":3}},"type":"if","locations":[{"start":{"line":122,"column":2},"end":{"line":127,"column":3}},{"start":{"line":122,"column":2},"end":{"line":127,"column":3}}]},"4":{"loc":{"start":{"line":130,"column":2},"end":{"line":133,"column":3}},"type":"if","locations":[{"start":{"line":130,"column":2},"end":{"line":133,"column":3}},{"start":{"line":130,"column":2},"end":{"line":133,"column":3}}]},"5":{"loc":{"start":{"line":145,"column":2},"end":{"line":145,"column":45}},"type":"if","locations":[{"start":{"line":145,"column":2},"end":{"line":145,"column":45}},{"start":{"line":145,"column":2},"end":{"line":145,"column":45}}]},"6":{"loc":{"start":{"line":150,"column":2},"end":{"line":164,"column":3}},"type":"if","locations":[{"start":{"line":150,"column":2},"end":{"line":164,"column":3}},{"start":{"line":150,"column":2},"end":{"line":164,"column":3}}]},"7":{"loc":{"start":{"line":150,"column":6},"end":{"line":150,"column":45}},"type":"binary-expr","locations":[{"start":{"line":150,"column":6},"end":{"line":150,"column":18}},{"start":{"line":150,"column":22},"end":{"line":150,"column":45}}]},"8":{"loc":{"start":{"line":156,"column":6},"end":{"line":159,"column":7}},"type":"if","locations":[{"start":{"line":156,"column":6},"end":{"line":159,"column":7}},{"start":{"line":156,"column":6},"end":{"line":159,"column":7}}]},"9":{"loc":{"start":{"line":192,"column":22},"end":{"line":192,"column":104}},"type":"binary-expr","locations":[{"start":{"line":192,"column":22},"end":{"line":192,"column":28}},{"start":{"line":192,"column":32},"end":{"line":192,"column":104}}]},"10":{"loc":{"start":{"line":277,"column":6},"end":{"line":279,"column":7}},"type":"if","locations":[{"start":{"line":277,"column":6},"end":{"line":279,"column":7}},{"start":{"line":277,"column":6},"end":{"line":279,"column":7}}]},"11":{"loc":{"start":{"line":277,"column":10},"end":{"line":277,"column":55}},"type":"binary-expr","locations":[{"start":{"line":277,"column":10},"end":{"line":277,"column":26}},{"start":{"line":277,"column":30},"end":{"line":277,"column":35}},{"start":{"line":277,"column":39},"end":{"line":277,"column":55}}]},"12":{"loc":{"start":{"line":284,"column":4},"end":{"line":287,"column":5}},"type":"if","locations":[{"start":{"line":284,"column":4},"end":{"line":287,"column":5}},{"start":{"line":284,"column":4},"end":{"line":287,"column":5}}]},"13":{"loc":{"start":{"line":291,"column":4},"end":{"line":298,"column":5}},"type":"if","locations":[{"start":{"line":291,"column":4},"end":{"line":298,"column":5}},{"start":{"line":291,"column":4},"end":{"line":298,"column":5}}]},"14":{"loc":{"start":{"line":292,"column":6},"end":{"line":294,"column":7}},"type":"if","locations":[{"start":{"line":292,"column":6},"end":{"line":294,"column":7}},{"start":{"line":292,"column":6},"end":{"line":294,"column":7}}]},"15":{"loc":{"start":{"line":326,"column":6},"end":{"line":326,"column":55}},"type":"if","locations":[{"start":{"line":326,"column":6},"end":{"line":326,"column":55}},{"start":{"line":326,"column":6},"end":{"line":326,"column":55}}]},"16":{"loc":{"start":{"line":346,"column":6},"end":{"line":346,"column":55}},"type":"if","locations":[{"start":{"line":346,"column":6},"end":{"line":346,"column":55}},{"start":{"line":346,"column":6},"end":{"line":346,"column":55}}]},"17":{"loc":{"start":{"line":359,"column":23},"end":{"line":367,"column":5}},"type":"cond-expr","locations":[{"start":{"line":359,"column":48},"end":{"line":363,"column":5}},{"start":{"line":363,"column":8},"end":{"line":367,"column":5}}]},"18":{"loc":{"start":{"line":360,"column":20},"end":{"line":360,"column":65}},"type":"binary-expr","locations":[{"start":{"line":360,"column":20},"end":{"line":360,"column":45}},{"start":{"line":360,"column":49},"end":{"line":360,"column":65}}]},"19":{"loc":{"start":{"line":361,"column":20},"end":{"line":361,"column":68}},"type":"binary-expr","locations":[{"start":{"line":361,"column":20},"end":{"line":361,"column":48}},{"start":{"line":361,"column":52},"end":{"line":361,"column":68}}]},"20":{"loc":{"start":{"line":362,"column":20},"end":{"line":362,"column":67}},"type":"binary-expr","locations":[{"start":{"line":362,"column":20},"end":{"line":362,"column":47}},{"start":{"line":362,"column":51},"end":{"line":362,"column":67}}]},"21":{"loc":{"start":{"line":375,"column":6},"end":{"line":375,"column":69}},"type":"cond-expr","locations":[{"start":{"line":375,"column":27},"end":{"line":375,"column":64}},{"start":{"line":375,"column":67},"end":{"line":375,"column":69}}]},"22":{"loc":{"start":{"line":384,"column":4},"end":{"line":386,"column":5}},"type":"if","locations":[{"start":{"line":384,"column":4},"end":{"line":386,"column":5}},{"start":{"line":384,"column":4},"end":{"line":386,"column":5}}]},"23":{"loc":{"start":{"line":384,"column":8},"end":{"line":384,"column":73}},"type":"binary-expr","locations":[{"start":{"line":384,"column":8},"end":{"line":384,"column":26}},{"start":{"line":384,"column":30},"end":{"line":384,"column":73}}]},"24":{"loc":{"start":{"line":396,"column":36},"end":{"line":396,"column":97}},"type":"binary-expr","locations":[{"start":{"line":396,"column":36},"end":{"line":396,"column":64}},{"start":{"line":396,"column":68},"end":{"line":396,"column":97}}]},"25":{"loc":{"start":{"line":435,"column":29},"end":{"line":435,"column":90}},"type":"binary-expr","locations":[{"start":{"line":435,"column":29},"end":{"line":435,"column":57}},{"start":{"line":435,"column":61},"end":{"line":435,"column":90}}]},"26":{"loc":{"start":{"line":436,"column":19},"end":{"line":436,"column":71}},"type":"cond-expr","locations":[{"start":{"line":436,"column":47},"end":{"line":436,"column":66}},{"start":{"line":436,"column":69},"end":{"line":436,"column":71}}]},"27":{"loc":{"start":{"line":438,"column":8},"end":{"line":443,"column":9}},"type":"cond-expr","locations":[{"start":{"line":438,"column":59},"end":{"line":440,"column":9}},{"start":{"line":440,"column":12},"end":{"line":443,"column":9}}]},"28":{"loc":{"start":{"line":496,"column":4},"end":{"line":498,"column":5}},"type":"if","locations":[{"start":{"line":496,"column":4},"end":{"line":498,"column":5}},{"start":{"line":496,"column":4},"end":{"line":498,"column":5}}]},"29":{"loc":{"start":{"line":504,"column":4},"end":{"line":510,"column":5}},"type":"if","locations":[{"start":{"line":504,"column":4},"end":{"line":510,"column":5}},{"start":{"line":504,"column":4},"end":{"line":510,"column":5}}]},"30":{"loc":{"start":{"line":518,"column":4},"end":{"line":524,"column":5}},"type":"if","locations":[{"start":{"line":518,"column":4},"end":{"line":524,"column":5}},{"start":{"line":518,"column":4},"end":{"line":524,"column":5}}]},"31":{"loc":{"start":{"line":527,"column":39},"end":{"line":527,"column":76}},"type":"binary-expr","locations":[{"start":{"line":527,"column":39},"end":{"line":527,"column":55}},{"start":{"line":527,"column":59},"end":{"line":527,"column":76}}]},"32":{"loc":{"start":{"line":529,"column":4},"end":{"line":535,"column":5}},"type":"if","locations":[{"start":{"line":529,"column":4},"end":{"line":535,"column":5}},{"start":{"line":529,"column":4},"end":{"line":535,"column":5}}]},"33":{"loc":{"start":{"line":594,"column":6},"end":{"line":598,"column":7}},"type":"if","locations":[{"start":{"line":594,"column":6},"end":{"line":598,"column":7}},{"start":{"line":594,"column":6},"end":{"line":598,"column":7}}]},"34":{"loc":{"start":{"line":613,"column":6},"end":{"line":630,"column":7}},"type":"if","locations":[{"start":{"line":613,"column":6},"end":{"line":630,"column":7}},{"start":{"line":613,"column":6},"end":{"line":630,"column":7}}]},"35":{"loc":{"start":{"line":637,"column":6},"end":{"line":640,"column":7}},"type":"if","locations":[{"start":{"line":637,"column":6},"end":{"line":640,"column":7}},{"start":{"line":637,"column":6},"end":{"line":640,"column":7}}]},"36":{"loc":{"start":{"line":657,"column":6},"end":{"line":660,"column":7}},"type":"if","locations":[{"start":{"line":657,"column":6},"end":{"line":660,"column":7}},{"start":{"line":657,"column":6},"end":{"line":660,"column":7}}]},"37":{"loc":{"start":{"line":657,"column":10},"end":{"line":657,"column":41}},"type":"binary-expr","locations":[{"start":{"line":657,"column":10},"end":{"line":657,"column":20}},{"start":{"line":657,"column":24},"end":{"line":657,"column":41}}]},"38":{"loc":{"start":{"line":673,"column":6},"end":{"line":676,"column":7}},"type":"if","locations":[{"start":{"line":673,"column":6},"end":{"line":676,"column":7}},{"start":{"line":673,"column":6},"end":{"line":676,"column":7}}]},"39":{"loc":{"start":{"line":673,"column":10},"end":{"line":673,"column":41}},"type":"binary-expr","locations":[{"start":{"line":673,"column":10},"end":{"line":673,"column":20}},{"start":{"line":673,"column":24},"end":{"line":673,"column":41}}]}},"s":{"1":1,"2":1,"3":1,"4":1,"5":1,"6":1,"7":1,"8":1,"9":1,"10":1,"11":1,"12":1,"13":1,"14":1,"15":1,"16":1,"17":1,"18":1,"19":1,"20":1,"21":1,"22":1,"23":1,"24":1,"25":1,"26":0,"27":1,"28":0,"29":1,"30":3,"31":1,"32":34,"33":1,"34":1,"35":2,"36":2,"37":2,"38":4,"39":4,"40":2,"41":1,"42":1,"43":40,"44":0,"45":0,"46":40,"47":1,"48":1,"49":32,"50":1,"51":40,"52":0,"53":0,"54":40,"55":1,"56":1,"57":0,"58":0,"59":0,"60":0,"61":1,"62":1,"63":0,"64":0,"65":1,"66":1,"67":0,"68":0,"69":0,"70":0,"71":0,"72":0,"73":0,"74":0,"75":0,"76":0,"77":0,"78":0,"79":0,"80":0,"81":1,"82":1,"83":1,"84":1,"85":1,"86":1,"87":1,"88":1,"89":1,"90":1,"91":1,"92":1,"93":1,"94":0,"95":0,"96":0,"97":0,"98":0,"99":0,"100":0,"101":0,"102":0,"103":0,"104":0,"105":0,"106":0,"107":0,"108":0,"109":0,"110":0,"111":0,"112":0,"113":0,"114":0,"115":0,"116":0,"117":0,"118":0,"119":0,"120":0,"121":0,"122":0,"123":0,"124":0,"125":0,"126":0,"127":0,"128":0,"129":0,"130":0,"131":0,"132":0,"133":0,"134":0,"135":0,"136":0,"137":0,"138":0,"139":0,"140":0,"141":1,"142":0,"143":0,"144":1,"145":1,"146":0,"147":1,"148":0,"149":0,"150":0,"151":0,"152":0,"153":1,"154":1,"155":1,"156":1,"157":1,"158":1,"159":1,"160":1,"161":0,"162":0,"163":0,"164":0,"165":1,"166":1,"167":1,"168":1,"169":1,"170":1,"171":1,"172":1,"173":0,"174":0,"175":0,"176":0,"177":34,"178":0,"179":34,"180":102,"181":34,"182":102,"183":34,"184":34,"185":34,"186":34,"187":34,"188":102,"189":36,"190":2,"191":34,"192":34,"193":34,"194":34,"195":34,"196":34,"197":34,"198":34,"199":34,"200":0,"201":0,"202":34,"203":34,"204":34,"205":34,"206":34,"207":34,"208":34,"209":34,"210":34,"211":34,"212":34,"213":34,"214":34,"215":0,"216":0,"217":34,"218":34,"219":34,"220":34,"221":34,"222":34,"223":34,"224":34,"225":34,"226":1,"227":1,"228":0,"229":1,"230":0,"231":1,"232":1,"233":1,"234":1,"235":0,"236":0,"237":1,"238":1,"239":0,"240":1,"241":1,"242":1,"243":1,"244":0,"245":0,"246":1,"247":1,"248":0,"249":0,"250":1,"251":1,"252":1,"253":1,"254":1,"255":1,"256":0,"257":0,"258":0,"259":1,"260":1,"261":1,"262":1,"263":1,"264":1,"265":1,"266":1,"267":1,"268":1,"269":1,"270":1,"271":1,"272":1,"273":1,"274":0,"275":1,"276":1,"277":1,"278":1,"279":1,"280":0,"281":0,"282":0,"283":0,"284":0,"285":1,"286":1,"287":36,"288":1,"289":36,"290":1,"291":1,"292":0,"293":0,"294":1,"295":0,"296":1,"297":0,"298":0,"299":1,"300":0,"301":0,"302":1,"303":1,"304":1,"305":1,"306":1,"307":1,"308":0,"309":0,"310":0,"311":0,"312":0,"313":0,"314":0,"315":0,"316":0,"317":0,"318":0,"319":0,"320":0,"321":1,"322":1,"323":1,"324":1},"f":{"1":0,"2":0,"3":3,"4":34,"5":2,"6":4,"7":1,"8":1,"9":40,"10":1,"11":32,"12":1,"13":40,"14":1,"15":1,"16":0,"17":1,"18":1,"19":0,"20":0,"21":0,"22":0,"23":1,"24":0,"25":1,"26":0,"27":0,"28":1,"29":1,"30":34,"31":0,"32":102,"33":102,"34":102,"35":36,"36":1,"37":1,"38":1,"39":0,"40":36,"41":0,"42":0,"43":0,"44":1,"45":1,"46":0,"47":0,"48":0,"49":0,"50":0,"51":0,"52":0},"b":{"1":[0,40],"2":[0,40],"3":[0,1],"4":[0,1],"5":[1,0],"6":[0,0],"7":[0,0],"8":[0,0],"9":[1,0],"10":[0,0],"11":[0,0,0],"12":[0,1],"13":[1,0],"14":[0,1],"15":[0,0],"16":[0,0],"17":[34,0],"18":[34,34],"19":[34,34],"20":[34,34],"21":[0,34],"22":[2,34],"23":[36,34],"24":[34,14],"25":[34,14],"26":[4,30],"27":[28,6],"28":[1,0],"29":[0,1],"30":[0,1],"31":[1,0],"32":[0,1],"33":[0,1],"34":[0,1],"35":[0,1],"36":[0,1],"37":[1,1],"38":[0,0],"39":[0,0]},"hash":"cb41f07f63a9f316a726d48fd2050e86f8899ce4"},"D:\\src\\patternlab-node\\core\\lib\\plugin_manager.js":{"path":"D:\\src\\patternlab-node\\core\\lib\\plugin_manager.js","statementMap":{"1":{"start":{"line":3,"column":23},"end":{"line":123,"column":1}},"2":{"start":{"line":4,"column":15},"end":{"line":4,"column":30}},"3":{"start":{"line":5,"column":13},"end":{"line":5,"column":32}},"4":{"start":{"line":6,"column":15},"end":{"line":6,"column":37}},"5":{"start":{"line":15,"column":4},"end":{"line":15,"column":73}},"6":{"start":{"line":24,"column":4},"end":{"line":73,"column":5}},"7":{"start":{"line":25,"column":25},"end":{"line":27,"column":7}},"8":{"start":{"line":28,"column":6},"end":{"line":28,"column":64}},"9":{"start":{"line":29,"column":6},"end":{"line":35,"column":7}},"10":{"start":{"line":30,"column":29},"end":{"line":30,"column":52}},"11":{"start":{"line":32,"column":8},"end":{"line":32,"column":83}},"12":{"start":{"line":33,"column":8},"end":{"line":33,"column":48}},"13":{"start":{"line":34,"column":8},"end":{"line":34,"column":15}},"14":{"start":{"line":36,"column":34},"end":{"line":36,"column":62}},"15":{"start":{"line":37,"column":6},"end":{"line":70,"column":7}},"16":{"start":{"line":39,"column":27},"end":{"line":39,"column":76}},"17":{"start":{"line":42,"column":8},"end":{"line":44,"column":9}},"18":{"start":{"line":43,"column":10},"end":{"line":43,"column":34}},"19":{"start":{"line":46,"column":8},"end":{"line":51,"column":9}},"20":{"start":{"line":47,"column":10},"end":{"line":50,"column":12}},"21":{"start":{"line":53,"column":33},"end":{"line":53,"column":72}},"22":{"start":{"line":54,"column":8},"end":{"line":61,"column":9}},"23":{"start":{"line":55,"column":33},"end":{"line":55,"column":58}},"24":{"start":{"line":56,"column":10},"end":{"line":58,"column":11}},"25":{"start":{"line":57,"column":12},"end":{"line":57,"column":70}},"26":{"start":{"line":64,"column":8},"end":{"line":64,"column":89}},"27":{"start":{"line":66,"column":8},"end":{"line":66,"column":59}},"28":{"start":{"line":72,"column":6},"end":{"line":72,"column":22}},"29":{"start":{"line":82,"column":30},"end":{"line":82,"column":70}},"30":{"start":{"line":83,"column":4},"end":{"line":86,"column":7}},"31":{"start":{"line":84,"column":26},"end":{"line":84,"column":71}},"32":{"start":{"line":85,"column":6},"end":{"line":85,"column":89}},"33":{"start":{"line":94,"column":4},"end":{"line":94,"column":100}},"34":{"start":{"line":102,"column":4},"end":{"line":102,"column":99}},"35":{"start":{"line":105,"column":2},"end":{"line":121,"column":4}},"36":{"start":{"line":107,"column":6},"end":{"line":107,"column":32}},"37":{"start":{"line":110,"column":6},"end":{"line":110,"column":36}},"38":{"start":{"line":113,"column":6},"end":{"line":113,"column":29}},"39":{"start":{"line":116,"column":6},"end":{"line":116,"column":32}},"40":{"start":{"line":119,"column":6},"end":{"line":119,"column":31}},"41":{"start":{"line":125,"column":0},"end":{"line":125,"column":32}}},"fnMap":{"1":{"name":"(anonymous_1)","decl":{"start":{"line":3,"column":23},"end":{"line":3,"column":24}},"loc":{"start":{"line":3,"column":53},"end":{"line":123,"column":1}}},"2":{"name":"loadPlugin","decl":{"start":{"line":14,"column":11},"end":{"line":14,"column":21}},"loc":{"start":{"line":14,"column":34},"end":{"line":16,"column":3}}},"3":{"name":"installPlugin","decl":{"start":{"line":23,"column":11},"end":{"line":23,"column":24}},"loc":{"start":{"line":23,"column":37},"end":{"line":74,"column":3}}},"4":{"name":"detectPlugins","decl":{"start":{"line":81,"column":11},"end":{"line":81,"column":24}},"loc":{"start":{"line":81,"column":27},"end":{"line":87,"column":3}}},"5":{"name":"(anonymous_5)","decl":{"start":{"line":83,"column":52},"end":{"line":83,"column":53}},"loc":{"start":{"line":83,"column":67},"end":{"line":86,"column":5}}},"6":{"name":"disablePlugin","decl":{"start":{"line":93,"column":11},"end":{"line":93,"column":24}},"loc":{"start":{"line":93,"column":37},"end":{"line":95,"column":3}}},"7":{"name":"enablePlugin","decl":{"start":{"line":101,"column":11},"end":{"line":101,"column":23}},"loc":{"start":{"line":101,"column":36},"end":{"line":103,"column":3}}},"8":{"name":"(anonymous_8)","decl":{"start":{"line":106,"column":20},"end":{"line":106,"column":21}},"loc":{"start":{"line":106,"column":42},"end":{"line":108,"column":5}}},"9":{"name":"(anonymous_9)","decl":{"start":{"line":109,"column":17},"end":{"line":109,"column":18}},"loc":{"start":{"line":109,"column":39},"end":{"line":111,"column":5}}},"10":{"name":"(anonymous_10)","decl":{"start":{"line":112,"column":20},"end":{"line":112,"column":21}},"loc":{"start":{"line":112,"column":32},"end":{"line":114,"column":5}}},"11":{"name":"(anonymous_11)","decl":{"start":{"line":115,"column":20},"end":{"line":115,"column":21}},"loc":{"start":{"line":115,"column":42},"end":{"line":117,"column":5}}},"12":{"name":"(anonymous_12)","decl":{"start":{"line":118,"column":19},"end":{"line":118,"column":20}},"loc":{"start":{"line":118,"column":41},"end":{"line":120,"column":5}}}},"branchMap":{"1":{"loc":{"start":{"line":37,"column":6},"end":{"line":70,"column":7}},"type":"if","locations":[{"start":{"line":37,"column":6},"end":{"line":70,"column":7}},{"start":{"line":37,"column":6},"end":{"line":70,"column":7}}]},"2":{"loc":{"start":{"line":42,"column":8},"end":{"line":44,"column":9}},"type":"if","locations":[{"start":{"line":42,"column":8},"end":{"line":44,"column":9}},{"start":{"line":42,"column":8},"end":{"line":44,"column":9}}]},"3":{"loc":{"start":{"line":46,"column":8},"end":{"line":51,"column":9}},"type":"if","locations":[{"start":{"line":46,"column":8},"end":{"line":51,"column":9}},{"start":{"line":46,"column":8},"end":{"line":51,"column":9}}]},"4":{"loc":{"start":{"line":56,"column":10},"end":{"line":58,"column":11}},"type":"if","locations":[{"start":{"line":56,"column":10},"end":{"line":58,"column":11}},{"start":{"line":56,"column":10},"end":{"line":58,"column":11}}]},"5":{"loc":{"start":{"line":85,"column":13},"end":{"line":85,"column":88}},"type":"binary-expr","locations":[{"start":{"line":85,"column":13},"end":{"line":85,"column":51}},{"start":{"line":85,"column":55},"end":{"line":85,"column":88}}]}},"s":{"1":1,"2":0,"3":0,"4":0,"5":0,"6":0,"7":0,"8":0,"9":0,"10":0,"11":0,"12":0,"13":0,"14":0,"15":0,"16":0,"17":0,"18":0,"19":0,"20":0,"21":0,"22":0,"23":0,"24":0,"25":0,"26":0,"27":0,"28":0,"29":0,"30":0,"31":0,"32":0,"33":0,"34":0,"35":0,"36":0,"37":0,"38":0,"39":0,"40":0,"41":1},"f":{"1":0,"2":0,"3":0,"4":0,"5":0,"6":0,"7":0,"8":0,"9":0,"10":0,"11":0,"12":0},"b":{"1":[0,0],"2":[0,0],"3":[0,0],"4":[0,0],"5":[0,0]},"hash":"de9dc07e2a2978179edde9db33a1724bb18375b2"},"D:\\src\\patternlab-node\\core\\lib\\utilities.js":{"path":"D:\\src\\patternlab-node\\core\\lib\\utilities.js","statementMap":{"1":{"start":{"line":3,"column":14},"end":{"line":3,"column":30}},"2":{"start":{"line":4,"column":21},"end":{"line":4,"column":51}},"3":{"start":{"line":11,"column":12},"end":{"line":24,"column":26}},"4":{"start":{"line":13,"column":4},"end":{"line":13,"column":41}},"5":{"start":{"line":16,"column":4},"end":{"line":16,"column":27}},"6":{"start":{"line":19,"column":4},"end":{"line":19,"column":44}},"7":{"start":{"line":22,"column":4},"end":{"line":22,"column":39}},"8":{"start":{"line":32,"column":14},"end":{"line":32,"column":33}},"9":{"start":{"line":40,"column":16},"end":{"line":40,"column":37}},"10":{"start":{"line":48,"column":14},"end":{"line":48,"column":33}},"11":{"start":{"line":55,"column":20},"end":{"line":60,"column":1}},"12":{"start":{"line":56,"column":2},"end":{"line":59,"column":4}},"13":{"start":{"line":57,"column":4},"end":{"line":57,"column":25}},"14":{"start":{"line":58,"column":4},"end":{"line":58,"column":21}},"15":{"start":{"line":63,"column":0},"end":{"line":69,"column":2}}},"fnMap":{"1":{"name":"(anonymous_1)","decl":{"start":{"line":55,"column":20},"end":{"line":55,"column":21}},"loc":{"start":{"line":55,"column":39},"end":{"line":60,"column":1}}},"2":{"name":"(anonymous_2)","decl":{"start":{"line":56,"column":9},"end":{"line":56,"column":10}},"loc":{"start":{"line":56,"column":24},"end":{"line":59,"column":3}}}},"branchMap":{},"s":{"1":1,"2":1,"3":1,"4":0,"5":34,"6":3,"7":0,"8":1,"9":1,"10":1,"11":1,"12":32,"13":0,"14":0,"15":1},"f":{"1":32,"2":0},"b":{},"hash":"9ff45a015e5dc5f8c57a3370faa4933c57fdf099"},"D:\\src\\patternlab-node\\core\\lib\\json_copy.js":{"path":"D:\\src\\patternlab-node\\core\\lib\\json_copy.js","statementMap":{"1":{"start":{"line":3,"column":16},"end":{"line":3,"column":38}},"2":{"start":{"line":4,"column":18},"end":{"line":12,"column":1}},"3":{"start":{"line":5,"column":2},"end":{"line":11,"column":3}},"4":{"start":{"line":6,"column":4},"end":{"line":6,"column":44}},"5":{"start":{"line":9,"column":4},"end":{"line":9,"column":80}},"6":{"start":{"line":10,"column":4},"end":{"line":10,"column":14}},"7":{"start":{"line":14,"column":0},"end":{"line":14,"column":27}}},"fnMap":{"1":{"name":"(anonymous_1)","decl":{"start":{"line":4,"column":18},"end":{"line":4,"column":19}},"loc":{"start":{"line":4,"column":36},"end":{"line":12,"column":1}}}},"branchMap":{},"s":{"1":1,"2":1,"3":160,"4":160,"5":0,"6":0,"7":1},"f":{"1":160},"b":{},"hash":"c8eda416c8bbda669e90371955fe8336b6956a87"},"D:\\src\\patternlab-node\\core\\lib\\pattern_graph.js":{"path":"D:\\src\\patternlab-node\\core\\lib\\pattern_graph.js","statementMap":{"1":{"start":{"line":3,"column":17},"end":{"line":3,"column":36}},"2":{"start":{"line":4,"column":14},"end":{"line":4,"column":28}},"3":{"start":{"line":5,"column":13},"end":{"line":5,"column":28}},"4":{"start":{"line":6,"column":11},"end":{"line":6,"column":30}},"5":{"start":{"line":7,"column":16},"end":{"line":7,"column":51}},"6":{"start":{"line":8,"column":21},"end":{"line":8,"column":61}},"7":{"start":{"line":9,"column":24},"end":{"line":9,"column":54}},"8":{"start":{"line":10,"column":24},"end":{"line":10,"column":53}},"9":{"start":{"line":17,"column":30},"end":{"line":17,"column":31}},"10":{"start":{"line":38,"column":21},"end":{"line":50,"column":1}},"11":{"start":{"line":40,"column":2},"end":{"line":42,"column":5}},"12":{"start":{"line":43,"column":2},"end":{"line":43,"column":37}},"13":{"start":{"line":47,"column":2},"end":{"line":47,"column":40}},"14":{"start":{"line":48,"column":2},"end":{"line":48,"column":53}},"15":{"start":{"line":49,"column":2},"end":{"line":49,"column":50}},"16":{"start":{"line":54,"column":2},"end":{"line":54,"column":43}},"17":{"start":{"line":54,"column":7},"end":{"line":54,"column":43}},"18":{"start":{"line":56,"column":0},"end":{"line":313,"column":2}},"19":{"start":{"line":68,"column":26},"end":{"line":68,"column":73}},"20":{"start":{"line":68,"column":51},"end":{"line":68,"column":72}},"21":{"start":{"line":69,"column":4},"end":{"line":69,"column":47}},"22":{"start":{"line":69,"column":31},"end":{"line":69,"column":45}},"23":{"start":{"line":70,"column":4},"end":{"line":70,"column":25}},"24":{"start":{"line":78,"column":17},"end":{"line":78,"column":48}},"25":{"start":{"line":79,"column":18},"end":{"line":79,"column":42}},"26":{"start":{"line":80,"column":4},"end":{"line":80,"column":65}},"27":{"start":{"line":90,"column":14},"end":{"line":90,"column":31}},"28":{"start":{"line":91,"column":4},"end":{"line":97,"column":5}},"29":{"start":{"line":92,"column":6},"end":{"line":94,"column":9}},"30":{"start":{"line":96,"column":6},"end":{"line":96,"column":33}},"31":{"start":{"line":101,"column":14},"end":{"line":101,"column":31}},"32":{"start":{"line":102,"column":4},"end":{"line":102,"column":29}},"33":{"start":{"line":103,"column":4},"end":{"line":103,"column":28}},"34":{"start":{"line":111,"column":4},"end":{"line":115,"column":7}},"35":{"start":{"line":112,"column":6},"end":{"line":114,"column":7}},"36":{"start":{"line":113,"column":8},"end":{"line":113,"column":23}},"37":{"start":{"line":128,"column":21},"end":{"line":128,"column":42}},"38":{"start":{"line":129,"column":19},"end":{"line":129,"column":38}},"39":{"start":{"line":130,"column":4},"end":{"line":134,"column":5}},"40":{"start":{"line":131,"column":6},"end":{"line":133,"column":7}},"41":{"start":{"line":132,"column":8},"end":{"line":132,"column":54}},"42":{"start":{"line":135,"column":4},"end":{"line":135,"column":41}},"43":{"start":{"line":147,"column":21},"end":{"line":147,"column":42}},"44":{"start":{"line":148,"column":19},"end":{"line":148,"column":38}},"45":{"start":{"line":149,"column":4},"end":{"line":149,"column":48}},"46":{"start":{"line":163,"column":31},"end":{"line":166,"column":5}},"47":{"start":{"line":164,"column":19},"end":{"line":164,"column":34}},"48":{"start":{"line":165,"column":6},"end":{"line":165,"column":54}},"49":{"start":{"line":173,"column":25},"end":{"line":175,"column":6}},"50":{"start":{"line":177,"column":18},"end":{"line":177,"column":36}},"51":{"start":{"line":178,"column":25},"end":{"line":178,"column":80}},"52":{"start":{"line":178,"column":43},"end":{"line":178,"column":79}},"53":{"start":{"line":179,"column":4},"end":{"line":200,"column":7}},"54":{"start":{"line":180,"column":26},"end":{"line":180,"column":43}},"55":{"start":{"line":181,"column":6},"end":{"line":183,"column":7}},"56":{"start":{"line":182,"column":8},"end":{"line":182,"column":42}},"57":{"start":{"line":184,"column":6},"end":{"line":199,"column":9}},"58":{"start":{"line":185,"column":8},"end":{"line":185,"column":55}},"59":{"start":{"line":186,"column":25},"end":{"line":186,"column":39}},"60":{"start":{"line":187,"column":23},"end":{"line":187,"column":35}},"61":{"start":{"line":188,"column":8},"end":{"line":192,"column":9}},"62":{"start":{"line":189,"column":10},"end":{"line":191,"column":11}},"63":{"start":{"line":190,"column":12},"end":{"line":190,"column":39}},"64":{"start":{"line":193,"column":8},"end":{"line":195,"column":9}},"65":{"start":{"line":194,"column":10},"end":{"line":194,"column":39}},"66":{"start":{"line":198,"column":8},"end":{"line":198,"column":53}},"67":{"start":{"line":204,"column":14},"end":{"line":204,"column":48}},"68":{"start":{"line":205,"column":4},"end":{"line":205,"column":34}},"69":{"start":{"line":215,"column":4},"end":{"line":218,"column":5}},"70":{"start":{"line":216,"column":6},"end":{"line":216,"column":21}},"71":{"start":{"line":217,"column":6},"end":{"line":217,"column":31}},"72":{"start":{"line":229,"column":4},"end":{"line":229,"column":46}},"73":{"start":{"line":238,"column":4},"end":{"line":238,"column":48}},"74":{"start":{"line":238,"column":26},"end":{"line":238,"column":46}},"75":{"start":{"line":250,"column":18},"end":{"line":250,"column":58}},"76":{"start":{"line":251,"column":4},"end":{"line":251,"column":38}},"77":{"start":{"line":260,"column":18},"end":{"line":260,"column":60}},"78":{"start":{"line":261,"column":4},"end":{"line":261,"column":38}},"79":{"start":{"line":271,"column":20},"end":{"line":271,"column":41}},"80":{"start":{"line":272,"column":4},"end":{"line":272,"column":46}},"81":{"start":{"line":272,"column":28},"end":{"line":272,"column":44}},"82":{"start":{"line":284,"column":21},"end":{"line":284,"column":43}},"83":{"start":{"line":285,"column":4},"end":{"line":285,"column":47}},"84":{"start":{"line":285,"column":29},"end":{"line":285,"column":45}},"85":{"start":{"line":293,"column":4},"end":{"line":297,"column":6}},"86":{"start":{"line":304,"column":4},"end":{"line":304,"column":30}},"87":{"start":{"line":311,"column":4},"end":{"line":311,"column":41}},"88":{"start":{"line":320,"column":0},"end":{"line":322,"column":2}},"89":{"start":{"line":321,"column":2},"end":{"line":321,"column":69}},"90":{"start":{"line":329,"column":0},"end":{"line":331,"column":2}},"91":{"start":{"line":330,"column":2},"end":{"line":330,"column":55}},"92":{"start":{"line":340,"column":2},"end":{"line":340,"column":148}},"93":{"start":{"line":341,"column":2},"end":{"line":341,"column":32}},"94":{"start":{"line":349,"column":0},"end":{"line":355,"column":2}},"95":{"start":{"line":350,"column":2},"end":{"line":352,"column":3}},"96":{"start":{"line":351,"column":4},"end":{"line":351,"column":41}},"97":{"start":{"line":353,"column":16},"end":{"line":353,"column":43}},"98":{"start":{"line":354,"column":2},"end":{"line":354,"column":57}},"99":{"start":{"line":363,"column":0},"end":{"line":365,"column":2}},"100":{"start":{"line":364,"column":2},"end":{"line":364,"column":91}},"101":{"start":{"line":377,"column":0},"end":{"line":390,"column":2}},"102":{"start":{"line":378,"column":24},"end":{"line":378,"column":67}},"103":{"start":{"line":381,"column":2},"end":{"line":383,"column":3}},"104":{"start":{"line":382,"column":4},"end":{"line":382,"column":32}},"105":{"start":{"line":385,"column":14},"end":{"line":385,"column":44}},"106":{"start":{"line":386,"column":2},"end":{"line":388,"column":3}},"107":{"start":{"line":387,"column":4},"end":{"line":387,"column":43}},"108":{"start":{"line":389,"column":2},"end":{"line":389,"column":28}},"109":{"start":{"line":399,"column":0},"end":{"line":403,"column":2}},"110":{"start":{"line":400,"column":24},"end":{"line":400,"column":67}},"111":{"start":{"line":401,"column":2},"end":{"line":401,"column":52}},"112":{"start":{"line":402,"column":2},"end":{"line":402,"column":61}},"113":{"start":{"line":410,"column":0},"end":{"line":414,"column":2}},"114":{"start":{"line":411,"column":18},"end":{"line":411,"column":61}},"115":{"start":{"line":412,"column":12},"end":{"line":412,"column":54}},"116":{"start":{"line":413,"column":2},"end":{"line":413,"column":32}},"117":{"start":{"line":416,"column":0},"end":{"line":419,"column":2}}},"fnMap":{"1":{"name":"(anonymous_1)","decl":{"start":{"line":38,"column":21},"end":{"line":38,"column":22}},"loc":{"start":{"line":38,"column":58},"end":{"line":50,"column":1}}},"2":{"name":"(anonymous_2)","decl":{"start":{"line":54,"column":2},"end":{"line":54,"column":3}},"loc":{"start":{"line":54,"column":7},"end":{"line":54,"column":43}}},"3":{"name":"(anonymous_3)","decl":{"start":{"line":65,"column":8},"end":{"line":65,"column":9}},"loc":{"start":{"line":65,"column":20},"end":{"line":71,"column":3}}},"4":{"name":"(anonymous_4)","decl":{"start":{"line":68,"column":46},"end":{"line":68,"column":47}},"loc":{"start":{"line":68,"column":51},"end":{"line":68,"column":72}}},"5":{"name":"(anonymous_5)","decl":{"start":{"line":69,"column":26},"end":{"line":69,"column":27}},"loc":{"start":{"line":69,"column":31},"end":{"line":69,"column":45}}},"6":{"name":"(anonymous_6)","decl":{"start":{"line":77,"column":9},"end":{"line":77,"column":10}},"loc":{"start":{"line":77,"column":21},"end":{"line":81,"column":3}}},"7":{"name":"(anonymous_7)","decl":{"start":{"line":89,"column":7},"end":{"line":89,"column":8}},"loc":{"start":{"line":89,"column":26},"end":{"line":98,"column":3}}},"8":{"name":"(anonymous_8)","decl":{"start":{"line":100,"column":10},"end":{"line":100,"column":11}},"loc":{"start":{"line":100,"column":29},"end":{"line":104,"column":3}}},"9":{"name":"(anonymous_9)","decl":{"start":{"line":110,"column":10},"end":{"line":110,"column":11}},"loc":{"start":{"line":110,"column":24},"end":{"line":116,"column":3}}},"10":{"name":"(anonymous_10)","decl":{"start":{"line":111,"column":31},"end":{"line":111,"column":32}},"loc":{"start":{"line":111,"column":36},"end":{"line":115,"column":5}}},"11":{"name":"(anonymous_11)","decl":{"start":{"line":127,"column":8},"end":{"line":127,"column":9}},"loc":{"start":{"line":127,"column":42},"end":{"line":136,"column":3}}},"12":{"name":"(anonymous_12)","decl":{"start":{"line":146,"column":11},"end":{"line":146,"column":12}},"loc":{"start":{"line":146,"column":45},"end":{"line":150,"column":3}}},"13":{"name":"(anonymous_13)","decl":{"start":{"line":162,"column":16},"end":{"line":162,"column":17}},"loc":{"start":{"line":162,"column":28},"end":{"line":206,"column":3}}},"14":{"name":"(anonymous_14)","decl":{"start":{"line":163,"column":31},"end":{"line":163,"column":32}},"loc":{"start":{"line":163,"column":54},"end":{"line":166,"column":5}}},"15":{"name":"(anonymous_15)","decl":{"start":{"line":178,"column":38},"end":{"line":178,"column":39}},"loc":{"start":{"line":178,"column":43},"end":{"line":178,"column":79}}},"16":{"name":"(anonymous_16)","decl":{"start":{"line":179,"column":46},"end":{"line":179,"column":47}},"loc":{"start":{"line":179,"column":57},"end":{"line":200,"column":5}}},"17":{"name":"(anonymous_17)","decl":{"start":{"line":184,"column":33},"end":{"line":184,"column":34}},"loc":{"start":{"line":184,"column":47},"end":{"line":199,"column":7}}},"18":{"name":"(anonymous_18)","decl":{"start":{"line":214,"column":16},"end":{"line":214,"column":17}},"loc":{"start":{"line":214,"column":39},"end":{"line":219,"column":3}}},"19":{"name":"(anonymous_19)","decl":{"start":{"line":228,"column":8},"end":{"line":228,"column":9}},"loc":{"start":{"line":228,"column":27},"end":{"line":230,"column":3}}},"20":{"name":"(anonymous_20)","decl":{"start":{"line":237,"column":18},"end":{"line":237,"column":19}},"loc":{"start":{"line":237,"column":35},"end":{"line":239,"column":3}}},"21":{"name":"(anonymous_21)","decl":{"start":{"line":238,"column":21},"end":{"line":238,"column":22}},"loc":{"start":{"line":238,"column":26},"end":{"line":238,"column":46}}},"22":{"name":"(anonymous_22)","decl":{"start":{"line":249,"column":11},"end":{"line":249,"column":12}},"loc":{"start":{"line":249,"column":30},"end":{"line":252,"column":3}}},"23":{"name":"(anonymous_23)","decl":{"start":{"line":259,"column":12},"end":{"line":259,"column":13}},"loc":{"start":{"line":259,"column":31},"end":{"line":262,"column":3}}},"24":{"name":"(anonymous_24)","decl":{"start":{"line":270,"column":16},"end":{"line":270,"column":17}},"loc":{"start":{"line":270,"column":35},"end":{"line":273,"column":3}}},"25":{"name":"(anonymous_25)","decl":{"start":{"line":272,"column":23},"end":{"line":272,"column":24}},"loc":{"start":{"line":272,"column":28},"end":{"line":272,"column":44}}},"26":{"name":"(anonymous_26)","decl":{"start":{"line":283,"column":17},"end":{"line":283,"column":18}},"loc":{"start":{"line":283,"column":36},"end":{"line":286,"column":3}}},"27":{"name":"(anonymous_27)","decl":{"start":{"line":285,"column":24},"end":{"line":285,"column":25}},"loc":{"start":{"line":285,"column":29},"end":{"line":285,"column":45}}},"28":{"name":"(anonymous_28)","decl":{"start":{"line":292,"column":10},"end":{"line":292,"column":11}},"loc":{"start":{"line":292,"column":22},"end":{"line":298,"column":3}}},"29":{"name":"(anonymous_29)","decl":{"start":{"line":303,"column":9},"end":{"line":303,"column":10}},"loc":{"start":{"line":303,"column":21},"end":{"line":305,"column":3}}},"30":{"name":"(anonymous_30)","decl":{"start":{"line":310,"column":18},"end":{"line":310,"column":19}},"loc":{"start":{"line":310,"column":30},"end":{"line":312,"column":3}}},"31":{"name":"(anonymous_31)","decl":{"start":{"line":320,"column":21},"end":{"line":320,"column":22}},"loc":{"start":{"line":320,"column":40},"end":{"line":322,"column":1}}},"32":{"name":"(anonymous_32)","decl":{"start":{"line":329,"column":28},"end":{"line":329,"column":29}},"loc":{"start":{"line":329,"column":51},"end":{"line":331,"column":1}}},"33":{"name":"VersionMismatch","decl":{"start":{"line":339,"column":9},"end":{"line":339,"column":24}},"loc":{"start":{"line":339,"column":37},"end":{"line":342,"column":1}}},"34":{"name":"(anonymous_34)","decl":{"start":{"line":349,"column":24},"end":{"line":349,"column":25}},"loc":{"start":{"line":349,"column":37},"end":{"line":355,"column":1}}},"35":{"name":"(anonymous_35)","decl":{"start":{"line":363,"column":36},"end":{"line":363,"column":37}},"loc":{"start":{"line":363,"column":64},"end":{"line":365,"column":1}}},"36":{"name":"(anonymous_36)","decl":{"start":{"line":377,"column":28},"end":{"line":377,"column":29}},"loc":{"start":{"line":377,"column":56},"end":{"line":390,"column":1}}},"37":{"name":"(anonymous_37)","decl":{"start":{"line":399,"column":27},"end":{"line":399,"column":28}},"loc":{"start":{"line":399,"column":55},"end":{"line":403,"column":1}}},"38":{"name":"(anonymous_38)","decl":{"start":{"line":410,"column":27},"end":{"line":410,"column":28}},"loc":{"start":{"line":410,"column":55},"end":{"line":414,"column":1}}}},"branchMap":{"1":{"loc":{"start":{"line":40,"column":15},"end":{"line":42,"column":4}},"type":"binary-expr","locations":[{"start":{"line":40,"column":15},"end":{"line":40,"column":20}},{"start":{"line":40,"column":24},"end":{"line":42,"column":4}}]},"2":{"loc":{"start":{"line":48,"column":19},"end":{"line":48,"column":52}},"type":"binary-expr","locations":[{"start":{"line":48,"column":19},"end":{"line":48,"column":28}},{"start":{"line":48,"column":32},"end":{"line":48,"column":52}}]},"3":{"loc":{"start":{"line":49,"column":17},"end":{"line":49,"column":49}},"type":"binary-expr","locations":[{"start":{"line":49,"column":17},"end":{"line":49,"column":24}},{"start":{"line":49,"column":28},"end":{"line":49,"column":49}}]},"4":{"loc":{"start":{"line":54,"column":7},"end":{"line":54,"column":43}},"type":"cond-expr","locations":[{"start":{"line":54,"column":30},"end":{"line":54,"column":39}},{"start":{"line":54,"column":42},"end":{"line":54,"column":43}}]},"5":{"loc":{"start":{"line":91,"column":4},"end":{"line":97,"column":5}},"type":"if","locations":[{"start":{"line":91,"column":4},"end":{"line":97,"column":5}},{"start":{"line":91,"column":4},"end":{"line":97,"column":5}}]},"6":{"loc":{"start":{"line":112,"column":6},"end":{"line":114,"column":7}},"type":"if","locations":[{"start":{"line":112,"column":6},"end":{"line":114,"column":7}},{"start":{"line":112,"column":6},"end":{"line":114,"column":7}}]},"7":{"loc":{"start":{"line":131,"column":6},"end":{"line":133,"column":7}},"type":"if","locations":[{"start":{"line":131,"column":6},"end":{"line":133,"column":7}},{"start":{"line":131,"column":6},"end":{"line":133,"column":7}}]},"8":{"loc":{"start":{"line":181,"column":6},"end":{"line":183,"column":7}},"type":"if","locations":[{"start":{"line":181,"column":6},"end":{"line":183,"column":7}},{"start":{"line":181,"column":6},"end":{"line":183,"column":7}}]},"9":{"loc":{"start":{"line":189,"column":10},"end":{"line":191,"column":11}},"type":"if","locations":[{"start":{"line":189,"column":10},"end":{"line":191,"column":11}},{"start":{"line":189,"column":10},"end":{"line":191,"column":11}}]},"10":{"loc":{"start":{"line":193,"column":8},"end":{"line":195,"column":9}},"type":"if","locations":[{"start":{"line":193,"column":8},"end":{"line":195,"column":9}},{"start":{"line":193,"column":8},"end":{"line":195,"column":9}}]},"11":{"loc":{"start":{"line":321,"column":35},"end":{"line":321,"column":67}},"type":"binary-expr","locations":[{"start":{"line":321,"column":35},"end":{"line":321,"column":42}},{"start":{"line":321,"column":46},"end":{"line":321,"column":67}}]},"12":{"loc":{"start":{"line":350,"column":2},"end":{"line":352,"column":3}},"type":"if","locations":[{"start":{"line":350,"column":2},"end":{"line":352,"column":3}},{"start":{"line":350,"column":2},"end":{"line":352,"column":3}}]},"13":{"loc":{"start":{"line":364,"column":59},"end":{"line":364,"column":89}},"type":"binary-expr","locations":[{"start":{"line":364,"column":59},"end":{"line":364,"column":63}},{"start":{"line":364,"column":67},"end":{"line":364,"column":89}}]},"14":{"loc":{"start":{"line":381,"column":2},"end":{"line":383,"column":3}},"type":"if","locations":[{"start":{"line":381,"column":2},"end":{"line":383,"column":3}},{"start":{"line":381,"column":2},"end":{"line":383,"column":3}}]},"15":{"loc":{"start":{"line":386,"column":2},"end":{"line":388,"column":3}},"type":"if","locations":[{"start":{"line":386,"column":2},"end":{"line":388,"column":3}},{"start":{"line":386,"column":2},"end":{"line":388,"column":3}}]}},"s":{"1":1,"2":1,"3":1,"4":1,"5":1,"6":1,"7":1,"8":1,"9":1,"10":1,"11":1,"12":1,"13":1,"14":1,"15":1,"16":1,"17":413,"18":1,"19":0,"20":0,"21":0,"22":0,"23":0,"24":0,"25":0,"26":0,"27":180,"28":180,"29":36,"30":36,"31":0,"32":0,"33":0,"34":0,"35":0,"36":0,"37":25,"38":25,"39":25,"40":50,"41":0,"42":25,"43":0,"44":0,"45":0,"46":0,"47":0,"48":0,"49":0,"50":0,"51":0,"52":0,"53":0,"54":0,"55":0,"56":0,"57":0,"58":0,"59":0,"60":0,"61":0,"62":0,"63":0,"64":0,"65":0,"66":0,"67":0,"68":0,"69":0,"70":0,"71":0,"72":124,"73":59,"74":190,"75":31,"76":31,"77":28,"78":28,"79":0,"80":0,"81":0,"82":0,"83":0,"84":0,"85":1,"86":0,"87":0,"88":1,"89":1,"90":1,"91":1,"92":0,"93":0,"94":1,"95":0,"96":0,"97":0,"98":0,"99":1,"100":1,"101":1,"102":0,"103":0,"104":0,"105":0,"106":0,"107":0,"108":0,"109":1,"110":1,"111":1,"112":1,"113":1,"114":0,"115":0,"116":0,"117":1},"f":{"1":1,"2":413,"3":0,"4":0,"5":0,"6":0,"7":180,"8":0,"9":0,"10":0,"11":25,"12":0,"13":0,"14":0,"15":0,"16":0,"17":0,"18":0,"19":124,"20":59,"21":190,"22":31,"23":28,"24":0,"25":0,"26":0,"27":0,"28":1,"29":0,"30":0,"31":1,"32":1,"33":0,"34":0,"35":1,"36":0,"37":1,"38":0},"b":{"1":[1,1],"2":[1,1],"3":[1,0],"4":[413,0],"5":[36,144],"6":[0,0],"7":[0,50],"8":[0,0],"9":[0,0],"10":[0,0],"11":[1,1],"12":[0,0],"13":[1,1],"14":[0,0],"15":[0,0]},"hash":"9ff1423b80c56396ecceb704c7ac6b64de3cb576"},"D:\\src\\patternlab-node\\core\\lib\\object_factory.js":{"path":"D:\\src\\patternlab-node\\core\\lib\\object_factory.js","statementMap":{"1":{"start":{"line":2,"column":23},"end":{"line":2,"column":51}},"2":{"start":{"line":3,"column":13},"end":{"line":3,"column":28}},"3":{"start":{"line":4,"column":15},"end":{"line":4,"column":38}},"4":{"start":{"line":9,"column":29},"end":{"line":9,"column":41}},"5":{"start":{"line":16,"column":16},"end":{"line":98,"column":1}},"6":{"start":{"line":24,"column":18},"end":{"line":24,"column":53}},"7":{"start":{"line":25,"column":2},"end":{"line":25,"column":41}},"8":{"start":{"line":26,"column":2},"end":{"line":26,"column":31}},"9":{"start":{"line":27,"column":2},"end":{"line":27,"column":28}},"10":{"start":{"line":28,"column":2},"end":{"line":28,"column":35}},"11":{"start":{"line":31,"column":2},"end":{"line":31,"column":89}},"12":{"start":{"line":34,"column":2},"end":{"line":34,"column":33}},"13":{"start":{"line":37,"column":2},"end":{"line":37,"column":91}},"14":{"start":{"line":40,"column":2},"end":{"line":42,"column":16}},"15":{"start":{"line":41,"column":4},"end":{"line":41,"column":113}},"16":{"start":{"line":45,"column":2},"end":{"line":45,"column":87}},"17":{"start":{"line":48,"column":2},"end":{"line":48,"column":52}},"18":{"start":{"line":51,"column":2},"end":{"line":51,"column":86}},"19":{"start":{"line":54,"column":2},"end":{"line":54,"column":51}},"20":{"start":{"line":57,"column":2},"end":{"line":57,"column":61}},"21":{"start":{"line":61,"column":2},"end":{"line":61,"column":85}},"22":{"start":{"line":65,"column":2},"end":{"line":65,"column":71}},"23":{"start":{"line":69,"column":2},"end":{"line":69,"column":58}},"24":{"start":{"line":71,"column":2},"end":{"line":71,"column":24}},"25":{"start":{"line":72,"column":2},"end":{"line":72,"column":66}},"26":{"start":{"line":73,"column":2},"end":{"line":73,"column":25}},"27":{"start":{"line":74,"column":2},"end":{"line":74,"column":21}},"28":{"start":{"line":75,"column":2},"end":{"line":75,"column":31}},"29":{"start":{"line":76,"column":2},"end":{"line":76,"column":20}},"30":{"start":{"line":77,"column":2},"end":{"line":77,"column":25}},"31":{"start":{"line":78,"column":2},"end":{"line":78,"column":21}},"32":{"start":{"line":79,"column":2},"end":{"line":79,"column":26}},"33":{"start":{"line":80,"column":2},"end":{"line":80,"column":31}},"34":{"start":{"line":81,"column":2},"end":{"line":81,"column":39}},"35":{"start":{"line":82,"column":2},"end":{"line":82,"column":57}},"36":{"start":{"line":88,"column":2},"end":{"line":88,"column":27}},"37":{"start":{"line":96,"column":2},"end":{"line":96,"column":27}},"38":{"start":{"line":102,"column":0},"end":{"line":159,"column":2}},"39":{"start":{"line":107,"column":4},"end":{"line":109,"column":5}},"40":{"start":{"line":108,"column":6},"end":{"line":108,"column":82}},"41":{"start":{"line":110,"column":4},"end":{"line":110,"column":16}},"42":{"start":{"line":114,"column":4},"end":{"line":116,"column":5}},"43":{"start":{"line":115,"column":6},"end":{"line":115,"column":40}},"44":{"start":{"line":124,"column":25},"end":{"line":124,"column":61}},"45":{"start":{"line":125,"column":19},"end":{"line":125,"column":80}},"46":{"start":{"line":127,"column":4},"end":{"line":129,"column":5}},"47":{"start":{"line":128,"column":6},"end":{"line":128,"column":76}},"48":{"start":{"line":131,"column":4},"end":{"line":133,"column":5}},"49":{"start":{"line":132,"column":6},"end":{"line":132,"column":68}},"50":{"start":{"line":135,"column":4},"end":{"line":135,"column":63}},"51":{"start":{"line":141,"column":4},"end":{"line":141,"column":42}},"52":{"start":{"line":145,"column":4},"end":{"line":145,"column":60}},"53":{"start":{"line":149,"column":4},"end":{"line":149,"column":63}},"54":{"start":{"line":153,"column":4},"end":{"line":153,"column":43}},"55":{"start":{"line":157,"column":4},"end":{"line":157,"column":50}},"56":{"start":{"line":165,"column":0},"end":{"line":177,"column":2}},"57":{"start":{"line":166,"column":16},"end":{"line":166,"column":18}},"58":{"start":{"line":167,"column":2},"end":{"line":173,"column":3}},"59":{"start":{"line":168,"column":4},"end":{"line":172,"column":5}},"60":{"start":{"line":169,"column":6},"end":{"line":169,"column":36}},"61":{"start":{"line":170,"column":11},"end":{"line":172,"column":5}},"62":{"start":{"line":171,"column":6},"end":{"line":171,"column":69}},"63":{"start":{"line":175,"column":18},"end":{"line":175,"column":56}},"64":{"start":{"line":176,"column":2},"end":{"line":176,"column":38}},"65":{"start":{"line":182,"column":0},"end":{"line":185,"column":2}},"66":{"start":{"line":183,"column":21},"end":{"line":183,"column":73}},"67":{"start":{"line":184,"column":2},"end":{"line":184,"column":41}},"68":{"start":{"line":187,"column":21},"end":{"line":191,"column":1}},"69":{"start":{"line":193,"column":0},"end":{"line":196,"column":2}}},"fnMap":{"1":{"name":"(anonymous_1)","decl":{"start":{"line":16,"column":16},"end":{"line":16,"column":17}},"loc":{"start":{"line":16,"column":53},"end":{"line":98,"column":1}}},"2":{"name":"(anonymous_2)","decl":{"start":{"line":40,"column":60},"end":{"line":40,"column":61}},"loc":{"start":{"line":40,"column":84},"end":{"line":42,"column":3}}},"3":{"name":"(anonymous_3)","decl":{"start":{"line":106,"column":10},"end":{"line":106,"column":11}},"loc":{"start":{"line":106,"column":36},"end":{"line":111,"column":3}}},"4":{"name":"(anonymous_4)","decl":{"start":{"line":113,"column":19},"end":{"line":113,"column":20}},"loc":{"start":{"line":113,"column":31},"end":{"line":117,"column":3}}},"5":{"name":"(anonymous_5)","decl":{"start":{"line":122,"column":18},"end":{"line":122,"column":19}},"loc":{"start":{"line":122,"column":73},"end":{"line":136,"column":3}}},"6":{"name":"(anonymous_6)","decl":{"start":{"line":140,"column":16},"end":{"line":140,"column":17}},"loc":{"start":{"line":140,"column":28},"end":{"line":142,"column":3}}},"7":{"name":"(anonymous_7)","decl":{"start":{"line":144,"column":34},"end":{"line":144,"column":35}},"loc":{"start":{"line":144,"column":46},"end":{"line":146,"column":3}}},"8":{"name":"(anonymous_8)","decl":{"start":{"line":148,"column":37},"end":{"line":148,"column":38}},"loc":{"sta
[...]
,"end":{"line":91,"column":7}}]},"15":{"loc":{"start":{"line":97,"column":4},"end":{"line":102,"column":5}},"type":"if","locations":[{"start":{"line":97,"column":4},"end":{"line":102,"column":5}},{"start":{"line":97,"column":4},"end":{"line":102,"column":5}}]},"16":{"loc":{"start":{"line":98,"column":6},"end":{"line":100,"column":7}},"type":"if","locations":[{"start":{"line":98,"column":6},"end":{"line":100,"column":7}},{"start":{"line":98,"column":6},"end":{"line":100,"column":7}}]},"17":{"loc":{"start":{"line":117,"column":72},"end":{"line":117,"column":125}},"type":"cond-expr","locations":[{"start":{"line":117,"column":91},"end":{"line":117,"column":120}},{"start":{"line":117,"column":123},"end":{"line":117,"column":125}}]},"18":{"loc":{"start":{"line":118,"column":4},"end":{"line":122,"column":5}},"type":"if","locations":[{"start":{"line":118,"column":4},"end":{"line":122,"column":5}},{"start":{"line":118,"column":4},"end":{"line":122,"column":5}}]},"19":{"loc":{"start":{"line":128,"column":23},"end":{"line":128,"column":88}},"type":"cond-expr","locations":[{"start":{"line":128,"column":42},"end":{"line":128,"column":65}},{"start":{"line":128,"column":68},"end":{"line":128,"column":88}}]},"20":{"loc":{"start":{"line":130,"column":61},"end":{"line":130,"column":114}},"type":"cond-expr","locations":[{"start":{"line":130,"column":80},"end":{"line":130,"column":109}},{"start":{"line":130,"column":112},"end":{"line":130,"column":114}}]},"21":{"loc":{"start":{"line":171,"column":4},"end":{"line":175,"column":5}},"type":"if","locations":[{"start":{"line":171,"column":4},"end":{"line":175,"column":5}},{"start":{"line":171,"column":4},"end":{"line":175,"column":5}}]},"22":{"loc":{"start":{"line":190,"column":4},"end":{"line":194,"column":5}},"type":"if","locations":[{"start":{"line":190,"column":4},"end":{"line":194,"column":5}},{"start":{"line":190,"column":4},"end":{"line":194,"column":5}}]},"23":{"loc":{"start":{"line":226,"column":4},"end":{"line":230,"column":5}},"type":"if","locations":[{"start":{"line":226,"column":4},"end":{"line":230,"column":5}},{"start":{"line":226,"column":4},"end":{"line":230,"column":5}}]},"24":{"loc":{"start":{"line":252,"column":4},"end":{"line":264,"column":5}},"type":"if","locations":[{"start":{"line":252,"column":4},"end":{"line":264,"column":5}},{"start":{"line":252,"column":4},"end":{"line":264,"column":5}}]},"25":{"loc":{"start":{"line":278,"column":4},"end":{"line":282,"column":5}},"type":"if","locations":[{"start":{"line":278,"column":4},"end":{"line":282,"column":5}},{"start":{"line":278,"column":4},"end":{"line":282,"column":5}}]},"26":{"loc":{"start":{"line":284,"column":4},"end":{"line":286,"column":5}},"type":"if","locations":[{"start":{"line":284,"column":4},"end":{"line":286,"column":5}},{"start":{"line":284,"column":4},"end":{"line":286,"column":5}}]},"27":{"loc":{"start":{"line":288,"column":4},"end":{"line":301,"column":5}},"type":"if","locations":[{"start":{"line":288,"column":4},"end":{"line":301,"column":5}},{"start":{"line":288,"column":4},"end":{"line":301,"column":5}}]},"28":{"loc":{"start":{"line":289,"column":6},"end":{"line":297,"column":7}},"type":"if","locations":[{"start":{"line":289,"column":6},"end":{"line":297,"column":7}},{"start":{"line":289,"column":6},"end":{"line":297,"column":7}}]},"29":{"loc":{"start":{"line":324,"column":6},"end":{"line":326,"column":7}},"type":"if","locations":[{"start":{"line":324,"column":6},"end":{"line":326,"column":7}},{"start":{"line":324,"column":6},"end":{"line":326,"column":7}}]},"30":{"loc":{"start":{"line":328,"column":6},"end":{"line":330,"column":7}},"type":"if","locations":[{"start":{"line":328,"column":6},"end":{"line":330,"column":7}},{"start":{"line":328,"column":6},"end":{"line":330,"column":7}}]},"31":{"loc":{"start":{"line":333,"column":6},"end":{"line":335,"column":7}},"type":"if","locations":[{"start":{"line":333,"column":6},"end":{"line":335,"column":7}},{"start":{"line":333,"column":6},"end":{"line":335,"column":7}}]},"32":{"loc":{"start":{"line":333,"column":10},"end":{"line":333,"column":43}},"type":"binary-expr","locations":[{"start":{"line":333,"column":10},"end":{"line":333,"column":24}},{"start":{"line":333,"column":28},"end":{"line":333,"column":43}}]},"33":{"loc":{"start":{"line":337,"column":6},"end":{"line":339,"column":7}},"type":"if","locations":[{"start":{"line":337,"column":6},"end":{"line":339,"column":7}},{"start":{"line":337,"column":6},"end":{"line":339,"column":7}}]},"34":{"loc":{"start":{"line":337,"column":10},"end":{"line":337,"column":43}},"type":"binary-expr","locations":[{"start":{"line":337,"column":10},"end":{"line":337,"column":25}},{"start":{"line":337,"column":29},"end":{"line":337,"column":43}}]},"35":{"loc":{"start":{"line":343,"column":6},"end":{"line":351,"column":7}},"type":"if","locations":[{"start":{"line":343,"column":6},"end":{"line":351,"column":7}},{"start":{"line":343,"column":6},"end":{"line":351,"column":7}}]},"36":{"loc":{"start":{"line":343,"column":10},"end":{"line":343,"column":82}},"type":"binary-expr","locations":[{"start":{"line":343,"column":10},"end":{"line":343,"column":44}},{"start":{"line":343,"column":48},"end":{"line":343,"column":82}}]},"37":{"loc":{"start":{"line":345,"column":8},"end":{"line":347,"column":9}},"type":"if","locations":[{"start":{"line":345,"column":8},"end":{"line":347,"column":9}},{"start":{"line":345,"column":8},"end":{"line":347,"column":9}}]},"38":{"loc":{"start":{"line":348,"column":8},"end":{"line":350,"column":9}},"type":"if","locations":[{"start":{"line":348,"column":8},"end":{"line":350,"column":9}},{"start":{"line":348,"column":8},"end":{"line":350,"column":9}}]},"39":{"loc":{"start":{"line":354,"column":6},"end":{"line":361,"column":7}},"type":"if","locations":[{"start":{"line":354,"column":6},"end":{"line":361,"column":7}},{"start":{"line":354,"column":6},"end":{"line":361,"column":7}}]},"40":{"loc":{"start":{"line":354,"column":10},"end":{"line":354,"column":26}},"type":"binary-expr","locations":[{"start":{"line":354,"column":10},"end":{"line":354,"column":16}},{"start":{"line":354,"column":20},"end":{"line":354,"column":26}}]},"41":{"loc":{"start":{"line":355,"column":8},"end":{"line":357,"column":9}},"type":"if","locations":[{"start":{"line":355,"column":8},"end":{"line":357,"column":9}},{"start":{"line":355,"column":8},"end":{"line":357,"column":9}}]},"42":{"loc":{"start":{"line":358,"column":8},"end":{"line":360,"column":9}},"type":"if","locations":[{"start":{"line":358,"column":8},"end":{"line":360,"column":9}},{"start":{"line":358,"column":8},"end":{"line":360,"column":9}}]},"43":{"loc":{"start":{"line":380,"column":6},"end":{"line":380,"column":49}},"type":"if","locations":[{"start":{"line":380,"column":6},"end":{"line":380,"column":49}},{"start":{"line":380,"column":6},"end":{"line":380,"column":49}}]},"44":{"loc":{"start":{"line":382,"column":6},"end":{"line":391,"column":7}},"type":"if","locations":[{"start":{"line":382,"column":6},"end":{"line":391,"column":7}},{"start":{"line":382,"column":6},"end":{"line":391,"column":7}}]},"45":{"loc":{"start":{"line":394,"column":6},"end":{"line":416,"column":7}},"type":"if","locations":[{"start":{"line":394,"column":6},"end":{"line":416,"column":7}},{"start":{"line":394,"column":6},"end":{"line":416,"column":7}}]},"46":{"loc":{"start":{"line":396,"column":8},"end":{"line":407,"column":9}},"type":"if","locations":[{"start":{"line":396,"column":8},"end":{"line":407,"column":9}},{"start":{"line":396,"column":8},"end":{"line":407,"column":9}}]},"47":{"loc":{"start":{"line":491,"column":33},"end":{"line":491,"column":109}},"type":"binary-expr","locations":[{"start":{"line":491,"column":33},"end":{"line":491,"column":69}},{"start":{"line":491,"column":73},"end":{"line":491,"column":109}}]},"48":{"loc":{"start":{"line":498,"column":8},"end":{"line":501,"column":9}},"type":"if","locations":[{"start":{"line":498,"column":8},"end":{"line":501,"column":9}},{"start":{"line":498,"column":8},"end":{"line":501,"column":9}}]},"49":{"loc":{"start":{"line":515,"column":30},"end":{"line":518,"column":12}},"type":"binary-expr","locations":[{"start":{"line":515,"column":30},"end":{"line":515,"column":48}},{"start":{"line":515,"column":52},"end":{"line":515,"column":77}},{"start":{"line":516,"column":13},"end":{"line":518,"column":12}}]},"50":{"loc":{"start":{"line":519,"column":8},"end":{"line":525,"column":9}},"type":"if","locations":[{"start":{"line":519,"column":8},"end":{"line":525,"column":9}},{"start":{"line":519,"column":8},"end":{"line":525,"column":9}}]},"51":{"loc":{"start":{"line":520,"column":10},"end":{"line":522,"column":11}},"type":"if","locations":[{"start":{"line":520,"column":10},"end":{"line":522,"column":11}},{"start":{"line":520,"column":10},"end":{"line":522,"column":11}}]},"52":{"loc":{"start":{"line":534,"column":6},"end":{"line":536,"column":7}},"type":"if","locations":[{"start":{"line":534,"column":6},"end":{"line":536,"column":7}},{"start":{"line":534,"column":6},"end":{"line":536,"column":7}}]},"53":{"loc":{"start":{"line":534,"column":10},"end":{"line":534,"column":33}},"type":"binary-expr","locations":[{"start":{"line":534,"column":10},"end":{"line":534,"column":27}},{"start":{"line":534,"column":31},"end":{"line":534,"column":33}}]},"54":{"loc":{"start":{"line":547,"column":15},"end":{"line":547,"column":56}},"type":"binary-expr","locations":[{"start":{"line":547,"column":15},"end":{"line":547,"column":30}},{"start":{"line":547,"column":34},"end":{"line":547,"column":56}}]},"55":{"loc":{"start":{"line":554,"column":30},"end":{"line":557,"column":10}},"type":"binary-expr","locations":[{"start":{"line":554,"column":30},"end":{"line":554,"column":48}},{"start":{"line":554,"column":52},"end":{"line":554,"column":77}},{"start":{"line":555,"column":11},"end":{"line":557,"column":10}}]},"56":{"loc":{"start":{"line":558,"column":6},"end":{"line":564,"column":7}},"type":"if","locations":[{"start":{"line":558,"column":6},"end":{"line":564,"column":7}},{"start":{"line":558,"column":6},"end":{"line":564,"column":7}}]},"57":{"loc":{"start":{"line":559,"column":8},"end":{"line":561,"column":9}},"type":"if","locations":[{"start":{"line":559,"column":8},"end":{"line":561,"column":9}},{"start":{"line":559,"column":8},"end":{"line":561,"column":9}}]},"58":{"loc":{"start":{"line":596,"column":48},"end":{"line":596,"column":72}},"type":"binary-expr","locations":[{"start":{"line":596,"column":48},"end":{"line":596,"column":66}},{"start":{"line":596,"column":70},"end":{"line":596,"column":72}}]},"59":{"loc":{"start":{"line":599,"column":49},"end":{"line":599,"column":142}},"type":"cond-expr","locations":[{"start":{"line":599,"column":92},"end":{"line":599,"column":132}},{"start":{"line":599,"column":135},"end":{"line":599,"column":142}}]},"60":{"loc":{"start":{"line":600,"column":42},"end":{"line":600,"column":117}},"type":"cond-expr","locations":[{"start":{"line":600,"column":77},"end":{"line":600,"column":109}},{"start":{"line":600,"column":112},"end":{"line":600,"column":117}}]},"61":{"loc":{"start":{"line":655,"column":4},"end":{"line":658,"column":5}},"type":"if","locations":[{"start":{"line":655,"column":4},"end":{"line":658,"column":5}},{"start":{"line":655,"column":4},"end":{"line":658,"column":5}}]}},"s":{"1":1,"2":1,"3":1,"4":1,"5":1,"6":1,"7":1,"8":1,"9":1,"10":1,"11":1,"12":0,"13":0,"14":0,"15":0,"16":0,"17":0,"18":0,"19":0,"20":0,"21":0,"22":0,"23":0,"24":0,"25":0,"26":0,"27":0,"28":0,"29":0,"30":0,"31":0,"32":0,"33":0,"34":0,"35":0,"36":0,"37":0,"38":0,"39":0,"40":0,"41":0,"42":0,"43":0,"44":0,"45":0,"46":0,"47":0,"48":0,"49":0,"50":0,"51":0,"52":0,"53":0,"54":0,"55":0,"56":0,"57":0,"58":0,"59":0,"60":0,"61":0,"62":0,"63":0,"64":0,"65":0,"66":0,"67":0,"68":0,"69":0,"70":0,"71":0,"72":0,"73":0,"74":0,"75":0,"76":0,"77":0,"78":0,"79":0,"80":0,"81":0,"82":0,"83":0,"84":0,"85":0,"86":0,"87":0,"88":0,"89":0,"90":0,"91":0,"92":0,"93":0,"94":0,"95":0,"96":0,"97":0,"98":0,"99":0,"100":0,"101":0,"102":0,"103":0,"104":0,"105":0,"106":0,"107":0,"108":0,"109":0,"110":0,"111":0,"112":0,"113":0,"114":0,"115":0,"116":0,"117":0,"118":0,"119":0,"120":0,"121":0,"122":0,"123":0,"124":0,"125":0,"126":0,"127":0,"128":0,"129":0,"130":0,"131":0,"132":0,"133":0,"134":0,"135":0,"136":0,"137":0,"138":0,"139":0,"140":0,"141":0,"142":0,"143":0,"144":0,"145":0,"146":0,"147":0,"148":0,"149":0,"150":0,"151":0,"152":0,"153":0,"154":0,"155":0,"156":0,"157":0,"158":0,"159":0,"160":0,"161":0,"162":0,"163":0,"164":0,"165":0,"166":0,"167":0,"168":0,"169":0,"170":0,"171":0,"172":0,"173":0,"174":0,"175":0,"176":0,"177":0,"178":0,"179":0,"180":0,"181":0,"182":0,"183":0,"184":0,"185":0,"186":0,"187":0,"188":0,"189":0,"190":0,"191":0,"192":0,"193":0,"194":0,"195":0,"196":0,"197":0,"198":0,"199":0,"200":0,"201":0,"202":0,"203":0,"204":0,"205":0,"206":0,"207":0,"208":0,"209":0,"210":0,"211":0,"212":0,"213":0,"214":0,"215":0,"216":0,"217":0,"218":0,"219":0,"220":0,"221":0,"222":0,"223":0,"224":0,"225":0,"226":0,"227":0,"228":0,"229":0,"230":0,"231":0,"232":0,"233":0,"234":0,"235":0,"236":1},"f":{"1":0,"2":0,"3":0,"4":0,"5":0,"6":0,"7":0,"8":0,"9":0,"10":0,"11":0,"12":0,"13":0,"14":0,"15":0,"16":0,"17":0,"18":0,"19":0,"20":0,"21":0,"22":0,"23":0,"24":0,"25":0,"26":0,"27":0,"28":0,"29":0,"30":0,"31":0,"32":0,"33":0},"b":{"1":[0,0],"2":[0,0],"3":[0,0],"4":[0,0],"5":[0,0],"6":[0,0],"7":[0,0],"8":[0,0],"9":[0,0],"10":[0,0],"11":[0,0],"12":[0,0],"13":[0,0],"14":[0,0],"15":[0,0],"16":[0,0],"17":[0,0],"18":[0,0],"19":[0,0],"20":[0,0],"21":[0,0],"22":[0,0],"23":[0,0],"24":[0,0],"25":[0,0],"26":[0,0],"27":[0,0],"28":[0,0],"29":[0,0],"30":[0,0],"31":[0,0],"32":[0,0],"33":[0,0],"34":[0,0],"35":[0,0],"36":[0,0],"37":[0,0],"38":[0,0],"39":[0,0],"40":[0,0],"41":[0,0],"42":[0,0],"43":[0,0],"44":[0,0],"45":[0,0],"46":[0,0],"47":[0,0],"48":[0,0],"49":[0,0,0],"50":[0,0],"51":[0,0],"52":[0,0],"53":[0,0],"54":[0,0],"55":[0,0,0],"56":[0,0],"57":[0,0],"58":[0,0],"59":[0,0],"60":[0,0],"61":[0,0]},"hash":"a1602a077a1867c95e10b87a4ccd22d9d7abb141"},"D:\\src\\patternlab-node\\core\\lib\\annotation_exporter.js":{"path":"D:\\src\\patternlab-node\\core\\lib\\annotation_exporter.js","statementMap":{"1":{"start":{"line":2,"column":13},"end":{"line":2,"column":28}},"2":{"start":{"line":3,"column":13},"end":{"line":3,"column":28}},"3":{"start":{"line":4,"column":11},"end":{"line":4,"column":30}},"4":{"start":{"line":5,"column":10},"end":{"line":5,"column":27}},"5":{"start":{"line":6,"column":11},"end":{"line":6,"column":39}},"6":{"start":{"line":8,"column":29},"end":{"line":98,"column":1}},"7":{"start":{"line":10,"column":16},"end":{"line":10,"column":31}},"8":{"start":{"line":18,"column":4},"end":{"line":25,"column":5}},"9":{"start":{"line":19,"column":6},"end":{"line":19,"column":105}},"10":{"start":{"line":21,"column":6},"end":{"line":23,"column":7}},"11":{"start":{"line":22,"column":8},"end":{"line":22,"column":112}},"12":{"start":{"line":24,"column":6},"end":{"line":24,"column":16}},"13":{"start":{"line":28,"column":4},"end":{"line":28,"column":67}},"14":{"start":{"line":29,"column":4},"end":{"line":29,"column":55}},"15":{"start":{"line":31,"column":4},"end":{"line":37,"column":5}},"16":{"start":{"line":32,"column":31},"end":{"line":32,"column":57}},"17":{"start":{"line":34,"column":6},"end":{"line":34,"column":104}},"18":{"start":{"line":35,"column":6},"end":{"line":35,"column":22}},"19":{"start":{"line":36,"column":6},"end":{"line":36,"column":16}},"20":{"start":{"line":38,"column":4},"end":{"line":38,"column":39}},"21":{"start":{"line":42,"column":23},"end":{"line":42,"column":25}},"22":{"start":{"line":43,"column":24},"end":{"line":43,"column":62}},"23":{"start":{"line":45,"column":4},"end":{"line":45,"column":59}},"24":{"start":{"line":46,"column":4},"end":{"line":46,"column":41}},"25":{"start":{"line":47,"column":4},"end":{"line":47,"column":46}},"26":{"start":{"line":48,"column":4},"end":{"line":48,"column":22}},"27":{"start":{"line":53,"column":28},"end":{"line":53,"column":34}},"28":{"start":{"line":55,"column":4},"end":{"line":65,"column":6}},"29":{"start":{"line":56,"column":28},"end":{"line":56,"column":75}},"30":{"start":{"line":59,"column":30},"end":{"line":59,"column":56}},"31":{"start":{"line":60,"column":6},"end":{"line":63,"column":7}},"32":{"start":{"line":61,"column":27},"end":{"line":61,"column":81}},"33":{"start":{"line":62,"column":8},"end":{"line":62,"column":37}},"34":{"start":{"line":64,"column":6},"end":{"line":64,"column":19}},"35":{"start":{"line":72,"column":28},"end":{"line":72,"column":36}},"36":{"start":{"line":73,"column":24},"end":{"line":73,"column":26}},"37":{"start":{"line":74,"column":20},"end":{"line":74,"column":65}},"38":{"start":{"line":76,"column":4},"end":{"line":76,"column":63}},"39":{"start":{"line":77,"column":4},"end":{"line":77,"column":23}},"40":{"start":{"line":81,"column":26},"end":{"line":81,"column":46}},"41":{"start":{"line":82,"column":26},"end":{"line":82,"column":46}},"42":{"start":{"line":83,"column":4},"end":{"line":83,"column":57}},"43":{"start":{"line":86,"column":2},"end":{"line":96,"column":4}},"44":{"start":{"line":88,"column":6},"end":{"line":88,"column":33}},"45":{"start":{"line":91,"column":6},"end":{"line":91,"column":34}},"46":{"start":{"line":94,"column":6},"end":{"line":94,"column":34}},"47":{"start":{"line":100,"column":0},"end":{"line":100,"column":38}}},"fnMap":{"1":{"name":"(anonymous_1)","decl":{"start":{"line":8,"column":29},"end":{"line":8,"column":30}},"loc":{"start":{"line":8,"column":43},"end":{"line":98,"column":1}}},"2":{"name":"parseAnnotationsJS","decl":{"start":{"line":16,"column":11},"end":{"line":16,"column":29}},"loc":{"start":{"line":16,"column":32},"end":{"line":39,"column":3}}},"3":{"name":"buildAnnotationMD","decl":{"start":{"line":41,"column":11},"end":{"line":41,"column":28}},"loc":{"start":{"line":41,"column":63},"end":{"line":49,"column":3}}},"4":{"name":"parseMDFile","decl":{"start":{"line":51,"column":11},"end":{"line":51,"column":22}},"loc":{"start":{"line":51,"column":44},"end":{"line":66,"column":3}}},"5":{"name":"(anonymous_5)","decl":{"start":{"line":55,"column":11},"end":{"line":55,"column":12}},"loc":{"start":{"line":55,"column":31},"end":{"line":65,"column":5}}},"6":{"name":"parseAnnotationsMD","decl":{"start":{"line":71,"column":11},"end":{"line":71,"column":29}},"loc":{"start":{"line":71,"column":32},"end":{"line":78,"column":3}}},"7":{"name":"gatherAnnotations","decl":{"start":{"line":80,"column":11},"end":{"line":80,"column":28}},"loc":{"start":{"line":80,"column":31},"end":{"line":84,"column":3}}},"8":{"name":"(anonymous_8)","decl":{"start":{"line":87,"column":12},"end":{"line":87,"column":13}},"loc":{"start":{"line":87,"column":24},"end":{"line":89,"column":5}}},"9":{"name":"(anonymous_9)","decl":{"start":{"line":90,"column":14},"end":{"line":90,"column":15}},"loc":{"start":{"line":90,"column":26},"end":{"line":92,"column":5}}},"10":{"name":"(anonymous_10)","decl":{"start":{"line":93,"column":14},"end":{"line":93,"column":15}},"loc":{"start":{"line":93,"column":26},"end":{"line":95,"column":5}}}},"branchMap":{"1":{"loc":{"start":{"line":21,"column":6},"end":{"line":23,"column":7}},"type":"if","locations":[{"start":{"line":21,"column":6},"end":{"line":23,"column":7}},{"start":{"line":21,"column":6},"end":{"line":23,"column":7}}]},"2":{"loc":{"start":{"line":45,"column":20},"end":{"line":45,"column":58}},"type":"binary-expr","locations":[{"start":{"line":45,"column":20},"end":{"line":45,"column":34}},{"start":{"line":45,"column":38},"end":{"line":45,"column":58}}]}},"s":{"1":1,"2":1,"3":1,"4":1,"5":1,"6":1,"7":0,"8":0,"9":0,"10":0,"11":0,"12":0,"13":0,"14":0,"15":0,"16":0,"17":0,"18":0,"19":0,"20":0,"21":0,"22":0,"23":0,"24":0,"25":0,"26":0,"27":0,"28":0,"29":0,"30":0,"31":0,"32":0,"33":0,"34":0,"35":0,"36":0,"37":0,"38":0,"39":0,"40":0,"41":0,"42":0,"43":0,"44":0,"45":0,"46":0,"47":1},"f":{"1":0,"2":0,"3":0,"4":0,"5":0,"6":0,"7":0,"8":0,"9":0,"10":0},"b":{"1":[0,0],"2":[0,0]},"hash":"ff1c4c7109a48591b6d0899c0c9534307af6d9b0"}}