{"D:\\src\\patternlab-node\\core\\lib\\pattern_assembler.js":{"path":"D:\\src\\patternlab-node\\core\\lib\\pattern_assembler.js","statementMap":{"1":{"start":{"line":3,"column":13},"end":{"line":3,"column":28}},"2":{"start":{"line":4,"column":10},"end":{"line":4,"column":27}},"3":{"start":{"line":5,"column":16},"end":{"line":5,"column":51}},"4":{"start":{"line":6,"column":21},"end":{"line":6,"column":61}},"5":{"start":{"line":7,"column":12},"end":{"line":7,"column":45}},"6":{"start":{"line":8,"column":11},"end":{"line":8,"column":39}},"7":{"start":{"line":9,"column":16},"end":{"line":9,"column":38}},"8":{"start":{"line":10,"column":23},"end":{"line":10,"column":51}},"9":{"start":{"line":11,"column":11},"end":{"line":11,"column":38}},"10":{"start":{"line":12,"column":12},"end":{"line":12,"column":41}},"11":{"start":{"line":13,"column":12},"end":{"line":13,"column":46}},"12":{"start":{"line":14,"column":11},"end":{"line":14,"column":40}},"13":{"start":{"line":15,"column":11},"end":{"line":15,"column":38}},"14":{"start":{"line":16,"column":17},"end":{"line":16,"column":39}},"15":{"start":{"line":17,"column":24},"end":{"line":17,"column":32}},"16":{"start":{"line":18,"column":23},"end":{"line":18,"column":31}},"17":{"start":{"line":21,"column":9},"end":{"line":21,"column":28}},"18":{"start":{"line":23,"column":26},"end":{"line":615,"column":1}},"19":{"start":{"line":28,"column":4},"end":{"line":32,"column":5}},"20":{"start":{"line":29,"column":6},"end":{"line":31,"column":7}},"21":{"start":{"line":30,"column":8},"end":{"line":30,"column":38}},"22":{"start":{"line":35,"column":4},"end":{"line":41,"column":5}},"23":{"start":{"line":36,"column":6},"end":{"line":40,"column":7}},"24":{"start":{"line":39,"column":10},"end":{"line":39,"column":40}},"25":{"start":{"line":44,"column":4},"end":{"line":52,"column":5}},"26":{"start":{"line":45,"column":25},"end":{"line":45,"column":47}},"27":{"start":{"line":46,"column":22},"end":{"line":46,"column":37}},"28":{"start":{"line":47,"column":25},"end":{"line":47,"column":56}},"29":{"start":{"line":49,"column":6},"end":{"line":51,"column":7}},"30":{"start":{"line":50,"column":8},"end":{"line":50,"column":38}},"31":{"start":{"line":53,"column":4},"end":{"line":53,"column":227}},"32":{"start":{"line":54,"column":4},"end":{"line":54,"column":21}},"33":{"start":{"line":59,"column":15},"end":{"line":59,"column":17}},"34":{"start":{"line":60,"column":4},"end":{"line":64,"column":5}},"35":{"start":{"line":61,"column":6},"end":{"line":63,"column":7}},"36":{"start":{"line":62,"column":8},"end":{"line":62,"column":45}},"37":{"start":{"line":65,"column":4},"end":{"line":65,"column":46}},"38":{"start":{"line":67,"column":4},"end":{"line":78,"column":5}},"39":{"start":{"line":68,"column":22},"end":{"line":68,"column":24}},"40":{"start":{"line":69,"column":6},"end":{"line":77,"column":7}},"41":{"start":{"line":70,"column":8},"end":{"line":70,"column":51}},"42":{"start":{"line":71,"column":8},"end":{"line":71,"column":49}},"43":{"start":{"line":73,"column":8},"end":{"line":76,"column":9}},"44":{"start":{"line":74,"column":10},"end":{"line":74,"column":57}},"45":{"start":{"line":75,"column":10},"end":{"line":75,"column":51}},"46":{"start":{"line":86,"column":4},"end":{"line":86,"column":86}},"47":{"start":{"line":89,"column":16},"end":{"line":89,"column":20}},"48":{"start":{"line":90,"column":4},"end":{"line":99,"column":5}},"49":{"start":{"line":92,"column":6},"end":{"line":98,"column":7}},"50":{"start":{"line":94,"column":8},"end":{"line":94,"column":41}},"51":{"start":{"line":95,"column":8},"end":{"line":95,"column":99}},"52":{"start":{"line":96,"column":8},"end":{"line":96,"column":22}},"53":{"start":{"line":97,"column":8},"end":{"line":97,"column":14}},"54":{"start":{"line":102,"column":4},"end":{"line":121,"column":5}},"55":{"start":{"line":104,"column":6},"end":{"line":106,"column":7}},"56":{"start":{"line":105,"column":8},"end":{"line":105,"column":67}},"57":{"start":{"line":109,"column":6},"end":{"line":116,"column":7}},"58":{"start":{"line":110,"column":8},"end":{"line":110,"column":99}},"59":{"start":{"line":113,"column":8},"end":{"line":113,"column":34}},"60":{"start":{"line":115,"column":8},"end":{"line":115,"column":74}},"61":{"start":{"line":119,"column":6},"end":{"line":119,"column":100}},"62":{"start":{"line":120,"column":6},"end":{"line":120,"column":36}},"63":{"start":{"line":125,"column":4},"end":{"line":125,"column":79}},"64":{"start":{"line":132,"column":4},"end":{"line":140,"column":5}},"65":{"start":{"line":133,"column":6},"end":{"line":133,"column":44}},"66":{"start":{"line":138,"column":25},"end":{"line":138,"column":73}},"67":{"start":{"line":139,"column":6},"end":{"line":139,"column":81}},"68":{"start":{"line":145,"column":4},"end":{"line":198,"column":5}},"69":{"start":{"line":146,"column":29},"end":{"line":146,"column":138}},"70":{"start":{"line":147,"column":6},"end":{"line":147,"column":73}},"71":{"start":{"line":149,"column":33},"end":{"line":149,"column":74}},"72":{"start":{"line":151,"column":27},"end":{"line":151,"column":70}},"73":{"start":{"line":152,"column":6},"end":{"line":186,"column":7}},"74":{"start":{"line":154,"column":8},"end":{"line":154,"column":48}},"75":{"start":{"line":155,"column":8},"end":{"line":155,"column":61}},"76":{"start":{"line":158,"column":8},"end":{"line":158,"column":52}},"77":{"start":{"line":161,"column":8},"end":{"line":163,"column":9}},"78":{"start":{"line":162,"column":10},"end":{"line":162,"column":61}},"79":{"start":{"line":164,"column":8},"end":{"line":166,"column":9}},"80":{"start":{"line":165,"column":10},"end":{"line":165,"column":54}},"81":{"start":{"line":167,"column":8},"end":{"line":169,"column":9}},"82":{"start":{"line":168,"column":10},"end":{"line":168,"column":56}},"83":{"start":{"line":170,"column":8},"end":{"line":172,"column":9}},"84":{"start":{"line":171,"column":10},"end":{"line":171,"column":86}},"85":{"start":{"line":173,"column":8},"end":{"line":175,"column":9}},"86":{"start":{"line":174,"column":10},"end":{"line":174,"column":52}},"87":{"start":{"line":176,"column":8},"end":{"line":178,"column":9}},"88":{"start":{"line":177,"column":10},"end":{"line":177,"column":60}},"89":{"start":{"line":179,"column":8},"end":{"line":181,"column":9}},"90":{"start":{"line":180,"column":10},"end":{"line":180,"column":54}},"91":{"start":{"line":183,"column":8},"end":{"line":185,"column":9}},"92":{"start":{"line":184,"column":10},"end":{"line":184,"column":88}},"93":{"start":{"line":188,"column":6},"end":{"line":190,"column":7}},"94":{"start":{"line":189,"column":8},"end":{"line":189,"column":92}},"95":{"start":{"line":194,"column":6},"end":{"line":197,"column":7}},"96":{"start":{"line":195,"column":8},"end":{"line":195,"column":153}},"97":{"start":{"line":196,"column":8},"end":{"line":196,"column":25}},"98":{"start":{"line":210,"column":25},"end":{"line":210,"column":33}},"99":{"start":{"line":211,"column":25},"end":{"line":211,"column":34}},"100":{"start":{"line":213,"column":4},"end":{"line":213,"column":48}},"101":{"start":{"line":216,"column":31},"end":{"line":216,"column":53}},"102":{"start":{"line":219,"column":4},"end":{"line":219,"column":69}},"103":{"start":{"line":225,"column":4},"end":{"line":232,"column":5}},"104":{"start":{"line":227,"column":6},"end":{"line":227,"column":82}},"105":{"start":{"line":231,"column":6},"end":{"line":231,"column":77}},"106":{"start":{"line":235,"column":4},"end":{"line":237,"column":5}},"107":{"start":{"line":236,"column":6},"end":{"line":236,"column":55}},"108":{"start":{"line":240,"column":4},"end":{"line":240,"column":36}},"109":{"start":{"line":247,"column":24},"end":{"line":247,"column":74}},"110":{"start":{"line":248,"column":4},"end":{"line":258,"column":5}},"111":{"start":{"line":249,"column":6},"end":{"line":249,"column":22}},"112":{"start":{"line":250,"column":6},"end":{"line":250,"column":34}},"113":{"start":{"line":251,"column":6},"end":{"line":251,"column":148}},"114":{"start":{"line":252,"column":6},"end":{"line":252,"column":111}},"115":{"start":{"line":253,"column":6},"end":{"line":253,"column":89}},"116":{"start":{"line":254,"column":6},"end":{"line":254,"column":22}},"117":{"start":{"line":255,"column":6},"end":{"line":255,"column":135}},"118":{"start":{"line":256,"column":6},"end":{"line":256,"column":88}},"119":{"start":{"line":257,"column":6},"end":{"line":257,"column":22}},"120":{"start":{"line":261,"column":21},"end":{"line":261,"column":40}},"121":{"start":{"line":262,"column":4},"end":{"line":286,"column":5}},"122":{"start":{"line":263,"column":6},"end":{"line":285,"column":7}},"123":{"start":{"line":264,"column":32},"end":{"line":264,"column":118}},"124":{"start":{"line":265,"column":37},"end":{"line":265,"column":67}},"125":{"start":{"line":266,"column":8},"end":{"line":279,"column":9}},"126":{"start":{"line":267,"column":44},"end":{"line":267,"column":94}},"127":{"start":{"line":268,"column":32},"end":{"line":268,"column":82}},"128":{"start":{"line":269,"column":31},"end":{"line":269,"column":69}},"129":{"start":{"line":270,"column":10},"end":{"line":270,"column":54}},"130":{"start":{"line":271,"column":10},"end":{"line":271,"column":75}},"131":{"start":{"line":272,"column":10},"end":{"line":272,"column":64}},"132":{"start":{"line":273,"column":10},"end":{"line":273,"column":106}},"133":{"start":{"line":274,"column":10},"end":{"line":274,"column":43}},"134":{"start":{"line":275,"column":10},"end":{"line":275,"column":39}},"135":{"start":{"line":277,"column":10},"end":{"line":277,"column":56}},"136":{"start":{"line":278,"column":10},"end":{"line":278,"column":32}},"137":{"start":{"line":282,"column":8},"end":{"line":284,"column":9}},"138":{"start":{"line":283,"column":10},"end":{"line":283,"column":27}},"139":{"start":{"line":290,"column":19},"end":{"line":290,"column":34}},"140":{"start":{"line":291,"column":14},"end":{"line":291,"column":28}},"141":{"start":{"line":292,"column":23},"end":{"line":292,"column":62}},"142":{"start":{"line":295,"column":4},"end":{"line":295,"column":77}},"143":{"start":{"line":295,"column":63},"end":{"line":295,"column":75}},"144":{"start":{"line":298,"column":25},"end":{"line":298,"column":63}},"145":{"start":{"line":301,"column":4},"end":{"line":303,"column":5}},"146":{"start":{"line":302,"column":6},"end":{"line":302,"column":28}},"147":{"start":{"line":306,"column":4},"end":{"line":308,"column":5}},"148":{"start":{"line":307,"column":6},"end":{"line":307,"column":28}},"149":{"start":{"line":311,"column":4},"end":{"line":328,"column":5}},"150":{"start":{"line":312,"column":25},"end":{"line":312,"column":109}},"151":{"start":{"line":313,"column":6},"end":{"line":317,"column":7}},"152":{"start":{"line":314,"column":32},"end":{"line":314,"column":57}},"153":{"start":{"line":318,"column":6},"end":{"line":323,"column":7}},"154":{"start":{"line":319,"column":8},"end":{"line":319,"column":68}},"155":{"start":{"line":320,"column":8},"end":{"line":322,"column":9}},"156":{"start":{"line":321,"column":10},"end":{"line":321,"column":120}},"157":{"start":{"line":326,"column":6},"end":{"line":326,"column":91}},"158":{"start":{"line":327,"column":6},"end":{"line":327,"column":23}},"159":{"start":{"line":331,"column":4},"end":{"line":349,"column":5}},"160":{"start":{"line":332,"column":29},"end":{"line":332,"column":123}},"161":{"start":{"line":333,"column":6},"end":{"line":337,"column":7}},"162":{"start":{"line":334,"column":32},"end":{"line":334,"column":61}},"163":{"start":{"line":338,"column":6},"end":{"line":344,"column":7}},"164":{"start":{"line":339,"column":8},"end":{"line":339,"column":69}},"165":{"start":{"line":340,"column":8},"end":{"line":340,"column":39}},"166":{"start":{"line":341,"column":8},"end":{"line":343,"column":9}},"167":{"start":{"line":342,"column":10},"end":{"line":342,"column":100}},"168":{"start":{"line":347,"column":6},"end":{"line":347,"column":100}},"169":{"start":{"line":348,"column":6},"end":{"line":348,"column":23}},"170":{"start":{"line":352,"column":4},"end":{"line":352,"column":53}},"171":{"start":{"line":355,"column":23},"end":{"line":355,"column":73}},"172":{"start":{"line":357,"column":4},"end":{"line":357,"column":68}},"173":{"start":{"line":360,"column":4},"end":{"line":360,"column":83}},"174":{"start":{"line":363,"column":4},"end":{"line":363,"column":92}},"175":{"start":{"line":365,"column":4},"end":{"line":367,"column":7}},"176":{"start":{"line":366,"column":6},"end":{"line":366,"column":61}},"177":{"start":{"line":369,"column":4},"end":{"line":369,"column":63}},"178":{"start":{"line":372,"column":4},"end":{"line":372,"column":43}},"179":{"start":{"line":374,"column":4},"end":{"line":374,"column":26}},"180":{"start":{"line":382,"column":4},"end":{"line":389,"column":86}},"181":{"start":{"line":384,"column":6},"end":{"line":384,"column":71}},"182":{"start":{"line":387,"column":6},"end":{"line":387,"column":80}},"183":{"start":{"line":388,"column":6},"end":{"line":388,"column":21}},"184":{"start":{"line":397,"column":4},"end":{"line":401,"column":5}},"185":{"start":{"line":398,"column":6},"end":{"line":400,"column":7}},"186":{"start":{"line":399,"column":8},"end":{"line":399,"column":48}},"187":{"start":{"line":404,"column":4},"end":{"line":404,"column":58}},"188":{"start":{"line":404,"column":49},"end":{"line":404,"column":56}},"189":{"start":{"line":407,"column":4},"end":{"line":407,"column":51}},"190":{"start":{"line":407,"column":42},"end":{"line":407,"column":49}},"191":{"start":{"line":410,"column":4},"end":{"line":410,"column":49}},"192":{"start":{"line":427,"column":28},"end":{"line":431,"column":5}},"193":{"start":{"line":428,"column":6},"end":{"line":430,"column":7}},"194":{"start":{"line":429,"column":8},"end":{"line":429,"column":28}},"195":{"start":{"line":432,"column":26},"end":{"line":434,"column":85}},"196":{"start":{"line":434,"column":11},"end":{"line":434,"column":84}},"197":{"start":{"line":437,"column":4},"end":{"line":442,"column":7}},"198":{"start":{"line":438,"column":17},"end":{"line":438,"column":122}},"199":{"start":{"line":441,"column":6},"end":{"line":441,"column":68}},"200":{"start":{"line":445,"column":4},"end":{"line":445,"column":94}},"201":{"start":{"line":445,"column":49},"end":{"line":445,"column":92}},"202":{"start":{"line":446,"column":4},"end":{"line":446,"column":25}},"203":{"start":{"line":451,"column":32},"end":{"line":451,"column":41}},"204":{"start":{"line":452,"column":25},"end":{"line":452,"column":33}},"205":{"start":{"line":454,"column":4},"end":{"line":456,"column":5}},"206":{"start":{"line":455,"column":6},"end":{"line":455,"column":73}},"207":{"start":{"line":460,"column":4},"end":{"line":460,"column":65}},"208":{"start":{"line":463,"column":4},"end":{"line":490,"column":5}},"209":{"start":{"line":464,"column":20},"end":{"line":464,"column":71}},"210":{"start":{"line":468,"column":6},"end":{"line":474,"column":7}},"211":{"start":{"line":469,"column":8},"end":{"line":473,"column":9}},"212":{"start":{"line":472,"column":10},"end":{"line":472,"column":55}},"213":{"start":{"line":477,"column":6},"end":{"line":477,"column":55}},"214":{"start":{"line":481,"column":27},"end":{"line":481,"column":58}},"215":{"start":{"line":482,"column":32},"end":{"line":482,"column":86}},"216":{"start":{"line":485,"column":6},"end":{"line":487,"column":7}},"217":{"start":{"line":486,"column":8},"end":{"line":486,"column":111}},"218":{"start":{"line":489,"column":6},"end":{"line":489,"column":143}},"219":{"start":{"line":497,"column":4},"end":{"line":497,"column":50}},"220":{"start":{"line":500,"column":4},"end":{"line":500,"column":42}},"221":{"start":{"line":501,"column":4},"end":{"line":501,"column":41}},"222":{"start":{"line":501,"column":28},"end":{"line":501,"column":39}},"223":{"start":{"line":504,"column":4},"end":{"line":504,"column":48}},"224":{"start":{"line":506,"column":4},"end":{"line":535,"column":5}},"225":{"start":{"line":507,"column":6},"end":{"line":534,"column":7}},"226":{"start":{"line":508,"column":23},"end":{"line":508,"column":37}},"227":{"start":{"line":509,"column":8},"end":{"line":533,"column":9}},"228":{"start":{"line":512,"column":35},"end":{"line":512,"column":91}},"229":{"start":{"line":513,"column":24},"end":{"line":513,"column":66}},"230":{"start":{"line":514,"column":10},"end":{"line":532,"column":11}},"231":{"start":{"line":517,"column":27},"end":{"line":517,"column":67}},"232":{"start":{"line":518,"column":12},"end":{"line":527,"column":13}},"233":{"start":{"line":519,"column":14},"end":{"line":519,"column":70}},"234":{"start":{"line":520,"column":14},"end":{"line":522,"column":15}},"235":{"start":{"line":521,"column":16},"end":{"line":521,"column":106}},"236":{"start":{"line":525,"column":14},"end":{"line":525,"column":57}},"237":{"start":{"line":526,"column":14},"end":{"line":526,"column":96}},"238":{"start":{"line":529,"column":12},"end":{"line":531,"column":13}},"239":{"start":{"line":530,"column":14},"end":{"line":530,"column":76}},"240":{"start":{"line":538,"column":4},"end":{"line":543,"column":5}},"241":{"start":{"line":539,"column":6},"end":{"line":539,"column":44}},"242":{"start":{"line":541,"column":6},"end":{"line":541,"column":64}},"243":{"start":{"line":542,"column":6},"end":{"line":542,"column":23}},"244":{"start":{"line":545,"column":4},"end":{"line":545,"column":19}},"245":{"start":{"line":553,"column":4},"end":{"line":553,"column":85}},"246":{"start":{"line":556,"column":4},"end":{"line":558,"column":5}},"247":{"start":{"line":557,"column":6},"end":{"line":557,"column":153}},"248":{"start":{"line":561,"column":2},"end":{"line":613,"column":4}},"249":{"start":{"line":563,"column":6},"end":{"line":563,"column":60}},"250":{"start":{"line":566,"column":6},"end":{"line":566,"column":36}},"251":{"start":{"line":569,"column":6},"end":{"line":569,"column":54}},"252":{"start":{"line":572,"column":6},"end":{"line":572,"column":57}},"253":{"start":{"line":575,"column":6},"end":{"line":575,"column":37}},"254":{"start":{"line":578,"column":6},"end":{"line":578,"column":38}},"255":{"start":{"line":581,"column":6},"end":{"line":581,"column":52}},"256":{"start":{"line":584,"column":6},"end":{"line":584,"column":59}},"257":{"start":{"line":587,"column":6},"end":{"line":587,"column":53}},"258":{"start":{"line":590,"column":6},"end":{"line":590,"column":52}},"259":{"start":{"line":593,"column":6},"end":{"line":593,"column":58}},"260":{"start":{"line":596,"column":6},"end":{"line":596,"column":64}},"261":{"start":{"line":599,"column":6},"end":{"line":599,"column":45}},"262":{"start":{"line":602,"column":6},"end":{"line":602,"column":33}},"263":{"start":{"line":605,"column":6},"end":{"line":605,"column":33}},"264":{"start":{"line":608,"column":6},"end":{"line":608,"column":59}},"265":{"start":{"line":611,"column":6},"end":{"line":611,"column":48}},"266":{"start":{"line":617,"column":0},"end":{"line":617,"column":35}}},"fnMap":{"1":{"name":"(anonymous_1)","decl":{"start":{"line":23,"column":26},"end":{"line":23,"column":27}},"loc":{"start":{"line":23,"column":38},"end":{"line":615,"column":1}}},"2":{"name":"getPartial","decl":{"start":{"line":26,"column":11},"end":{"line":26,"column":21}},"loc":{"start":{"line":26,"column":47},"end":{"line":55,"column":3}}},"3":{"name":"buildListItems","decl":{"start":{"line":57,"column":11},"end":{"line":57,"column":25}},"loc":{"start":{"line":57,"column":37},"end":{"line":79,"column":3}}},"4":{"name":"addPattern","decl":{"start":{"line":83,"column":11},"end":{"line":83,"column":21}},"loc":{"start":{"line":83,"column":43},"end":{"line":122,"column":3}}},"5":{"name":"addSubtypePattern","decl":{"start":{"line":124,"column":11},"end":{"line":124,"column":28}},"loc":{"start":{"line":124,"column":57},"end":{"line":126,"column":3}}},"6":{"name":"renderPattern","decl":{"start":{"line":129,"column":11},"end":{"line":129,"column":24}},"loc":{"start":{"line":129,"column":50},"end":{"line":141,"column":3}}},"7":{"name":"parsePatternMarkdown","decl":{"start":{"line":143,"column":11},"end":{"line":143,"column":31}},"loc":{"start":{"line":143,"column":60},"end":{"line":199,"column":3}}},"8":{"name":"decomposePattern","decl":{"start":{"line":208,"column":11},"end":{"line":208,"column":27}},"loc":{"start":{"line":208,"column":64},"end":{"line":241,"column":3}}},"9":{"name":"loadPatternIterative","decl":{"start":{"line":245,"column":11},"end":{"line":245,"column":31}},"loc":{"start":{"line":245,"column":53},"end":{"line":375,"column":3}}},"10":{"name":"(anonymous_10)","decl":{"start":{"line":365,"column":59},"end":{"line":365,"column":60}},"loc":{"start":{"line":365,"column":67},"end":{"line":367,"column":5}}},"11":{"name":"processPatternIterative","decl":{"start":{"line":379,"column":11},"end":{"line":379,"column":34}},"loc":{"start":{"line":379,"column":56},"end":{"line":390,"column":3}}},"12":{"name":"(anonymous_12)","decl":{"start":{"line":382,"column":61},"end":{"line":382,"column":62}},"loc":{"start":{"line":382,"column":67},"end":{"line":389,"column":5}}},"13":{"name":"processPatternRecursive","decl":{"start":{"line":392,"column":11},"end":{"line":392,"column":34}},"loc":{"start":{"line":392,"column":53},"end":{"line":411,"column":3}}},"14":{"name":"markModifiedPatterns","decl":{"start":{"line":421,"column":11},"end":{"line":421,"column":31}},"loc":{"start":{"line":421,"column":58},"end":{"line":447,"column":3}}},"15":{"name":"(anonymous_15)","decl":{"start":{"line":427,"column":28},"end":{"line":427,"column":29}},"loc":{"start":{"line":427,"column":45},"end":{"line":431,"column":5}}},"16":{"name":"(anonymous_16)","decl":{"start":{"line":434,"column":6},"end":{"line":434,"column":7}},"loc":{"start":{"line":434,"column":11},"end":{"line":434,"column":84}}},"17":{"name":"(anonymous_17)","decl":{"start":{"line":437,"column":47},"end":{"line":437,"column":48}},"loc":{"start":{"line":437,"column":63},"end":{"line":442,"column":5}}},"18":{"name":"(anonymous_18)","decl":{"start":{"line":445,"column":44},"end":{"line":445,"column":45}},"loc":{"start":{"line":445,"column":49},"end":{"line":445,"column":92}}},"19":{"name":"expandPartials","decl":{"start":{"line":449,"column":11},"end":{"line":449,"column":25}},"loc":{"start":{"line":449,"column":94},"end":{"line":491,"column":3}}},"20":{"name":"parseDataLinksHelper","decl":{"start":{"line":493,"column":11},"end":{"line":493,"column":31}},"loc":{"start":{"line":493,"column":54},"end":{"line":546,"column":3}}},"21":{"name":"parseDataLinks","decl":{"start":{"line":550,"column":11},"end":{"line":550,"column":25}},"loc":{"start":{"line":550,"column":38},"end":{"line":559,"column":3}}},"22":{"name":"(anonymous_22)","decl":{"start":{"line":562,"column":28},"end":{"line":562,"column":29}},"loc":{"start":{"line":562,"column":64},"end":{"line":564,"column":5}}},"23":{"name":"(anonymous_23)","decl":{"start":{"line":565,"column":27},"end":{"line":565,"column":28}},"loc":{"start":{"line":565,"column":46},"end":{"line":567,"column":5}}},"24":{"name":"(anonymous_24)","decl":{"start":{"line":568,"column":48},"end":{"line":568,"column":49}},"loc":{"start":{"line":568,"column":67},"end":{"line":570,"column":5}}},"25":{"name":"(anonymous_25)","decl":{"start":{"line":571,"column":43},"end":{"line":571,"column":44}},"loc":{"start":{"line":571,"column":62},"end":{"line":573,"column":5}}},"26":{"name":"(anonymous_26)","decl":{"start":{"line":574,"column":21},"end":{"line":574,"column":22}},"loc":{"start":{"line":574,"column":40},"end":{"line":576,"column":5}}},"27":{"name":"(anonymous_27)","decl":{"start":{"line":577,"column":16},"end":{"line":577,"column":17}},"loc":{"start":{"line":577,"column":47},"end":{"line":579,"column":5}}},"28":{"name":"(anonymous_28)","decl":{"start":{"line":580,"column":23},"end":{"line":580,"column":24}},"loc":{"start":{"line":580,"column":61},"end":{"line":582,"column":5}}},"29":{"name":"(anonymous_29)","decl":{"start":{"line":583,"column":22},"end":{"line":583,"column":23}},"loc":{"start":{"line":583,"column":68},"end":{"line":585,"column":5}}},"30":{"name":"(anonymous_30)","decl":{"start":{"line":586,"column":19},"end":{"line":586,"column":20}},"loc":{"start":{"line":586,"column":55},"end":{"line":588,"column":5}}},"31":{"name":"(anonymous_31)","decl":{"start":{"line":589,"column":28},"end":{"line":589,"column":29}},"loc":{"start":{"line":589,"column":56},"end":{"line":591,"column":5}}},"32":{"name":"(anonymous_32)","decl":{"start":{"line":592,"column":31},"end":{"line":592,"column":32}},"loc":{"start":{"line":592,"column":62},"end":{"line":594,"column":5}}},"33":{"name":"(anonymous_33)","decl":{"start":{"line":595,"column":31},"end":{"line":595,"column":32}},"loc":{"start":{"line":595,"column":75},"end":{"line":597,"column":5}}},"34":{"name":"(anonymous_34)","decl":{"start":{"line":598,"column":16},"end":{"line":598,"column":17}},"loc":{"start":{"line":598,"column":47},"end":{"line":600,"column":5}}},"35":{"name":"(anonymous_35)","decl":{"start":{"line":601,"column":23},"end":{"line":601,"column":24}},"loc":{"start":{"line":601,"column":45},"end":{"line":603,"column":5}}},"36":{"name":"(anonymous_36)","decl":{"start":{"line":604,"column":22},"end":{"line":604,"column":23}},"loc":{"start":{"line":604,"column":44},"end":{"line":606,"column":5}}},"37":{"name":"(anonymous_37)","decl":{"start":{"line":607,"column":31},"end":{"line":607,"column":32}},"loc":{"start":{"line":607,"column":66},"end":{"line":609,"column":5}}},"38":{"name":"(anonymous_38)","decl":{"start":{"line":610,"column":28},"end":{"line":610,"column":29}},"loc":{"start":{"line":610,"column":59},"end":{"line":612,"column":5}}}},"branchMap":{"1":{"loc":{"start":{"line":29,"column":6},"end":{"line":31,"column":7}},"type":"if","locations":[{"start":{"line":29,"column":6},"end":{"line":31,"column":7}},{"start":{"line":29,"column":6},"end":{"line":31,"column":7}}]},"2":{"loc":{"start":{"line":36,"column":6},"end":{"line":40,"column":7}},"type":"switch","locations":[{"start":{"line":37,"column":8},"end":{"line":37,"column":44}},{"start":{"line":38,"column":8},"end":{"line":39,"column":40}}]},"3":{"loc":{"start":{"line":49,"column":6},"end":{"line":51,"column":7}},"type":"if","locations":[{"start":{"line":49,"column":6},"end":{"line":51,"column":7}},{"start":{"line":49,"column":6},"end":{"line":51,"column":7}}]},"4":{"loc":{"start":{"line":49,"column":10},"end":{"line":49,"column":147}},"type":"binary-expr","locations":[{"start":{"line":49,"column":10},"end":{"line":49,"column":77}},{"start":{"line":49,"column":81},"end":{"line":49,"column":147}}]},"5":{"loc":{"start":{"line":61,"column":6},"end":{"line":63,"column":7}},"type":"if","locations":[{"start":{"line":61,"column":6},"end":{"line":63,"column":7}},{"start":{"line":61,"column":6},"end":{"line":63,"column":7}}]},"6":{"loc":{"start":{"line":69,"column":6},"end":{"line":77,"column":7}},"type":"if","locations":[{"start":{"line":69,"column":6},"end":{"line":77,"column":7}},{"start":{"line":69,"column":6},"end":{"line":77,"column":7}}]},"7":{"loc":{"start":{"line":92,"column":6},"end":{"line":98,"column":7}},"type":"if","locations":[{"start":{"line":92,"column":6},"end":{"line":98,"column":7}},{"start":{"line":92,"column":6},"end":{"line":98,"column":7}}]},"8":{"loc":{"start":{"line":95,"column":54},"end":{"line":95,"column":98}},"type":"binary-expr","locations":[{"start":{"line":95,"column":54},"end":{"line":95,"column":78}},{"start":{"line":95,"column":82},"end":{"line":95,"column":98}}]},"9":{"loc":{"start":{"line":102,"column":4},"end":{"line":121,"column":5}},"type":"if","locations":[{"start":{"line":102,"column":4},"end":{"line":121,"column":5}},{"start":{"line":102,"column":4},"end":{"line":121,"column":5}}]},"10":{"loc":{"start":{"line":104,"column":6},"end":{"line":106,"column":7}},"type":"if","locations":[{"start":{"line":104,"column":6},"end":{"line":106,"column":7}},{"start":{"line":104,"column":6},"end":{"line":106,"column":7}}]},"11":{"loc":{"start":{"line":109,"column":6},"end":{"line":116,"column":7}},"type":"if","locations":[{"start":{"line":109,"column":6},"end":{"line":116,"column":7}},{"start":{"line":109,"column":6},"end":{"line":116,"column":7}}]},"12":{"loc":{"start":{"line":110,"column":54},"end":{"line":110,"column":98}},"type":"binary-expr","locations":[{"start":{"line":110,"column":54},"end":{"line":110,"column":78}},{"start":{"line":110,"column":82},"end":{"line":110,"column":98}}]},"13":{"loc":{"start":{"line":132,"column":4},"end":{"line":140,"column":5}},"type":"if","locations":[{"start":{"line":132,"column":4},"end":{"line":140,"column":5}},{"start":{"line":132,"column":4},"end":{"line":140,"column":5}}]},"14":{"loc":{"start":{"line":152,"column":6},"end":{"line":186,"column":7}},"type":"if","locations":[{"start":{"line":152,"column":6},"end":{"line":186,"column":7}},{"start":{"line":152,"column":6},"end":{"line":186,"column":7}}]},"15":{"loc":{"start":{"line":161,"column":8},"end":{"line":163,"column":9}},"type":"if","locations":[{"start":{"line":161,"column":8},"end":{"line":163,"column":9}},{"start":{"line":161,"column":8},"end":{"line":163,"column":9}}]},"16":{"loc":{"start":{"line":164,"column":8},"end":{"line":166,"column":9}},"type":"if","locations":[{"start":{"line":164,"column":8},"end":{"line":166,"column":9}},{"start":{"line":164,"column":8},"end":{"line":166,"column":9}}]},"17":{"loc":{"start":{"line":167,"column":8},"end":{"line":169,"column":9}},"type":"if","locations":[{"start":{"line":167,"column":8},"end":{"line":169,"column":9}},{"start":{"line":167,"column":8},"end":{"line":169,"column":9}}]},"18":{"loc":{"start":{"line":170,"column":8},"end":{"line":172,"column":9}},"type":"if","locations":[{"start":{"line":170,"column":8},"end":{"line":172,"column":9}},{"start":{"line":170,"column":8},"end":{"line":172,"column":9}}]},"19":{"loc":{"start":{"line":173,"column":8},"end":{"line":175,"column":9}},"type":"if","locations":[{"start":{"line":173,"column":8},"end":{"line":175,"column":9}},{"start":{"line":173,"column":8},"end":{"line":175,"column":9}}]},"20":{"loc":{"start":{"line":176,"column":8},"end":{"line":178,"column":9}},"type":"if","locations":[{"start":{"line":176,"column":8},"end":{"line":178,"column":9}},{"start":{"line":176,"column":8},"end":{"line":178,"column":9}}]},"21":{"loc":{"start":{"line":179,"column":8},"end":{"line":181,"column":9}},"type":"if","locations":[{"start":{"line":179,"column":8},"end":{"line":181,"column":9}},{"start":{"line":179,"column":8},"end":{"line":181,"column":9}}]},"22":{"loc":{"start":{"line":183,"column":8},"end":{"line":185,"column":9}},"type":"if","locations":[{"start":{"line":183,"column":8},"end":{"line":185,"column":9}},{"start":{"line":183,"column":8},"end":{"line":185,"column":9}}]},"23":{"loc":{"start":{"line":188,"column":6},"end":{"line":190,"column":7}},"type":"if","locations":[{"start":{"line":188,"column":6},"end":{"line":190,"column":7}},{"start":{"line":188,"column":6},"end":{"line":190,"column":7}}]},"24":{"loc":{"start":{"line":194,"column":6},"end":{"line":197,"column":7}},"type":"if","locations":[{"start":{"line":194,"column":6},"end":{"line":197,"column":7}},{"start":{"line":194,"column":6},"end":{"line":197,"column":7}}]},"25":{"loc":{"start":{"line":225,"column":4},"end":{"line":232,"column":5}},"type":"if","locations":[{"start":{"line":225,"column":4},"end":{"line":232,"column":5}},{"start":{"line":225,"column":4},"end":{"line":232,"column":5}}]},"26":{"loc":{"start":{"line":225,"column":8},"end":{"line":225,"column":107}},"type":"binary-expr","locations":[{"start":{"line":225,"column":8},"end":{"line":225,"column":37}},{"start":{"line":225,"column":42},"end":{"line":225,"column":71}},{"start":{"line":225,"column":75},"end":{"line":225,"column":106}}]},"27":{"loc":{"start":{"line":235,"column":4},"end":{"line":237,"column":5}},"type":"if","locations":[{"start":{"line":235,"column":4},"end":{"line":237,"column":5}},{"start":{"line":235,"column":4},"end":{"line":237,"column":5}}]},"28":{"loc":{"start":{"line":247,"column":25},"end":{"line":247,"column":66}},"type":"binary-expr","locations":[{"start":{"line":247,"column":25},"end":{"line":247,"column":60}},{"start":{"line":247,"column":64},"end":{"line":247,"column":66}}]},"29":{"loc":{"start":{"line":248,"column":4},"end":{"line":258,"column":5}},"type":"if","locations":[{"start":{"line":248,"column":4},"end":{"line":258,"column":5}},{"start":{"line":248,"column":4},"end":{"line":258,"column":5}}]},"30":{"loc":{"start":{"line":262,"column":4},"end":{"line":286,"column":5}},"type":"if","locations":[{"start":{"line":262,"column":4},"end":{"line":286,"column":5}},{"start":{"line":262,"column":4},"end":{"line":286,"column":5}}]},"31":{"loc":{"start":{"line":266,"column":8},"end":{"line":279,"column":9}},"type":"if","locations":[{"start":{"line":266,"column":8},"end":{"line":279,"column":9}},{"start":{"line":266,"column":8},"end":{"line":279,"column":9}}]},"32":{"loc":{"start":{"line":282,"column":8},"end":{"line":284,"column":9}},"type":"if","locations":[{"start":{"line":282,"column":8},"end":{"line":284,"column":9}},{"start":{"line":282,"column":8},"end":{"line":284,"column":9}}]},"33":{"loc":{"start":{"line":295,"column":4},"end":{"line":295,"column":77}},"type":"if","locations":[{"start":{"line":295,"column":4},"end":{"line":295,"column":77}},{"start":{"line":295,"column":4},"end":{"line":295,"column":77}}]},"34":{"loc":{"start":{"line":301,"column":4},"end":{"line":303,"column":5}},"type":"if","locations":[{"start":{"line":301,"column":4},"end":{"line":303,"column":5}},{"start":{"line":301,"column":4},"end":{"line":303,"column":5}}]},"35":{"loc":{"start":{"line":306,"column":4},"end":{"line":308,"column":5}},"type":"if","locations":[{"start":{"line":306,"column":4},"end":{"line":308,"column":5}},{"start":{"line":306,"column":4},"end":{"line":308,"column":5}}]},"36":{"loc":{"start":{"line":318,"column":6},"end":{"line":323,"column":7}},"type":"if","locations":[{"start":{"line":318,"column":6},"end":{"line":323,"column":7}},{"start":{"line":318,"column":6},"end":{"line":323,"column":7}}]},"37":{"loc":{"start":{"line":318,"column":10},"end":{"line":318,"column":57}},"type":"binary-expr","locations":[{"start":{"line":318,"column":10},"end":{"line":318,"column":27}},{"start":{"line":318,"column":31},"end":{"line":318,"column":57}}]},"38":{"loc":{"start":{"line":320,"column":8},"end":{"line":322,"column":9}},"type":"if","locations":[{"start":{"line":320,"column":8},"end":{"line":322,"column":9}},{"start":{"line":320,"column":8},"end":{"line":322,"column":9}}]},"39":{"loc":{"start":{"line":338,"column":6},"end":{"line":344,"column":7}},"type":"if","locations":[{"start":{"line":338,"column":6},"end":{"line":344,"column":7}},{"start":{"line":338,"column":6},"end":{"line":344,"column":7}}]},"40":{"loc":{"start":{"line":338,"column":10},"end":{"line":338,"column":57}},"type":"binary-expr","locations":[{"start":{"line":338,"column":10},"end":{"line":338,"column":27}},{"start":{"line":338,"column":31},"end":{"line":338,"column":57}}]},"41":{"loc":{"start":{"line":341,"column":8},"end":{"line":343,"column":9}},"type":"if","locations":[{"start":{"line":341,"column":8},"end":{"line":343,"column":9}},{"start":{"line":341,"column":8},"end":{"line":343,"column":9}}]},"42":{"loc":{"start":{"line":398,"column":6},"end":{"line":400,"column":7}},"type":"if","locations":[{"start":{"line":398,"column":6},"end":{"line":400,"column":7}},{"start":{"line":398,"column":6},"end":{"line":400,"column":7}}]},"43":{"loc":{"start":{"line":404,"column":4},"end":{"line":404,"column":58}},"type":"if","locations":[{"start":{"line":404,"column":4},"end":{"line":404,"column":58}},{"start":{"line":404,"column":4},"end":{"line":404,"column":58}}]},"44":{"loc":{"start":{"line":407,"column":4},"end":{"line":407,"column":51}},"type":"if","locations":[{"start":{"line":407,"column":4},"end":{"line":407,"column":51}},{"start":{"line":407,"column":4},"end":{"line":407,"column":51}}]},"45":{"loc":{"start":{"line":428,"column":6},"end":{"line":430,"column":7}},"type":"if","locations":[{"start":{"line":428,"column":6},"end":{"line":430,"column":7}},{"start":{"line":428,"column":6},"end":{"line":430,"column":7}}]},"46":{"loc":{"start":{"line":434,"column":11},"end":{"line":434,"column":84}},"type":"cond-expr","locations":[{"start":{"line":434,"column":58},"end":{"line":434,"column":68}},{"start":{"line":434,"column":71},"end":{"line":434,"column":84}}]},"47":{"loc":{"start":{"line":454,"column":4},"end":{"line":456,"column":5}},"type":"if","locations":[{"start":{"line":454,"column":4},"end":{"line":456,"column":5}},{"start":{"line":454,"column":4},"end":{"line":456,"column":5}}]},"48":{"loc":{"start":{"line":469,"column":8},"end":{"line":473,"column":9}},"type":"if","locations":[{"start":{"line":469,"column":8},"end":{"line":473,"column":9}},{"start":{"line":469,"column":8},"end":{"line":473,"column":9}}]},"49":{"loc":{"start":{"line":469,"column":12},"end":{"line":470,"column":63}},"type":"binary-expr","locations":[{"start":{"line":469,"column":12},"end":{"line":469,"column":61}},{"start":{"line":470,"column":11},"end":{"line":470,"column":63}}]},"50":{"loc":{"start":{"line":485,"column":6},"end":{"line":487,"column":7}},"type":"if","locations":[{"start":{"line":485,"column":6},"end":{"line":487,"column":7}},{"start":{"line":485,"column":6},"end":{"line":487,"column":7}}]},"51":{"loc":{"start":{"line":485,"column":10},"end":{"line":485,"column":81}},"type":"binary-expr","locations":[{"start":{"line":485,"column":10},"end":{"line":485,"column":38}},{"start":{"line":485,"column":42},"end":{"line":485,"column":81}}]},"52":{"loc":{"start":{"line":501,"column":4},"end":{"line":501,"column":41}},"type":"if","locations":[{"start":{"line":501,"column":4},"end":{"line":501,"column":41}},{"start":{"line":501,"column":4},"end":{"line":501,"column":41}}]},"53":{"loc":{"start":{"line":506,"column":4},"end":{"line":535,"column":5}},"type":"if","locations":[{"start":{"line":506,"column":4},"end":{"line":535,"column":5}},{"start":{"line":506,"column":4},"end":{"line":535,"column":5}}]},"54":{"loc":{"start":{"line":509,"column":8},"end":{"line":533,"column":9}},"type":"if","locations":[{"start":{"line":509,"column":8},"end":{"line":533,"column":9}},{"start":{"line":509,"column":8},"end":{"line":533,"column":9}}]},"55":{"loc":{"start":{"line":509,"column":12},"end":{"line":509,"column":55}},"type":"binary-expr","locations":[{"start":{"line":509,"column":12},"end":{"line":509,"column":20}},{"start":{"line":509,"column":24},"end":{"line":509,"column":55}}]},"56":{"loc":{"start":{"line":514,"column":10},"end":{"line":532,"column":11}},"type":"if","locations":[{"start":{"line":514,"column":10},"end":{"line":532,"column":11}},{"start":{"line":514,"column":10},"end":{"line":532,"column":11}}]},"57":{"loc":{"start":{"line":518,"column":12},"end":{"line":527,"column":13}},"type":"if","locations":[{"start":{"line":518,"column":12},"end":{"line":527,"column":13}},{"start":{"line":518,"column":12},"end":{"line":527,"column":13}}]},"58":{"loc":{"start":{"line":520,"column":14},"end":{"line":522,"column":15}},"type":"if","locations":[{"start":{"line":520,"column":14},"end":{"line":522,"column":15}},{"start":{"line":520,"column":14},"end":{"line":522,"column":15}}]},"59":{"loc":{"start":{"line":529,"column":12},"end":{"line":531,"column":13}},"type":"if","locations":[{"start":{"line":529,"column":12},"end":{"line":531,"column":13}},{"start":{"line":529,"column":12},"end":{"line":531,"column":13}}]}},"s":{"1":1,"2":1,"3":1,"4":1,"5":1,"6":1,"7":1,"8":1,"9":1,"10":1,"11":1,"12":1,"13":1,"14":1,"15":1,"16":1,"17":1,"18":1,"19":0,"20":0,"21":0,"22":0,"23":0,"24":0,"25":0,"26":0,"27":0,"28":0,"29":0,"30":0,"31":0,"32":0,"33":0,"34":0,"35":0,"36":0,"37":0,"38":0,"39":0,"40":0,"41":0,"42":0,"43":0,"44":0,"45":0,"46":0,"47":0,"48":0,"49":0,"50":0,"51":0,"52":0,"53":0,"54":0,"55":0,"56":0,"57":0,"58":0,"59":0,"60":0,"61":0,"62":0,"63":0,"64":0,"65":0,"66":0,"67":0,"68":0,"69":0,"70":0,"71":0,"72":0,"73":0,"74":0,"75":0,"76":0,"77":0,"78":0,"79":0,"80":0,"81":0,"82":0,"83":0,"84":0,"85":0,"86":0,"87":0,"88":0,"89":0,"90":0,"91":0,"92":0,"93":0,"94":0,"95":0,"96":0,"97":0,"98":0,"99":0,"100":0,"101":0,"102":0,"103":0,"104":0,"105":0,"106":0,"107":0,"108":0,"109":0,"110":0,"111":0,"112":0,"113":0,"114":0,"115":0,"116":0,"117":0,"118":0,"119":0,"120":0,"121":0,"122":0,"123":0,"124":0,"125":0,"126":0,"127":0,"128":0,"129":0,"130":0,"131":0,"132":0,"133":0,"134":0,"135":0,"136":0,"137":0,"138":0,"139":0,"140":0,"141":0,"142":0,"143":0,"144":0,"145":0,"146":0,"147":0,"148":0,"149":0,"150":0,"151":0,"152":0,"153":0,"154":0,"155":0,"156":0,"157":0,"158":0,"159":0,"160":0,"161":0,"162":0,"163":0,"164":0,"165":0,"166":0,"167":0,"168":0,"169":0,"170":0,"171":0,"172":0,"173":0,"174":0,"175":0,"176":0,"177":0,"178":0,"179":0,"180":0,"181":0,"182":0,"183":0,"184":0,"185":0,"186":0,"187":0,"188":0,"189":0,"190":0,"191":0,"192":0,"193":0,"194":0,"195":0,"196":0,"197":0,"198":0,"199":0,"200":0,"201":0,"202":0,"203":0,"204":0,"205":0,"206":0,"207":0,"208":0,"209":0,"210":0,"211":0,"212":0,"213":0,"214":0,"215":0,"216":0,"217":0,"218":0,"219":0,"220":0,"221":0,"222":0,"223":0,"224":0,"225":0,"226":0,"227":0,"228":0,"229":0,"230":0,"231":0,"232":0,"233":0,"234":0,"235":0,"236":0,"237":0,"238":0,"239":0,"240":0,"241":0,"242":0,"243":0,"244":0,"245":0,"246":0,"247":0,"248":0,"249":0,"250":0,"251":0,"252":0,"253":0,"254":0,"255":0,"256":0,"257":0,"258":0,"259":0,"260":0,"261":0,"262":0,"263":0,"264":0,"265":0,"266":1},"f":{"1":0,"2":0,"3":0,"4":0,"5":0,"6":0,"7":0,"8":0,"9":0,"10":0,"11":0,"12":0,"13":0,"14":0,"15":0,"16":0,"17":0,"18":0,"19":0,"20":0,"21":0,"22":0,"23":0,"24":0,"25":0,"26":0,"27":0,"28":0,"29":0,"30":0,"31":0,"32":0,"33":0,"34":0,"35":0,"36":0,"37":0,"38":0},"b":{"1":[0,0],"2":[0,0],"3":[0,0],"4":[0,0],"5":[0,0],"6":[0,0],"7":[0,0],"8":[0,0],"9":[0,0],"10":[0,0],"11":[0,0],"12":[0,0],"13":[0,0],"14":[0,0],"15":[0,0],"16":[0,0],"17":[0,0],"18":[0,0],"19":[0,0],"20":[0,0],"21":[0,0],"22":[0,0],"23":[0,0],"24":[0,0],"25":[0,0],"26":[0,0,0],"27":[0,0],"28":[0,0],"29":[0,0],"30":[0,0],"31":[0,0],"32":[0,0],"33":[0,0],"34":[0,0],"35":[0,0],"36":[0,0],"37":[0,0],"38":[0,0],"39":[0,0],"40":[0,0],"41":[0,0],"42":[0,0],"43":[0,0],"44":[0,0],"45":[0,0],"46":[0,0],"47":[0,0],"48":[0,0],"49":[0,0],"50":[0,0],"51":[0,0],"52":[0,0],"53":[0,0],"54":[0,0],"55":[0,0],"56":[0,0],"57":[0,0],"58":[0,0],"59":[0,0]},"hash":"9410cfb0f17455fbed387df2c181a32ecfbe9047"},"D:\\src\\patternlab-node\\core\\lib\\object_factory.js":{"path":"D:\\src\\patternlab-node\\core\\lib\\object_factory.js","statementMap":{"1":{"start":{"line":2,"column":23},"end":{"line":2,"column":51}},"2":{"start":{"line":3,"column":13},"end":{"line":3,"column":28}},"3":{"start":{"line":4,"column":15},"end":{"line":4,"column":38}},"4":{"start":{"line":9,"column":29},"end":{"line":9,"column":41}},"5":{"start":{"line":16,"column":16},"end":{"line":98,"column":1}},"6":{"start":{"line":24,"column":18},"end":{"line":24,"column":53}},"7":{"start":{"line":25,"column":2},"end":{"line":25,"column":41}},"8":{"start":{"line":26,"column":2},"end":{"line":26,"column":31}},"9":{"start":{"line":27,"column":2},"end":{"line":27,"column":28}},"10":{"start":{"line":28,"column":2},"end":{"line":28,"column":35}},"11":{"start":{"line":31,"column":2},"end":{"line":31,"column":89}},"12":{"start":{"line":34,"column":2},"end":{"line":34,"column":33}},"13":{"start":{"line":37,"column":2},"end":{"line":37,"column":91}},"14":{"start":{"line":40,"column":2},"end":{"line":42,"column":16}},"15":{"start":{"line":41,"column":4},"end":{"line":41,"column":113}},"16":{"start":{"line":45,"column":2},"end":{"line":45,"column":87}},"17":{"start":{"line":48,"column":2},"end":{"line":48,"column":52}},"18":{"start":{"line":51,"column":2},"end":{"line":51,"column":86}},"19":{"start":{"line":54,"column":2},"end":{"line":54,"column":51}},"20":{"start":{"line":57,"column":2},"end":{"line":57,"column":61}},"21":{"start":{"line":61,"column":2},"end":{"line":61,"column":85}},"22":{"start":{"line":65,"column":2},"end":{"line":65,"column":71}},"23":{"start":{"line":69,"column":2},"end":{"line":69,"column":58}},"24":{"start":{"line":71,"column":2},"end":{"line":71,"column":24}},"25":{"start":{"line":72,"column":2},"end":{"line":72,"column":66}},"26":{"start":{"line":73,"column":2},"end":{"line":73,"column":25}},"27":{"start":{"line":74,"column":2},"end":{"line":74,"column":21}},"28":{"start":{"line":75,"column":2},"end":{"line":75,"column":31}},"29":{"start":{"line":76,"column":2},"end":{"line":76,"column":20}},"30":{"start":{"line":77,"column":2},"end":{"line":77,"column":25}},"31":{"start":{"line":78,"column":2},"end":{"line":78,"column":21}},"32":{"start":{"line":79,"column":2},"end":{"line":79,"column":26}},"33":{"start":{"line":80,"column":2},"end":{"line":80,"column":31}},"34":{"start":{"line":81,"column":2},"end":{"line":81,"column":39}},"35":{"start":{"line":82,"column":2},"end":{"line":82,"column":57}},"36":{"start":{"line":88,"column":2},"end":{"line":88,"column":27}},"37":{"start":{"line":96,"column":2},"end":{"line":96,"column":27}},"38":{"start":{"line":102,"column":0},"end":{"line":159,"column":2}},"39":{"start":{"line":107,"column":4},"end":{"line":109,"column":5}},"40":{"start":{"line":108,"column":6},"end":{"line":108,"column":82}},"41":{"start":{"line":110,"column":4},"end":{"line":110,"column":16}},"42":{"start":{"line":114,"column":4},"end":{"line":116,"column":5}},"43":{"start":{"line":115,"column":6},"end":{"line":115,"column":40}},"44":{"start":{"line":124,"column":25},"end":{"line":124,"column":61}},"45":{"start":{"line":125,"column":19},"end":{"line":125,"column":80}},"46":{"start":{"line":127,"column":4},"end":{"line":129,"column":5}},"47":{"start":{"line":128,"column":6},"end":{"line":128,"column":76}},"48":{"start":{"line":131,"column":4},"end":{"line":133,"column":5}},"49":{"start":{"line":132,"column":6},"end":{"line":132,"column":68}},"50":{"start":{"line":135,"column":4},"end":{"line":135,"column":63}},"51":{"start":{"line":141,"column":4},"end":{"line":141,"column":42}},"52":{"start":{"line":145,"column":4},"end":{"line":145,"column":60}},"53":{"start":{"line":149,"column":4},"end":{"line":149,"column":63}},"54":{"start":{"line":153,"column":4},"end":{"line":153,"column":43}},"55":{"start":{"line":157,"column":4},"end":{"line":157,"column":50}},"56":{"start":{"line":165,"column":0},"end":{"line":177,"column":2}},"57":{"start":{"line":166,"column":16},"end":{"line":166,"column":18}},"58":{"start":{"line":167,"column":2},"end":{"line":173,"column":3}},"59":{"start":{"line":168,"column":4},"end":{"line":172,"column":5}},"60":{"start":{"line":169,"column":6},"end":{"line":169,"column":36}},"61":{"start":{"line":170,"column":11},"end":{"line":172,"column":5}},"62":{"start":{"line":171,"column":6},"end":{"line":171,"column":69}},"63":{"start":{"line":175,"column":18},"end":{"line":175,"column":56}},"64":{"start":{"line":176,"column":2},"end":{"line":176,"column":38}},"65":{"start":{"line":182,"column":0},"end":{"line":185,"column":2}},"66":{"start":{"line":183,"column":21},"end":{"line":183,"column":73}},"67":{"start":{"line":184,"column":2},"end":{"line":184,"column":41}},"68":{"start":{"line":187,"column":21},"end":{"line":191,"column":1}},"69":{"start":{"line":193,"column":0},"end":{"line":196,"column":2}}},"fnMap":{"1":{"name":"(anonymous_1)","decl":{"start":{"line":16,"column":16},"end":{"line":16,"column":17}},"loc":{"start":{"line":16,"column":53},"end":{"line":98,"column":1}}},"2":{"name":"(anonymous_2)","decl":{"start":{"line":40,"column":60},"end":{"line":40,"column":61}},"loc":{"start":{"line":40,"column":84},"end":{"line":42,"column":3}}},"3":{"name":"(anonymous_3)","decl":{"start":{"line":106,"column":10},"end":{"line":106,"column":11}},"loc":{"start":{"line":106,"column":36},"end":{"line":111,"column":3}}},"4":{"name":"(anonymous_4)","decl":{"start":{"line":113,"column":19},"end":{"line":113,"column":20}},"loc":{"start":{"line":113,"column":31},"end":{"line":117,"column":3}}},"5":{"name":"(anonymous_5)","decl":{"start":{"line":122,"column":18},"end":{"line":122,"column":19}},"loc":{"start":{"line":122,"column":73},"end":{"line":136,"column":3}}},"6":{"name":"(anonymous_6)","decl":{"start":{"line":140,"column":16},"end":{"line":140,"column":17}},"loc":{"start":{"line":140,"column":28},"end":{"line":142,"column":3}}},"7":{"name":"(anonymous_7)","decl":{"start":{"line":144,"column":34},"end":{"line":144,"column":35}},"loc":{"start":{"line":144,"column":46},"end":{"line":146,"column":3}}},"8":{"name":"(anonymous_8)","decl":{"start":{"line":148,"column":37},"end":{"line":148,"column":38}},"loc":{"start":{"line":148,"column":49},"end":{"line":150,"column":3}}},"9":{"name":"(anonymous_9)","decl":{"start":{"line":152,"column":17},"end":{"line":152,"column":18}},"loc":{"start":{"line":152,"column":29},"end":{"line":154,"column":3}}},"10":{"name":"(anonymous_10)","decl":{"start":{"line":156,"column":15},"end":{"line":156,"column":16}},"loc":{"start":{"line":156,"column":40},"end":{"line":158,"column":3}}},"11":{"name":"(anonymous_11)","decl":{"start":{"line":165,"column":22},"end":{"line":165,"column":23}},"loc":{"start":{"line":165,"column":57},"end":{"line":177,"column":1}}},"12":{"name":"(anonymous_12)","decl":{"start":{"line":182,"column":17},"end":{"line":182,"column":18}},"loc":{"start":{"line":182,"column":67},"end":{"line":185,"column":1}}}},"branchMap":{"1":{"loc":{"start":{"line":34,"column":22},"end":{"line":34,"column":32}},"type":"binary-expr","locations":[{"start":{"line":34,"column":22},"end":{"line":34,"column":26}},{"start":{"line":34,"column":30},"end":{"line":34,"column":32}}]},"2":{"loc":{"start":{"line":61,"column":21},"end":{"line":61,"column":84}},"type":"cond-expr","locations":[{"start":{"line":61,"column":34},"end":{"line":61,"column":77}},{"start":{"line":61,"column":80},"end":{"line":61,"column":84}}]},"3":{"loc":{"start":{"line":107,"column":4},"end":{"line":109,"column":5}},"type":"if","locations":[{"start":{"line":107,"column":4},"end":{"line":109,"column":5}},{"start":{"line":107,"column":4},"end":{"line":109,"column":5}}]},"4":{"loc":{"start":{"line":108,"column":45},"end":{"line":108,"column":70}},"type":"binary-expr","locations":[{"start":{"line":108,"column":45},"end":{"line":108,"column":49}},{"start":{"line":108,"column":53},"end":{"line":108,"column":70}}]},"5":{"loc":{"start":{"line":114,"column":4},"end":{"line":116,"column":5}},"type":"if","locations":[{"start":{"line":114,"column":4},"end":{"line":116,"column":5}},{"start":{"line":114,"column":4},"end":{"line":116,"column":5}}]},"6":{"loc":{"start":{"line":114,"column":8},"end":{"line":114,"column":72}},"type":"binary-expr","locations":[{"start":{"line":114,"column":8},"end":{"line":114,"column":19}},{"start":{"line":114,"column":23},"end":{"line":114,"column":72}}]},"7":{"loc":{"start":{"line":125,"column":19},"end":{"line":125,"column":80}},"type":"cond-expr","locations":[{"start":{"line":125,"column":32},"end":{"line":125,"column":56}},{"start":{"line":125,"column":59},"end":{"line":125,"column":80}}]},"8":{"loc":{"start":{"line":127,"column":4},"end":{"line":129,"column":5}},"type":"if","locations":[{"start":{"line":127,"column":4},"end":{"line":129,"column":5}},{"start":{"line":127,"column":4},"end":{"line":129,"column":5}}]},"9":{"loc":{"start":{"line":131,"column":4},"end":{"line":133,"column":5}},"type":"if","locations":[{"start":{"line":131,"column":4},"end":{"line":133,"column":5}},{"start":{"line":131,"column":4},"end":{"line":133,"column":5}}]},"10":{"loc":{"start":{"line":167,"column":2},"end":{"line":173,"column":3}},"type":"if","locations":[{"start":{"line":167,"column":2},"end":{"line":173,"column":3}},{"start":{"line":167,"column":2},"end":{"line":173,"column":3}}]},"11":{"loc":{"start":{"line":168,"column":4},"end":{"line":172,"column":5}},"type":"if","locations":[{"start":{"line":168,"column":4},"end":{"line":172,"column":5}},{"start":{"line":168,"column":4},"end":{"line":172,"column":5}}]},"12":{"loc":{"start":{"line":170,"column":11},"end":{"line":172,"column":5}},"type":"if","locations":[{"start":{"line":170,"column":11},"end":{"line":172,"column":5}},{"start":{"line":170,"column":11},"end":{"line":172,"column":5}}]},"13":{"loc":{"start":{"line":170,"column":15},"end":{"line":170,"column":57}},"type":"binary-expr","locations":[{"start":{"line":170,"column":15},"end":{"line":170,"column":33}},{"start":{"line":170,"column":37},"end":{"line":170,"column":57}}]},"14":{"loc":{"start":{"line":183,"column":33},"end":{"line":183,"column":46}},"type":"binary-expr","locations":[{"start":{"line":183,"column":33},"end":{"line":183,"column":40}},{"start":{"line":183,"column":44},"end":{"line":183,"column":46}}]},"15":{"loc":{"start":{"line":183,"column":48},"end":{"line":183,"column":60}},"type":"binary-expr","locations":[{"start":{"line":183,"column":48},"end":{"line":183,"column":52}},{"start":{"line":183,"column":56},"end":{"line":183,"column":60}}]}},"s":{"1":1,"2":1,"3":1,"4":1,"5":1,"6":0,"7":0,"8":0,"9":0,"10":0,"11":0,"12":0,"13":0,"14":0,"15":0,"16":0,"17":0,"18":0,"19":0,"20":0,"21":0,"22":0,"23":0,"24":0,"25":0,"26":0,"27":0,"28":0,"29":0,"30":0,"31":0,"32":0,"33":0,"34":0,"35":0,"36":0,"37":0,"38":1,"39":0,"40":0,"41":0,"42":0,"43":0,"44":0,"45":0,"46":0,"47":0,"48":0,"49":0,"50":0,"51":0,"52":0,"53":0,"54":0,"55":0,"56":1,"57":0,"58":0,"59":0,"60":0,"61":0,"62":0,"63":0,"64":0,"65":1,"66":0,"67":0,"68":1,"69":1},"f":{"1":0,"2":0,"3":0,"4":0,"5":0,"6":0,"7":0,"8":0,"9":0,"10":0,"11":0,"12":0},"b":{"1":[0,0],"2":[0,0],"3":[0,0],"4":[0,0],"5":[0,0],"6":[0,0],"7":[0,0],"8":[0,0],"9":[0,0],"10":[0,0],"11":[0,0],"12":[0,0],"13":[0,0],"14":[0,0],"15":[0,0]},"hash":"e2ca66a3b1e7761fb9d2bb8700db976cbfd65e86"},"D:\\src\\patternlab-node\\core\\lib\\pattern_engines.js":{"path":"D:\\src\\patternlab-node\\core\\lib\\pattern_engines.js","statementMap":{"1":{"start":{"line":3,"column":13},"end":{"line":3,"column":28}},"2":{"start":{"line":4,"column":17},"end":{"line":4,"column":36}},"3":{"start":{"line":5,"column":14},"end":{"line":5,"column":30}},"4":{"start":{"line":6,"column":22},"end":{"line":6,"column":49}},"5":{"start":{"line":7,"column":27},"end":{"line":16,"column":1}},"6":{"start":{"line":21,"column":19},"end":{"line":21,"column":42}},"7":{"start":{"line":22,"column":22},"end":{"line":22,"column":51}},"8":{"start":{"line":24,"column":2},"end":{"line":24,"column":45}},"9":{"start":{"line":24,"column":21},"end":{"line":24,"column":43}},"10":{"start":{"line":25,"column":2},"end":{"line":25,"column":15}},"11":{"start":{"line":29,"column":23},"end":{"line":29,"column":25}},"12":{"start":{"line":31,"column":2},"end":{"line":43,"column":5}},"13":{"start":{"line":35,"column":4},"end":{"line":35,"column":27}},"14":{"start":{"line":35,"column":15},"end":{"line":35,"column":25}},"15":{"start":{"line":36,"column":28},"end":{"line":36,"column":52}},"16":{"start":{"line":37,"column":4},"end":{"line":42,"column":5}},"17":{"start":{"line":38,"column":6},"end":{"line":41,"column":9}},"18":{"start":{"line":45,"column":2},"end":{"line":45,"column":22}},"19":{"start":{"line":63,"column":23},"end":{"line":195,"column":2}},"20":{"start":{"line":66,"column":15},"end":{"line":66,"column":19}},"21":{"start":{"line":70,"column":4},"end":{"line":110,"column":7}},"22":{"start":{"line":71,"column":31},"end":{"line":71,"column":81}},"23":{"start":{"line":72,"column":6},"end":{"line":74,"column":7}},"24":{"start":{"line":73,"column":8},"end":{"line":73,"column":92}},"25":{"start":{"line":78,"column":6},"end":{"line":108,"column":9}},"26":{"start":{"line":80,"column":31},"end":{"line":80,"column":43}},"27":{"start":{"line":81,"column":8},"end":{"line":83,"column":9}},"28":{"start":{"line":82,"column":10},"end":{"line":82,"column":38}},"29":{"start":{"line":85,"column":8},"end":{"line":107,"column":9}},"30":{"start":{"line":90,"column":10},"end":{"line":92,"column":11}},"31":{"start":{"line":91,"column":12},"end":{"line":91,"column":57}},"32":{"start":{"line":93,"column":10},"end":{"line":93,"column":75}},"33":{"start":{"line":94,"column":10},"end":{"line":96,"column":11}},"34":{"start":{"line":95,"column":12},"end":{"line":95,"column":77}},"35":{"start":{"line":97,"column":10},"end":{"line":99,"column":11}},"36":{"start":{"line":98,"column":12},"end":{"line":98,"column":67}},"37":{"start":{"line":101,"column":10},"end":{"line":101,"column":37}},"38":{"start":{"line":104,"column":10},"end":{"line":106,"column":11}},"39":{"start":{"line":105,"column":12},"end":{"line":105,"column":111}},"40":{"start":{"line":109,"column":6},"end":{"line":109,"column":22}},"41":{"start":{"line":113,"column":4},"end":{"line":115,"column":5}},"42":{"start":{"line":114,"column":6},"end":{"line":114,"column":74}},"43":{"start":{"line":116,"column":4},"end":{"line":118,"column":5}},"44":{"start":{"line":117,"column":6},"end":{"line":117,"column":57}},"45":{"start":{"line":123,"column":15},"end":{"line":123,"column":42}},"46":{"start":{"line":124,"column":4},"end":{"line":141,"column":5}},"47":{"start":{"line":126,"column":26},"end":{"line":126,"column":43}},"48":{"start":{"line":127,"column":6},"end":{"line":140,"column":7}},"49":{"start":{"line":128,"column":23},"end":{"line":128,"column":43}},"50":{"start":{"line":130,"column":8},"end":{"line":139,"column":9}},"51":{"start":{"line":131,"column":10},"end":{"line":133,"column":11}},"52":{"start":{"line":132,"column":12},"end":{"line":132,"column":37}},"53":{"start":{"line":136,"column":10},"end":{"line":138,"column":11}},"54":{"start":{"line":137,"column":12},"end":{"line":137,"column":37}},"55":{"start":{"line":145,"column":4},"end":{"line":145,"column":22}},"56":{"start":{"line":149,"column":4},"end":{"line":154,"column":5}},"57":{"start":{"line":150,"column":6},"end":{"line":150,"column":59}},"58":{"start":{"line":152,"column":25},"end":{"line":152,"column":62}},"59":{"start":{"line":153,"column":6},"end":{"line":153,"column":30}},"60":{"start":{"line":159,"column":24},"end":{"line":159,"column":51}},"61":{"start":{"line":160,"column":33},"end":{"line":162,"column":6}},"62":{"start":{"line":161,"column":6},"end":{"line":161,"column":60}},"63":{"start":{"line":163,"column":4},"end":{"line":163,"column":53}},"64":{"start":{"line":167,"column":32},"end":{"line":167,"column":75}},"65":{"start":{"line":168,"column":4},"end":{"line":168,"column":67}},"66":{"start":{"line":174,"column":22},"end":{"line":174,"column":44}},"67":{"start":{"line":175,"column":4},"end":{"line":175,"column":65}},"68":{"start":{"line":184,"column":22},"end":{"line":184,"column":44}},"69":{"start":{"line":185,"column":4},"end":{"line":188,"column":5}},"70":{"start":{"line":187,"column":6},"end":{"line":187,"column":19}},"71":{"start":{"line":191,"column":43},"end":{"line":191,"column":86}},"72":{"start":{"line":192,"column":4},"end":{"line":193,"column":58}},"73":{"start":{"line":197,"column":0},"end":{"line":197,"column":32}}},"fnMap":{"1":{"name":"isEngineModule","decl":{"start":{"line":20,"column":9},"end":{"line":20,"column":23}},"loc":{"start":{"line":20,"column":34},"end":{"line":26,"column":1}}},"2":{"name":"findEngineModulesInDirectory","decl":{"start":{"line":28,"column":9},"end":{"line":28,"column":37}},"loc":{"start":{"line":28,"column":43},"end":{"line":46,"column":1}}},"3":{"name":"(anonymous_3)","decl":{"start":{"line":34,"column":5},"end":{"line":34,"column":6}},"loc":{"start":{"line":34,"column":30},"end":{"line":43,"column":3}}},"4":{"name":"(anonymous_4)","decl":{"start":{"line":65,"column":18},"end":{"line":65,"column":19}},"loc":{"start":{"line":65,"column":46},"end":{"line":119,"column":3}}},"5":{"name":"(anonymous_5)","decl":{"start":{"line":70,"column":31},"end":{"line":70,"column":32}},"loc":{"start":{"line":70,"column":58},"end":{"line":110,"column":5}}},"6":{"name":"(anonymous_6)","decl":{"start":{"line":78,"column":31},"end":{"line":78,"column":32}},"loc":{"start":{"line":78,"column":58},"end":{"line":108,"column":7}}},"7":{"name":"(anonymous_7)","decl":{"start":{"line":121,"column":27},"end":{"line":121,"column":28}},"loc":{"start":{"line":121,"column":46},"end":{"line":146,"column":3}}},"8":{"name":"(anonymous_8)","decl":{"start":{"line":148,"column":23},"end":{"line":148,"column":24}},"loc":{"start":{"line":148,"column":42},"end":{"line":155,"column":3}}},"9":{"name":"(anonymous_9)","decl":{"start":{"line":158,"column":30},"end":{"line":158,"column":31}},"loc":{"start":{"line":158,"column":42},"end":{"line":164,"column":3}}},"10":{"name":"(anonymous_10)","decl":{"start":{"line":160,"column":49},"end":{"line":160,"column":50}},"loc":{"start":{"line":160,"column":71},"end":{"line":162,"column":5}}},"11":{"name":"(anonymous_11)","decl":{"start":{"line":166,"column":28},"end":{"line":166,"column":29}},"loc":{"start":{"line":166,"column":53},"end":{"line":169,"column":3}}},"12":{"name":"(anonymous_12)","decl":{"start":{"line":173,"column":23},"end":{"line":173,"column":24}},"loc":{"start":{"line":173,"column":43},"end":{"line":176,"column":3}}},"13":{"name":"(anonymous_13)","decl":{"start":{"line":182,"column":17},"end":{"line":182,"column":18}},"loc":{"start":{"line":182,"column":37},"end":{"line":194,"column":3}}}},"branchMap":{"1":{"loc":{"start":{"line":24,"column":2},"end":{"line":24,"column":45}},"type":"if","locations":[{"start":{"line":24,"column":2},"end":{"line":24,"column":45}},{"start":{"line":24,"column":2},"end":{"line":24,"column":45}}]},"2":{"loc":{"start":{"line":35,"column":4},"end":{"line":35,"column":27}},"type":"if","locations":[{"start":{"line":35,"column":4},"end":{"line":35,"column":27}},{"start":{"line":35,"column":4},"end":{"line":35,"column":27}}]},"3":{"loc":{"start":{"line":37,"column":4},"end":{"line":42,"column":5}},"type":"if","locations":[{"start":{"line":37,"column":4},"end":{"line":42,"column":5}},{"start":{"line":37,"column":4},"end":{"line":42,"column":5}}]},"4":{"loc":{"start":{"line":72,"column":6},"end":{"line":74,"column":7}},"type":"if","locations":[{"start":{"line":72,"column":6},"end":{"line":74,"column":7}},{"start":{"line":72,"column":6},"end":{"line":74,"column":7}}]},"5":{"loc":{"start":{"line":81,"column":8},"end":{"line":83,"column":9}},"type":"if","locations":[{"start":{"line":81,"column":8},"end":{"line":83,"column":9}},{"start":{"line":81,"column":8},"end":{"line":83,"column":9}}]},"6":{"loc":{"start":{"line":90,"column":10},"end":{"line":92,"column":11}},"type":"if","locations":[{"start":{"line":90,"column":10},"end":{"line":92,"column":11}},{"start":{"line":90,"column":10},"end":{"line":92,"column":11}}]},"7":{"loc":{"start":{"line":94,"column":10},"end":{"line":96,"column":11}},"type":"if","locations":[{"start":{"line":94,"column":10},"end":{"line":96,"column":11}},{"start":{"line":94,"column":10},"end":{"line":96,"column":11}}]},"8":{"loc":{"start":{"line":97,"column":10},"end":{"line":99,"column":11}},"type":"if","locations":[{"start":{"line":97,"column":10},"end":{"line":99,"column":11}},{"start":{"line":97,"column":10},"end":{"line":99,"column":11}}]},"9":{"loc":{"start":{"line":104,"column":10},"end":{"line":106,"column":11}},"type":"if","locations":[{"start":{"line":104,"column":10},"end":{"line":106,"column":11}},{"start":{"line":104,"column":10},"end":{"line":106,"column":11}}]},"10":{"loc":{"start":{"line":105,"column":54},"end":{"line":105,"column":109}},"type":"cond-expr","locations":[{"start":{"line":105,"column":69},"end":{"line":105,"column":92}},{"start":{"line":105,"column":95},"end":{"line":105,"column":109}}]},"11":{"loc":{"start":{"line":113,"column":4},"end":{"line":115,"column":5}},"type":"if","locations":[{"start":{"line":113,"column":4},"end":{"line":115,"column":5}},{"start":{"line":113,"column":4},"end":{"line":115,"column":5}}]},"12":{"loc":{"start":{"line":116,"column":4},"end":{"line":118,"column":5}},"type":"if","locations":[{"start":{"line":116,"column":4},"end":{"line":118,"column":5}},{"start":{"line":116,"column":4},"end":{"line":118,"column":5}}]},"13":{"loc":{"start":{"line":124,"column":4},"end":{"line":141,"column":5}},"type":"if","locations":[{"start":{"line":124,"column":4},"end":{"line":141,"column":5}},{"start":{"line":124,"column":4},"end":{"line":141,"column":5}}]},"14":{"loc":{"start":{"line":124,"column":8},"end":{"line":124,"column":107}},"type":"binary-expr","locations":[{"start":{"line":124,"column":8},"end":{"line":124,"column":37}},{"start":{"line":124,"column":41},"end":{"line":124,"column":82}},{"start":{"line":124,"column":86},"end":{"line":124,"column":107}}]},"15":{"loc":{"start":{"line":130,"column":8},"end":{"line":139,"column":9}},"type":"if","locations":[{"start":{"line":130,"column":8},"end":{"line":139,"column":9}},{"start":{"line":130,"column":8},"end":{"line":139,"column":9}}]},"16":{"loc":{"start":{"line":131,"column":10},"end":{"line":133,"column":11}},"type":"if","locations":[{"start":{"line":131,"column":10},"end":{"line":133,"column":11}},{"start":{"line":131,"column":10},"end":{"line":133,"column":11}}]},"17":{"loc":{"start":{"line":136,"column":10},"end":{"line":138,"column":11}},"type":"if","locations":[{"start":{"line":136,"column":10},"end":{"line":138,"column":11}},{"start":{"line":136,"column":10},"end":{"line":138,"column":11}}]},"18":{"loc":{"start":{"line":149,"column":4},"end":{"line":154,"column":5}},"type":"if","locations":[{"start":{"line":149,"column":4},"end":{"line":154,"column":5}},{"start":{"line":149,"column":4},"end":{"line":154,"column":5}}]},"19":{"loc":{"start":{"line":175,"column":12},"end":{"line":175,"column":63}},"type":"binary-expr","locations":[{"start":{"line":175,"column":12},"end":{"line":175,"column":33}},{"start":{"line":175,"column":37},"end":{"line":175,"column":63}}]},"20":{"loc":{"start":{"line":185,"column":4},"end":{"line":188,"column":5}},"type":"if","locations":[{"start":{"line":185,"column":4},"end":{"line":188,"column":5}},{"start":{"line":185,"column":4},"end":{"line":188,"column":5}}]},"21":{"loc":{"start":{"line":185,"column":8},"end":{"line":186,"column":80}},"type":"binary-expr","locations":[{"start":{"line":185,"column":8},"end":{"line":185,"column":34}},{"start":{"line":186,"column":9},"end":{"line":186,"column":30}},{"start":{"line":186,"column":34},"end":{"line":186,"column":79}}]},"22":{"loc":{"start":{"line":192,"column":12},"end":{"line":193,"column":56}},"type":"binary-expr","locations":[{"start":{"line":192,"column":12},"end":{"line":192,"column":72}},{"start":{"line":193,"column":12},"end":{"line":193,"column":56}}]}},"s":{"1":1,"2":1,"3":1,"4":1,"5":1,"6":0,"7":0,"8":0,"9":0,"10":0,"11":0,"12":0,"13":0,"14":0,"15":0,"16":0,"17":0,"18":0,"19":1,"20":0,"21":0,"22":0,"23":0,"24":0,"25":0,"26":0,"27":0,"28":0,"29":0,"30":0,"31":0,"32":0,"33":0,"34":0,"35":0,"36":0,"37":0,"38":0,"39":0,"40":0,"41":0,"42":0,"43":0,"44":0,"45":0,"46":0,"47":0,"48":0,"49":0,"50":0,"51":0,"52":0,"53":0,"54":0,"55":0,"56":0,"57":0,"58":0,"59":0,"60":0,"61":0,"62":0,"63":0,"64":0,"65":0,"66":0,"67":0,"68":0,"69":0,"70":0,"71":0,"72":0,"73":1},"f":{"1":0,"2":0,"3":0,"4":0,"5":0,"6":0,"7":0,"8":0,"9":0,"10":0,"11":0,"12":0,"13":0},"b":{"1":[0,0],"2":[0,0],"3":[0,0],"4":[0,0],"5":[0,0],"6":[0,0],"7":[0,0],"8":[0,0],"9":[0,0],"10":[0,0],"11":[0,0],"12":[0,0],"13":[0,0],"14":[0,0,0],"15":[0,0],"16":[0,0],"17":[0,0],"18":[0,0],"19":[0,0],"20":[0,0],"21":[0,0,0],"22":[0,0]},"hash":"88fa534d39335f85db6b18eee921a3821a41dba5"},"D:\\src\\patternlab-node\\core\\lib\\pseudopattern_hunter.js":{"path":"D:\\src\\patternlab-node\\core\\lib\\pseudopattern_hunter.js","statementMap":{"1":{"start":{"line":3,"column":11},"end":{"line":3,"column":38}},"2":{"start":{"line":4,"column":13},"end":{"line":4,"column":28}},"3":{"start":{"line":5,"column":11},"end":{"line":5,"column":30}},"4":{"start":{"line":6,"column":10},"end":{"line":6,"column":27}},"5":{"start":{"line":7,"column":11},"end":{"line":7,"column":38}},"6":{"start":{"line":8,"column":16},"end":{"line":8,"column":51}},"7":{"start":{"line":9,"column":13},"end":{"line":9,"column":28}},"8":{"start":{"line":10,"column":23},"end":{"line":10,"column":31}},"9":{"start":{"line":11,"column":23},"end":{"line":11,"column":31}},"10":{"start":{"line":13,"column":29},"end":{"line":13,"column":43}},"11":{"start":{"line":15,"column":0},"end":{"line":134,"column":2}},"12":{"start":{"line":16,"column":13},"end":{"line":16,"column":43}},"13":{"start":{"line":17,"column":28},"end":{"line":17,"column":36}},"14":{"start":{"line":19,"column":16},"end":{"line":19,"column":39}},"15":{"start":{"line":23,"column":17},"end":{"line":23,"column":82}},"16":{"start":{"line":24,"column":25},"end":{"line":28,"column":4}},"17":{"start":{"line":30,"column":2},"end":{"line":132,"column":3}},"18":{"start":{"line":31,"column":4},"end":{"line":127,"column":5}},"19":{"start":{"line":32,"column":6},"end":{"line":34,"column":7}},"20":{"start":{"line":33,"column":8},"end":{"line":33,"column":87}},"21":{"start":{"line":37,"column":6},"end":{"line":43,"column":7}},"22":{"start":{"line":38,"column":34},"end":{"line":38,"column":88}},"23":{"start":{"line":39,"column":30},"end":{"line":39,"column":66}},"24":{"start":{"line":41,"column":8},"end":{"line":41,"column":99}},"25":{"start":{"line":42,"column":8},"end":{"line":42,"column":25}},"26":{"start":{"line":46,"column":6},"end":{"line":46,"column":78}},"27":{"start":{"line":48,"column":24},"end":{"line":48,"column":101}},"28":{"start":{"line":49,"column":28},"end":{"line":49,"column":115}},"29":{"start":{"line":50,"column":15},"end":{"line":50,"column":47}},"30":{"start":{"line":51,"column":27},"end":{"line":67,"column":20}},"31":{"start":{"line":69,"column":6},"end":{"line":69,"column":65}},"32":{"start":{"line":70,"column":6},"end":{"line":70,"column":43}},"33":{"start":{"line":71,"column":6},"end":{"line":71,"column":60}},"34":{"start":{"line":74,"column":6},"end":{"line":74,"column":75}},"35":{"start":{"line":77,"column":6},"end":{"line":77,"column":62}},"36":{"start":{"line":80,"column":6},"end":{"line":80,"column":63}},"37":{"start":{"line":83,"column":6},"end":{"line":89,"column":7}},"38":{"start":{"line":84,"column":34},"end":{"line":84,"column":88}},"39":{"start":{"line":85,"column":30},"end":{"line":85,"column":66}},"40":{"start":{"line":87,"column":8},"end":{"line":87,"column":99}},"41":{"start":{"line":88,"column":8},"end":{"line":88,"column":25}},"42":{"start":{"line":92,"column":6},"end":{"line":92,"column":78}},"43":{"start":{"line":94,"column":6},"end":{"line":94,"column":98}},"44":{"start":{"line":95,"column":6},"end":{"line":95,"column":112}},"45":{"start":{"line":96,"column":6},"end":{"line":96,"column":44}},"46":{"start":{"line":97,"column":6},"end":{"line":113,"column":21}},"47":{"start":{"line":115,"column":6},"end":{"line":115,"column":65}},"48":{"start":{"line":116,"column":6},"end":{"line":116,"column":43}},"49":{"start":{"line":117,"column":6},"end":{"line":117,"column":60}},"50":{"start":{"line":120,"column":6},"end":{"line":120,"column":75}},"51":{"start":{"line":123,"column":6},"end":{"line":123,"column":62}},"52":{"start":{"line":126,"column":6},"end":{"line":126,"column":63}},"53":{"start":{"line":133,"column":2},"end":{"line":133,"column":27}},"54":{"start":{"line":136,"column":0},"end":{"line":136,"column":44}}},"fnMap":{"1":{"name":"(anonymous_1)","decl":{"start":{"line":13,"column":29},"end":{"line":13,"column":30}},"loc":{"start":{"line":13,"column":41},"end":{"line":13,"column":43}}},"2":{"name":"(anonymous_2)","decl":{"start":{"line":15,"column":53},"end":{"line":15,"column":54}},"loc":{"start":{"line":15,"column":91},"end":{"line":134,"column":1}}}},"branchMap":{"1":{"loc":{"start":{"line":30,"column":2},"end":{"line":132,"column":3}},"type":"if","locations":[{"start":{"line":30,"column":2},"end":{"line":132,"column":3}},{"start":{"line":30,"column":2},"end":{"line":132,"column":3}}]},"2":{"loc":{"start":{"line":32,"column":6},"end":{"line":34,"column":7}},"type":"if","locations":[{"start":{"line":32,"column":6},"end":{"line":34,"column":7}},{"start":{"line":32,"column":6},"end":{"line":34,"column":7}}]}},"s":{"1":1,"2":1,"3":1,"4":1,"5":1,"6":1,"7":1,"8":1,"9":1,"10":1,"11":1,"12":0,"13":0,"14":0,"15":0,"16":0,"17":0,"18":0,"19":0,"20":0,"21":0,"22":0,"23":0,"24":0,"25":0,"26":0,"27":0,"28":0,"29":0,"30":0,"31":0,"32":0,"33":0,"34":0,"35":0,"36":0,"37":0,"38":0,"39":0,"40":0,"41":0,"42":0,"43":0,"44":0,"45":0,"46":0,"47":0,"48":0,"49":0,"50":0,"51":0,"52":0,"53":0,"54":1},"f":{"1":1,"2":0},"b":{"1":[0,0],"2":[0,0]},"hash":"024ad5f67114bd0ff240419dae936e54b5b16b14"},"D:\\src\\patternlab-node\\core\\lib\\changes_hunter.js":{"path":"D:\\src\\patternlab-node\\core\\lib\\changes_hunter.js","statementMap":{"1":{"start":{"line":2,"column":11},"end":{"line":2,"column":30}},"2":{"start":{"line":3,"column":21},"end":{"line":3,"column":61}},"3":{"start":{"line":9,"column":22},"end":{"line":10,"column":1}},"4":{"start":{"line":12,"column":0},"end":{"line":98,"column":2}},"5":{"start":{"line":28,"column":6},"end":{"line":28,"column":94}},"6":{"start":{"line":32,"column":6},"end":{"line":32,"column":96}},"7":{"start":{"line":34,"column":4},"end":{"line":36,"column":5}},"8":{"start":{"line":35,"column":6},"end":{"line":35,"column":56}},"9":{"start":{"line":38,"column":4},"end":{"line":56,"column":5}},"10":{"start":{"line":43,"column":6},"end":{"line":47,"column":8}},"11":{"start":{"line":46,"column":8},"end":{"line":46,"column":44}},"12":{"start":{"line":48,"column":33},"end":{"line":48,"column":82}},"13":{"start":{"line":50,"column":6},"end":{"line":52,"column":7}},"14":{"start":{"line":51,"column":8},"end":{"line":51,"column":50}},"15":{"start":{"line":55,"column":6},"end":{"line":55,"column":56}},"16":{"start":{"line":58,"column":17},"end":{"line":58,"column":47}},"17":{"start":{"line":61,"column":4},"end":{"line":66,"column":5}},"18":{"start":{"line":62,"column":6},"end":{"line":62,"column":36}},"19":{"start":{"line":65,"column":6},"end":{"line":65,"column":47}},"20":{"start":{"line":79,"column":4},"end":{"line":89,"column":5}},"21":{"start":{"line":80,"column":6},"end":{"line":88,"column":7}},"22":{"start":{"line":81,"column":21},"end":{"line":81,"column":38}},"23":{"start":{"line":84,"column":8},"end":{"line":85,"column":75}},"24":{"start":{"line":93,"column":4},"end":{"line":95,"column":5}},"25":{"start":{"line":94,"column":6},"end":{"line":94,"column":18}},"26":{"start":{"line":96,"column":4},"end":{"line":96,"column":42}},"27":{"start":{"line":100,"column":0},"end":{"line":100,"column":31}}},"fnMap":{"1":{"name":"(anonymous_1)","decl":{"start":{"line":9,"column":22},"end":{"line":9,"column":23}},"loc":{"start":{"line":9,"column":34},"end":{"line":10,"column":1}}},"2":{"name":"(anonymous_2)","decl":{"start":{"line":24,"column":19},"end":{"line":24,"column":20}},"loc":{"start":{"line":24,"column":50},"end":{"line":69,"column":3}}},"3":{"name":"(anonymous_3)","decl":{"start":{"line":43,"column":53},"end":{"line":43,"column":54}},"loc":{"start":{"line":46,"column":8},"end":{"line":46,"column":44}}},"4":{"name":"(anonymous_4)","decl":{"start":{"line":78,"column":21},"end":{"line":78,"column":22}},"loc":{"start":{"line":78,"column":53},"end":{"line":90,"column":3}}},"5":{"name":"(anonymous_5)","decl":{"start":{"line":92,"column":16},"end":{"line":92,"column":17}},"loc":{"start":{"line":92,"column":43},"end":{"line":97,"column":3}}}},"branchMap":{"1":{"loc":{"start":{"line":34,"column":4},"end":{"line":36,"column":5}},"type":"if","locations":[{"start":{"line":34,"column":4},"end":{"line":36,"column":5}},{"start":{"line":34,"column":4},"end":{"line":36,"column":5}}]},"2":{"loc":{"start":{"line":50,"column":6},"end":{"line":52,"column":7}},"type":"if","locations":[{"start":{"line":50,"column":6},"end":{"line":52,"column":7}},{"start":{"line":50,"column":6},"end":{"line":52,"column":7}}]},"3":{"loc":{"start":{"line":50,"column":10},"end":{"line":50,"column":75}},"type":"binary-expr","locations":[{"start":{"line":50,"column":10},"end":{"line":50,"column":30}},{"start":{"line":50,"column":34},"end":{"line":50,"column":75}}]},"4":{"loc":{"start":{"line":61,"column":4},"end":{"line":66,"column":5}},"type":"if","locations":[{"start":{"line":61,"column":4},"end":{"line":66,"column":5}},{"start":{"line":61,"column":4},"end":{"line":66,"column":5}}]},"5":{"loc":{"start":{"line":79,"column":4},"end":{"line":89,"column":5}},"type":"if","locations":[{"start":{"line":79,"column":4},"end":{"line":89,"column":5}},{"start":{"line":79,"column":4},"end":{"line":89,"column":5}}]},"6":{"loc":{"start":{"line":85,"column":41},"end":{"line":85,"column":73}},"type":"binary-expr","locations":[{"start":{"line":85,"column":41},"end":{"line":85,"column":68}},{"start":{"line":85,"column":72},"end":{"line":85,"column":73}}]},"7":{"loc":{"start":{"line":93,"column":4},"end":{"line":95,"column":5}},"type":"if","locations":[{"start":{"line":93,"column":4},"end":{"line":95,"column":5}},{"start":{"line":93,"column":4},"end":{"line":95,"column":5}}]},"8":{"loc":{"start":{"line":93,"column":8},"end":{"line":93,"column":65}},"type":"binary-expr","locations":[{"start":{"line":93,"column":8},"end":{"line":93,"column":45}},{"start":{"line":93,"column":49},"end":{"line":93,"column":65}}]}},"s":{"1":1,"2":1,"3":1,"4":1,"5":0,"6":0,"7":0,"8":0,"9":0,"10":0,"11":0,"12":0,"13":0,"14":0,"15":0,"16":0,"17":0,"18":0,"19":0,"20":0,"21":0,"22":0,"23":0,"24":0,"25":0,"26":0,"27":1},"f":{"1":2,"2":0,"3":0,"4":0,"5":0},"b":{"1":[0,0],"2":[0,0],"3":[0,0],"4":[0,0],"5":[0,0],"6":[0,0],"7":[0,0],"8":[0,0]},"hash":"531ddb92460ba74633510ac7b308b8bdba00f021"},"D:\\src\\patternlab-node\\core\\lib\\lineage_hunter.js":{"path":"D:\\src\\patternlab-node\\core\\lib\\lineage_hunter.js","statementMap":{"1":{"start":{"line":2,"column":15},"end":{"line":2,"column":38}},"2":{"start":{"line":4,"column":23},"end":{"line":147,"column":1}},"3":{"start":{"line":8,"column":15},"end":{"line":8,"column":45}},"4":{"start":{"line":9,"column":30},"end":{"line":9,"column":38}},"5":{"start":{"line":12,"column":4},"end":{"line":12,"column":34}},"6":{"start":{"line":16,"column":20},"end":{"line":16,"column":42}},"7":{"start":{"line":17,"column":4},"end":{"line":60,"column":5}},"8":{"start":{"line":18,"column":6},"end":{"line":59,"column":9}},"9":{"start":{"line":20,"column":32},"end":{"line":20,"column":100}},"10":{"start":{"line":22,"column":8},"end":{"line":58,"column":9}},"11":{"start":{"line":24,"column":10},"end":{"line":24,"column":68}},"12":{"start":{"line":27,"column":20},"end":{"line":30,"column":11}},"13":{"start":{"line":31,"column":10},"end":{"line":33,"column":11}},"14":{"start":{"line":32,"column":12},"end":{"line":32,"column":58}},"15":{"start":{"line":35,"column":10},"end":{"line":35,"column":48}},"16":{"start":{"line":38,"column":10},"end":{"line":38,"column":58}},"17":{"start":{"line":40,"column":10},"end":{"line":40,"column":34}},"18":{"start":{"line":43,"column":10},"end":{"line":57,"column":11}},"19":{"start":{"line":44,"column":12},"end":{"line":44,"column":71}},"20":{"start":{"line":47,"column":23},"end":{"line":50,"column":13}},"21":{"start":{"line":51,"column":12},"end":{"line":53,"column":13}},"22":{"start":{"line":52,"column":14},"end":{"line":52,"column":53}},"23":{"start":{"line":55,"column":12},"end":{"line":55,"column":46}},"24":{"start":{"line":56,"column":12},"end":{"line":56,"column":63}},"25":{"start":{"line":72,"column":16},"end":{"line":72,"column":20}},"26":{"start":{"line":73,"column":4},"end":{"line":77,"column":5}},"27":{"start":{"line":74,"column":6},"end":{"line":74,"column":37}},"28":{"start":{"line":76,"column":6},"end":{"line":76,"column":38}},"29":{"start":{"line":80,"column":4},"end":{"line":84,"column":5}},"30":{"start":{"line":81,"column":6},"end":{"line":83,"column":7}},"31":{"start":{"line":82,"column":8},"end":{"line":82,"column":59}},"32":{"start":{"line":90,"column":4},"end":{"line":136,"column":5}},"33":{"start":{"line":91,"column":22},"end":{"line":91,"column":44}},"34":{"start":{"line":94,"column":6},"end":{"line":135,"column":7}},"35":{"start":{"line":95,"column":24},"end":{"line":95,"column":57}},"36":{"start":{"line":97,"c
[...]
ine":230,"column":3}}},"20":{"name":"(anonymous_20)","decl":{"start":{"line":237,"column":18},"end":{"line":237,"column":19}},"loc":{"start":{"line":237,"column":35},"end":{"line":239,"column":3}}},"21":{"name":"(anonymous_21)","decl":{"start":{"line":238,"column":21},"end":{"line":238,"column":22}},"loc":{"start":{"line":238,"column":26},"end":{"line":238,"column":46}}},"22":{"name":"(anonymous_22)","decl":{"start":{"line":249,"column":11},"end":{"line":249,"column":12}},"loc":{"start":{"line":249,"column":30},"end":{"line":252,"column":3}}},"23":{"name":"(anonymous_23)","decl":{"start":{"line":259,"column":12},"end":{"line":259,"column":13}},"loc":{"start":{"line":259,"column":31},"end":{"line":262,"column":3}}},"24":{"name":"(anonymous_24)","decl":{"start":{"line":270,"column":16},"end":{"line":270,"column":17}},"loc":{"start":{"line":270,"column":35},"end":{"line":273,"column":3}}},"25":{"name":"(anonymous_25)","decl":{"start":{"line":272,"column":23},"end":{"line":272,"column":24}},"loc":{"start":{"line":272,"column":28},"end":{"line":272,"column":44}}},"26":{"name":"(anonymous_26)","decl":{"start":{"line":283,"column":17},"end":{"line":283,"column":18}},"loc":{"start":{"line":283,"column":36},"end":{"line":286,"column":3}}},"27":{"name":"(anonymous_27)","decl":{"start":{"line":285,"column":24},"end":{"line":285,"column":25}},"loc":{"start":{"line":285,"column":29},"end":{"line":285,"column":45}}},"28":{"name":"(anonymous_28)","decl":{"start":{"line":292,"column":10},"end":{"line":292,"column":11}},"loc":{"start":{"line":292,"column":22},"end":{"line":298,"column":3}}},"29":{"name":"(anonymous_29)","decl":{"start":{"line":303,"column":9},"end":{"line":303,"column":10}},"loc":{"start":{"line":303,"column":21},"end":{"line":305,"column":3}}},"30":{"name":"(anonymous_30)","decl":{"start":{"line":310,"column":18},"end":{"line":310,"column":19}},"loc":{"start":{"line":310,"column":30},"end":{"line":312,"column":3}}},"31":{"name":"(anonymous_31)","decl":{"start":{"line":320,"column":21},"end":{"line":320,"column":22}},"loc":{"start":{"line":320,"column":40},"end":{"line":322,"column":1}}},"32":{"name":"(anonymous_32)","decl":{"start":{"line":329,"column":28},"end":{"line":329,"column":29}},"loc":{"start":{"line":329,"column":51},"end":{"line":331,"column":1}}},"33":{"name":"VersionMismatch","decl":{"start":{"line":339,"column":9},"end":{"line":339,"column":24}},"loc":{"start":{"line":339,"column":37},"end":{"line":342,"column":1}}},"34":{"name":"(anonymous_34)","decl":{"start":{"line":349,"column":24},"end":{"line":349,"column":25}},"loc":{"start":{"line":349,"column":37},"end":{"line":355,"column":1}}},"35":{"name":"(anonymous_35)","decl":{"start":{"line":363,"column":36},"end":{"line":363,"column":37}},"loc":{"start":{"line":363,"column":64},"end":{"line":365,"column":1}}},"36":{"name":"(anonymous_36)","decl":{"start":{"line":377,"column":28},"end":{"line":377,"column":29}},"loc":{"start":{"line":377,"column":56},"end":{"line":390,"column":1}}},"37":{"name":"(anonymous_37)","decl":{"start":{"line":399,"column":27},"end":{"line":399,"column":28}},"loc":{"start":{"line":399,"column":55},"end":{"line":403,"column":1}}},"38":{"name":"(anonymous_38)","decl":{"start":{"line":410,"column":27},"end":{"line":410,"column":28}},"loc":{"start":{"line":410,"column":55},"end":{"line":414,"column":1}}}},"branchMap":{"1":{"loc":{"start":{"line":40,"column":15},"end":{"line":42,"column":4}},"type":"binary-expr","locations":[{"start":{"line":40,"column":15},"end":{"line":40,"column":20}},{"start":{"line":40,"column":24},"end":{"line":42,"column":4}}]},"2":{"loc":{"start":{"line":48,"column":19},"end":{"line":48,"column":52}},"type":"binary-expr","locations":[{"start":{"line":48,"column":19},"end":{"line":48,"column":28}},{"start":{"line":48,"column":32},"end":{"line":48,"column":52}}]},"3":{"loc":{"start":{"line":49,"column":17},"end":{"line":49,"column":49}},"type":"binary-expr","locations":[{"start":{"line":49,"column":17},"end":{"line":49,"column":24}},{"start":{"line":49,"column":28},"end":{"line":49,"column":49}}]},"4":{"loc":{"start":{"line":54,"column":7},"end":{"line":54,"column":43}},"type":"cond-expr","locations":[{"start":{"line":54,"column":30},"end":{"line":54,"column":39}},{"start":{"line":54,"column":42},"end":{"line":54,"column":43}}]},"5":{"loc":{"start":{"line":91,"column":4},"end":{"line":97,"column":5}},"type":"if","locations":[{"start":{"line":91,"column":4},"end":{"line":97,"column":5}},{"start":{"line":91,"column":4},"end":{"line":97,"column":5}}]},"6":{"loc":{"start":{"line":112,"column":6},"end":{"line":114,"column":7}},"type":"if","locations":[{"start":{"line":112,"column":6},"end":{"line":114,"column":7}},{"start":{"line":112,"column":6},"end":{"line":114,"column":7}}]},"7":{"loc":{"start":{"line":131,"column":6},"end":{"line":133,"column":7}},"type":"if","locations":[{"start":{"line":131,"column":6},"end":{"line":133,"column":7}},{"start":{"line":131,"column":6},"end":{"line":133,"column":7}}]},"8":{"loc":{"start":{"line":181,"column":6},"end":{"line":183,"column":7}},"type":"if","locations":[{"start":{"line":181,"column":6},"end":{"line":183,"column":7}},{"start":{"line":181,"column":6},"end":{"line":183,"column":7}}]},"9":{"loc":{"start":{"line":189,"column":10},"end":{"line":191,"column":11}},"type":"if","locations":[{"start":{"line":189,"column":10},"end":{"line":191,"column":11}},{"start":{"line":189,"column":10},"end":{"line":191,"column":11}}]},"10":{"loc":{"start":{"line":193,"column":8},"end":{"line":195,"column":9}},"type":"if","locations":[{"start":{"line":193,"column":8},"end":{"line":195,"column":9}},{"start":{"line":193,"column":8},"end":{"line":195,"column":9}}]},"11":{"loc":{"start":{"line":321,"column":35},"end":{"line":321,"column":67}},"type":"binary-expr","locations":[{"start":{"line":321,"column":35},"end":{"line":321,"column":42}},{"start":{"line":321,"column":46},"end":{"line":321,"column":67}}]},"12":{"loc":{"start":{"line":350,"column":2},"end":{"line":352,"column":3}},"type":"if","locations":[{"start":{"line":350,"column":2},"end":{"line":352,"column":3}},{"start":{"line":350,"column":2},"end":{"line":352,"column":3}}]},"13":{"loc":{"start":{"line":364,"column":59},"end":{"line":364,"column":89}},"type":"binary-expr","locations":[{"start":{"line":364,"column":59},"end":{"line":364,"column":63}},{"start":{"line":364,"column":67},"end":{"line":364,"column":89}}]},"14":{"loc":{"start":{"line":381,"column":2},"end":{"line":383,"column":3}},"type":"if","locations":[{"start":{"line":381,"column":2},"end":{"line":383,"column":3}},{"start":{"line":381,"column":2},"end":{"line":383,"column":3}}]},"15":{"loc":{"start":{"line":386,"column":2},"end":{"line":388,"column":3}},"type":"if","locations":[{"start":{"line":386,"column":2},"end":{"line":388,"column":3}},{"start":{"line":386,"column":2},"end":{"line":388,"column":3}}]}},"s":{"1":1,"2":1,"3":1,"4":1,"5":1,"6":1,"7":1,"8":1,"9":1,"10":1,"11":0,"12":0,"13":0,"14":0,"15":0,"16":1,"17":0,"18":1,"19":0,"20":0,"21":0,"22":0,"23":0,"24":0,"25":0,"26":0,"27":0,"28":0,"29":0,"30":0,"31":0,"32":0,"33":0,"34":0,"35":0,"36":0,"37":0,"38":0,"39":0,"40":0,"41":0,"42":0,"43":0,"44":0,"45":0,"46":0,"47":0,"48":0,"49":0,"50":0,"51":0,"52":0,"53":0,"54":0,"55":0,"56":0,"57":0,"58":0,"59":0,"60":0,"61":0,"62":0,"63":0,"64":0,"65":0,"66":0,"67":0,"68":0,"69":0,"70":0,"71":0,"72":0,"73":0,"74":0,"75":0,"76":0,"77":0,"78":0,"79":0,"80":0,"81":0,"82":0,"83":0,"84":0,"85":0,"86":0,"87":0,"88":1,"89":0,"90":1,"91":0,"92":0,"93":0,"94":1,"95":0,"96":0,"97":0,"98":0,"99":1,"100":0,"101":1,"102":0,"103":0,"104":0,"105":0,"106":0,"107":0,"108":0,"109":1,"110":0,"111":0,"112":0,"113":1,"114":0,"115":0,"116":0,"117":1},"f":{"1":0,"2":0,"3":0,"4":0,"5":0,"6":0,"7":0,"8":0,"9":0,"10":0,"11":0,"12":0,"13":0,"14":0,"15":0,"16":0,"17":0,"18":0,"19":0,"20":0,"21":0,"22":0,"23":0,"24":0,"25":0,"26":0,"27":0,"28":0,"29":0,"30":0,"31":0,"32":0,"33":0,"34":0,"35":0,"36":0,"37":0,"38":0},"b":{"1":[0,0],"2":[0,0],"3":[0,0],"4":[0,0],"5":[0,0],"6":[0,0],"7":[0,0],"8":[0,0],"9":[0,0],"10":[0,0],"11":[0,0],"12":[0,0],"13":[0,0],"14":[0,0],"15":[0,0]},"hash":"9ff1423b80c56396ecceb704c7ac6b64de3cb576"},"D:\\src\\patternlab-node\\core\\lib\\pattern_graph_dot.js":{"path":"D:\\src\\patternlab-node\\core\\lib\\pattern_graph_dot.js","statementMap":{"1":{"start":{"line":8,"column":2},"end":{"line":18,"column":4}},"2":{"start":{"line":26,"column":16},"end":{"line":28,"column":1}},"3":{"start":{"line":27,"column":2},"end":{"line":27,"column":37}},"4":{"start":{"line":37,"column":13},"end":{"line":37,"column":15}},"5":{"start":{"line":38,"column":2},"end":{"line":40,"column":3}},"6":{"start":{"line":39,"column":4},"end":{"line":39,"column":31}},"7":{"start":{"line":41,"column":2},"end":{"line":41,"column":51}},"8":{"start":{"line":52,"column":2},"end":{"line":52,"column":62}},"9":{"start":{"line":62,"column":12},"end":{"line":62,"column":26}},"10":{"start":{"line":63,"column":2},"end":{"line":73,"column":4}},"11":{"start":{"line":78,"column":2},"end":{"line":78,"column":15}},"12":{"start":{"line":81,"column":24},"end":{"line":81,"column":26}},"13":{"start":{"line":88,"column":0},"end":{"line":142,"column":2}},"14":{"start":{"line":89,"column":12},"end":{"line":89,"column":30}},"15":{"start":{"line":90,"column":19},"end":{"line":90,"column":40}},"16":{"start":{"line":91,"column":18},"end":{"line":91,"column":27}},"17":{"start":{"line":92,"column":17},"end":{"line":92,"column":82}},"18":{"start":{"line":93,"column":19},"end":{"line":93,"column":28}},"19":{"start":{"line":94,"column":15},"end":{"line":94,"column":16}},"20":{"start":{"line":95,"column":2},"end":{"line":110,"column":3}},"21":{"start":{"line":96,"column":4},"end":{"line":98,"column":5}},"22":{"start":{"line":97,"column":6},"end":{"line":97,"column":15}},"23":{"start":{"line":99,"column":17},"end":{"line":99,"column":43}},"24":{"start":{"line":100,"column":4},"end":{"line":108,"column":5}},"25":{"start":{"line":101,"column":6},"end":{"line":101,"column":21}},"26":{"start":{"line":103,"column":6},"end":{"line":103,"column":19}},"27":{"start":{"line":104,"column":6},"end":{"line":104,"column":52}},"28":{"start":{"line":107,"column":6},"end":{"line":107,"column":38}},"29":{"start":{"line":109,"column":4},"end":{"line":109,"column":39}},"30":{"start":{"line":112,"column":12},"end":{"line":112,"column":20}},"31":{"start":{"line":113,"column":21},"end":{"line":113,"column":54}},"32":{"start":{"line":115,"column":19},"end":{"line":115,"column":42}},"33":{"start":{"line":117,"column":22},"end":{"line":117,"column":24}},"34":{"start":{"line":120,"column":2},"end":{"line":123,"column":3}},"35":{"start":{"line":121,"column":24},"end":{"line":121,"column":40}},"36":{"start":{"line":122,"column":4},"end":{"line":122,"column":69}},"37":{"start":{"line":124,"column":2},"end":{"line":124,"column":34}},"38":{"start":{"line":125,"column":2},"end":{"line":125,"column":33}},"39":{"start":{"line":128,"column":2},"end":{"line":137,"column":3}},"40":{"start":{"line":128,"column":7},"end":{"line":137,"column":3}},"41":{"start":{"line":129,"column":19},"end":{"line":129,"column":64}},"42":{"start":{"line":130,"column":4},"end":{"line":134,"column":5}},"43":{"start":{"line":131,"column":6},"end":{"line":133,"column":7}},"44":{"start":{"line":132,"column":8},"end":{"line":132,"column":21}},"45":{"start":{"line":135,"column":22},"end":{"line":135,"column":57}},"46":{"start":{"line":136,"column":4},"end":{"line":136,"column":55}},"47":{"start":{"line":139,"column":2},"end":{"line":139,"column":67}},"48":{"start":{"line":140,"column":2},"end":{"line":140,"column":29}},"49":{"start":{"line":141,"column":2},"end":{"line":141,"column":31}},"50":{"start":{"line":145,"column":0},"end":{"line":145,"column":33}}},"fnMap":{"1":{"name":"header","decl":{"start":{"line":7,"column":9},"end":{"line":7,"column":15}},"loc":{"start":{"line":7,"column":18},"end":{"line":19,"column":1}}},"2":{"name":"(anonymous_2)","decl":{"start":{"line":26,"column":16},"end":{"line":26,"column":17}},"loc":{"start":{"line":26,"column":32},"end":{"line":28,"column":1}}},"3":{"name":"addNode","decl":{"start":{"line":36,"column":9},"end":{"line":36,"column":16}},"loc":{"start":{"line":36,"column":26},"end":{"line":42,"column":1}}},"4":{"name":"addEdge","decl":{"start":{"line":51,"column":9},"end":{"line":51,"column":16}},"loc":{"start":{"line":51,"column":34},"end":{"line":53,"column":1}}},"5":{"name":"subGraph","decl":{"start":{"line":61,"column":9},"end":{"line":61,"column":17}},"loc":{"start":{"line":61,"column":35},"end":{"line":75,"column":1}}},"6":{"name":"footer","decl":{"start":{"line":77,"column":9},"end":{"line":77,"column":15}},"loc":{"start":{"line":77,"column":18},"end":{"line":79,"column":1}}},"7":{"name":"(anonymous_7)","decl":{"start":{"line":88,"column":27},"end":{"line":88,"column":28}},"loc":{"start":{"line":88,"column":51},"end":{"line":142,"column":1}}}},"branchMap":{"1":{"loc":{"start":{"line":38,"column":2},"end":{"line":40,"column":3}},"type":"if","locations":[{"start":{"line":38,"column":2},"end":{"line":40,"column":3}},{"start":{"line":38,"column":2},"end":{"line":40,"column":3}}]},"2":{"loc":{"start":{"line":96,"column":4},"end":{"line":98,"column":5}},"type":"if","locations":[{"start":{"line":96,"column":4},"end":{"line":98,"column":5}},{"start":{"line":96,"column":4},"end":{"line":98,"column":5}}]},"3":{"loc":{"start":{"line":96,"column":8},"end":{"line":96,"column":43}},"type":"binary-expr","locations":[{"start":{"line":96,"column":8},"end":{"line":96,"column":25}},{"start":{"line":96,"column":29},"end":{"line":96,"column":43}}]},"4":{"loc":{"start":{"line":100,"column":4},"end":{"line":108,"column":5}},"type":"if","locations":[{"start":{"line":100,"column":4},"end":{"line":108,"column":5}},{"start":{"line":100,"column":4},"end":{"line":108,"column":5}}]},"5":{"loc":{"start":{"line":131,"column":6},"end":{"line":133,"column":7}},"type":"if","locations":[{"start":{"line":131,"column":6},"end":{"line":133,"column":7}},{"start":{"line":131,"column":6},"end":{"line":133,"column":7}}]},"6":{"loc":{"start":{"line":131,"column":10},"end":{"line":131,"column":57}},"type":"binary-expr","locations":[{"start":{"line":131,"column":10},"end":{"line":131,"column":33}},{"start":{"line":131,"column":37},"end":{"line":131,"column":57}}]}},"s":{"1":0,"2":1,"3":0,"4":0,"5":0,"6":0,"7":0,"8":0,"9":0,"10":0,"11":0,"12":1,"13":1,"14":0,"15":0,"16":0,"17":0,"18":0,"19":0,"20":0,"21":0,"22":0,"23":0,"24":0,"25":0,"26":0,"27":0,"28":0,"29":0,"30":0,"31":0,"32":0,"33":0,"34":0,"35":0,"36":0,"37":0,"38":0,"39":0,"40":0,"41":0,"42":0,"43":0,"44":0,"45":0,"46":0,"47":0,"48":0,"49":0,"50":1},"f":{"1":0,"2":0,"3":0,"4":0,"5":0,"6":0,"7":0},"b":{"1":[0,0],"2":[0,0],"3":[0,0],"4":[0,0],"5":[0,0],"6":[0,0]},"hash":"d2954358ce2307f9e4e746291bab9865941a8bdc"},"D:\\src\\patternlab-node\\core\\lib\\pattern_registry.js":{"path":"D:\\src\\patternlab-node\\core\\lib\\pattern_registry.js","statementMap":{"1":{"start":{"line":7,"column":24},"end":{"line":12,"column":1}},"2":{"start":{"line":8,"column":2},"end":{"line":8,"column":31}},"3":{"start":{"line":11,"column":2},"end":{"line":11,"column":28}},"4":{"start":{"line":14,"column":0},"end":{"line":84,"column":2}},"5":{"start":{"line":17,"column":4},"end":{"line":17,"column":49}},"6":{"start":{"line":21,"column":4},"end":{"line":21,"column":38}},"7":{"start":{"line":25,"column":4},"end":{"line":25,"column":38}},"8":{"start":{"line":33,"column":17},"end":{"line":33,"column":53}},"9":{"start":{"line":34,"column":4},"end":{"line":34,"column":37}},"10":{"start":{"line":35,"column":16},"end":{"line":35,"column":51}},"11":{"start":{"line":36,"column":4},"end":{"line":36,"column":39}},"12":{"start":{"line":40,"column":4},"end":{"line":40,"column":34}},"13":{"start":{"line":53,"column":26},"end":{"line":53,"column":56}},"14":{"start":{"line":54,"column":4},"end":{"line":56,"column":5}},"15":{"start":{"line":55,"column":6},"end":{"line":55,"column":27}},"16":{"start":{"line":59,"column":21},"end":{"line":59,"column":39}},"17":{"start":{"line":62,"column":4},"end":{"line":68,"column":5}},"18":{"start":{"line":63,"column":6},"end":{"line":67,"column":7}},"19":{"start":{"line":66,"column":10},"end":{"line":66,"column":29}},"20":{"start":{"line":71,"column":4},"end":{"line":81,"column":5}},"21":{"start":{"line":72,"column":27},"end":{"line":72,"column":49}},"22":{"start":{"line":73,"column":22},"end":{"line":73,"column":37}},"23":{"start":{"line":74,"column":25},"end":{"line":74,"column":56}},"24":{"start":{"line":76,"column":29},"end":{"line":76,"column":55}},"25":{"start":{"line":77,"column":6},"end":{"line":80,"column":7}},"26":{"start":{"line":79,"column":8},"end":{"line":79,"column":27}},"27":{"start":{"line":82,"column":4},"end":{"line":82,"column":21}},"28":{"start":{"line":86,"column":0},"end":{"line":88,"column":2}},"29":{"start":{"line":87,"column":2},"end":{"line":87,"column":25}},"30":{"start":{"line":96,"column":0},"end":{"line":98,"column":2}},"31":{"start":{"line":97,"column":2},"end":{"line":97,"column":32}},"32":{"start":{"line":100,"column":0},"end":{"line":100,"column":33}}},"fnMap":{"1":{"name":"(anonymous_1)","decl":{"start":{"line":7,"column":24},"end":{"line":7,"column":25}},"loc":{"start":{"line":7,"column":36},"end":{"line":12,"column":1}}},"2":{"name":"(anonymous_2)","decl":{"start":{"line":16,"column":15},"end":{"line":16,"column":16}},"loc":{"start":{"line":16,"column":27},"end":{"line":18,"column":3}}},"3":{"name":"(anonymous_3)","decl":{"start":{"line":20,"column":7},"end":{"line":20,"column":8}},"loc":{"start":{"line":20,"column":23},"end":{"line":22,"column":3}}},"4":{"name":"(anonymous_4)","decl":{"start":{"line":24,"column":7},"end":{"line":24,"column":8}},"loc":{"start":{"line":24,"column":23},"end":{"line":26,"column":3}}},"5":{"name":"(anonymous_5)","decl":{"start":{"line":32,"column":7},"end":{"line":32,"column":8}},"loc":{"start":{"line":32,"column":26},"end":{"line":37,"column":3}}},"6":{"name":"(anonymous_6)","decl":{"start":{"line":39,"column":10},"end":{"line":39,"column":11}},"loc":{"start":{"line":39,"column":26},"end":{"line":41,"column":3}}},"7":{"name":"(anonymous_7)","decl":{"start":{"line":43,"column":14},"end":{"line":43,"column":15}},"loc":{"start":{"line":43,"column":37},"end":{"line":83,"column":3}}},"8":{"name":"(anonymous_8)","decl":{"start":{"line":86,"column":29},"end":{"line":86,"column":30}},"loc":{"start":{"line":86,"column":48},"end":{"line":88,"column":1}}},"9":{"name":"(anonymous_9)","decl":{"start":{"line":96,"column":30},"end":{"line":96,"column":31}},"loc":{"start":{"line":96,"column":49},"end":{"line":98,"column":1}}}},"branchMap":{"1":{"loc":{"start":{"line":54,"column":4},"end":{"line":56,"column":5}},"type":"if","locations":[{"start":{"line":54,"column":4},"end":{"line":56,"column":5}},{"start":{"line":54,"column":4},"end":{"line":56,"column":5}}]},"2":{"loc":{"start":{"line":63,"column":6},"end":{"line":67,"column":7}},"type":"switch","locations":[{"start":{"line":64,"column":8},"end":{"line":64,"column":33}},{"start":{"line":65,"column":8},"end":{"line":66,"column":29}}]},"3":{"loc":{"start":{"line":77,"column":6},"end":{"line":80,"column":7}},"type":"if","locations":[{"start":{"line":77,"column":6},"end":{"line":80,"column":7}},{"start":{"line":77,"column":6},"end":{"line":80,"column":7}}]},"4":{"loc":{"start":{"line":77,"column":10},"end":{"line":78,"column":54}},"type":"binary-expr","locations":[{"start":{"line":77,"column":10},"end":{"line":77,"column":54}},{"start":{"line":78,"column":11},"end":{"line":78,"column":54}}]}},"s":{"1":1,"2":0,"3":0,"4":1,"5":0,"6":0,"7":0,"8":0,"9":0,"10":0,"11":0,"12":0,"13":0,"14":0,"15":0,"16":0,"17":0,"18":0,"19":0,"20":0,"21":0,"22":0,"23":0,"24":0,"25":0,"26":0,"27":0,"28":1,"29":0,"30":1,"31":0,"32":1},"f":{"1":0,"2":0,"3":0,"4":0,"5":0,"6":0,"7":0,"8":0,"9":0},"b":{"1":[0,0],"2":[0,0],"3":[0,0],"4":[0,0]},"hash":"c4a7159729fe8df8b38c1bee7e5eb5eddd21e012"}}